{"E:\\ANTIGRAVITY\\BhashaSetuAI\\server\\PushReminders.js": {"path":"E:\\ANTIGRAVITY\\BhashaSetuAI\\server\\PushReminders.js","statementMap":{"0":{"start":{"line":1,"column":11},"end":{"line":1,"column":26}},"1":{"start":{"line":2,"column":16},"end":{"line":2,"column":35}},"2":{"start":{"line":3,"column":0},"end":{"line":3,"column":45}},"3":{"start":{"line":6,"column":15},"end":{"line":6,"column":20}},"4":{"start":{"line":7,"column":0},"end":{"line":16,"column":1}},"5":{"start":{"line":8,"column":2},"end":{"line":12,"column":4}},"6":{"start":{"line":13,"column":2},"end":{"line":13,"column":18}},"7":{"start":{"line":15,"column":2},"end":{"line":15,"column":73}},"8":{"start":{"line":18,"column":27},"end":{"line":57,"column":1}},"9":{"start":{"line":19,"column":2},"end":{"line":19,"column":24}},"10":{"start":{"line":19,"column":17},"end":{"line":19,"column":24}},"11":{"start":{"line":20,"column":2},"end":{"line":56,"column":3}},"12":{"start":{"line":21,"column":4},"end":{"line":21,"column":54}},"13":{"start":{"line":22,"column":28},"end":{"line":22,"column":77}},"14":{"start":{"line":24,"column":4},"end":{"line":27,"column":5}},"15":{"start":{"line":25,"column":6},"end":{"line":25,"column":70}},"16":{"start":{"line":26,"column":6},"end":{"line":26,"column":13}},"17":{"start":{"line":29,"column":20},"end":{"line":34,"column":6}},"18":{"start":{"line":36,"column":15},"end":{"line":36,"column":16}},"19":{"start":{"line":37,"column":25},"end":{"line":50,"column":6}},"20":{"start":{"line":38,"column":31},"end":{"line":41,"column":7}},"21":{"start":{"line":42,"column":6},"end":{"line":49,"column":11}},"22":{"start":{"line":43,"column":22},"end":{"line":43,"column":29}},"23":{"start":{"line":45,"column":10},"end":{"line":48,"column":11}},"24":{"start":{"line":47,"column":12},"end":{"line":47,"column":84}},"25":{"start":{"line":52,"column":4},"end":{"line":52,"column":36}},"26":{"start":{"line":53,"column":4},"end":{"line":53,"column":62}},"27":{"start":{"line":55,"column":4},"end":{"line":55,"column":59}},"28":{"start":{"line":59,"column":25},"end":{"line":64,"column":1}},"29":{"start":{"line":61,"column":2},"end":{"line":61,"column":48}},"30":{"start":{"line":63,"column":2},"end":{"line":63,"column":55}},"31":{"start":{"line":66,"column":0},"end":{"line":66,"column":38}}},"fnMap":{"0":{"name":"(anonymous_0)","decl":{"start":{"line":18,"column":27},"end":{"line":18,"column":28}},"loc":{"start":{"line":18,"column":39},"end":{"line":57,"column":1}},"line":18},"1":{"name":"(anonymous_1)","decl":{"start":{"line":37,"column":43},"end":{"line":37,"column":44}},"loc":{"start":{"line":37,"column":50},"end":{"line":50,"column":5}},"line":37},"2":{"name":"(anonymous_2)","decl":{"start":{"line":43,"column":14},"end":{"line":43,"column":15}},"loc":{"start":{"line":43,"column":20},"end":{"line":43,"column":31}},"line":43},"3":{"name":"(anonymous_3)","decl":{"start":{"line":44,"column":15},"end":{"line":44,"column":16}},"loc":{"start":{"line":44,"column":22},"end":{"line":49,"column":9}},"line":44},"4":{"name":"(anonymous_4)","decl":{"start":{"line":59,"column":25},"end":{"line":59,"column":26}},"loc":{"start":{"line":59,"column":31},"end":{"line":64,"column":1}},"line":59}},"branchMap":{"0":{"loc":{"start":{"line":19,"column":2},"end":{"line":19,"column":24}},"type":"if","locations":[{"start":{"line":19,"column":2},"end":{"line":19,"column":24}},{"start":{},"end":{}}],"line":19},"1":{"loc":{"start":{"line":24,"column":4},"end":{"line":27,"column":5}},"type":"if","locations":[{"start":{"line":24,"column":4},"end":{"line":27,"column":5}},{"start":{},"end":{}}],"line":24},"2":{"loc":{"start":{"line":45,"column":10},"end":{"line":48,"column":11}},"type":"if","locations":[{"start":{"line":45,"column":10},"end":{"line":48,"column":11}},{"start":{},"end":{}}],"line":45}},"s":{"0":2,"1":2,"2":2,"3":2,"4":2,"5":2,"6":2,"7":0,"8":2,"9":0,"10":0,"11":0,"12":0,"13":0,"14":0,"15":0,"16":0,"17":0,"18":0,"19":0,"20":0,"21":0,"22":0,"23":0,"24":0,"25":0,"26":0,"27":0,"28":2,"29":0,"30":0,"31":2},"f":{"0":0,"1":0,"2":0,"3":0,"4":0},"b":{"0":[0,0],"1":[0,0],"2":[0,0]},"_coverageSchema":"1a1c01bbd47fc00a2c39e90264f33305004495a9","hash":"e28aab5d12493c10a9cc1b11bbb0e4dc7d87c13d"}
,"E:\\ANTIGRAVITY\\BhashaSetuAI\\server\\index.js": {"path":"E:\\ANTIGRAVITY\\BhashaSetuAI\\server\\index.js","statementMap":{"0":{"start":{"line":1,"column":16},"end":{"line":1,"column":34}},"1":{"start":{"line":2,"column":13},"end":{"line":2,"column":28}},"2":{"start":{"line":3,"column":15},"end":{"line":3,"column":40}},"3":{"start":{"line":6,"column":27},"end":{"line":6,"column":38}},"4":{"start":{"line":7,"column":29},"end":{"line":7,"column":42}},"5":{"start":{"line":8,"column":28},"end":{"line":8,"column":40}},"6":{"start":{"line":9,"column":28},"end":{"line":9,"column":40}},"7":{"start":{"line":11,"column":0},"end":{"line":14,"column":2}},"8":{"start":{"line":12,"column":2},"end":{"line":12,"column":86}},"9":{"start":{"line":12,"column":28},"end":{"line":12,"column":73}},"10":{"start":{"line":13,"column":2},"end":{"line":13,"column":42}},"11":{"start":{"line":16,"column":0},"end":{"line":19,"column":2}},"12":{"start":{"line":17,"column":2},"end":{"line":17,"column":87}},"13":{"start":{"line":17,"column":29},"end":{"line":17,"column":74}},"14":{"start":{"line":18,"column":2},"end":{"line":18,"column":44}},"15":{"start":{"line":21,"column":0},"end":{"line":24,"column":2}},"16":{"start":{"line":22,"column":2},"end":{"line":22,"column":86}},"17":{"start":{"line":22,"column":28},"end":{"line":22,"column":73}},"18":{"start":{"line":23,"column":2},"end":{"line":23,"column":43}},"19":{"start":{"line":26,"column":0},"end":{"line":29,"column":2}},"20":{"start":{"line":27,"column":2},"end":{"line":27,"column":86}},"21":{"start":{"line":27,"column":28},"end":{"line":27,"column":73}},"22":{"start":{"line":28,"column":2},"end":{"line":28,"column":43}},"23":{"start":{"line":30,"column":15},"end":{"line":30,"column":32}},"24":{"start":{"line":31,"column":18},"end":{"line":31,"column":47}},"25":{"start":{"line":32,"column":0},"end":{"line":32,"column":27}},"26":{"start":{"line":34,"column":19},"end":{"line":34,"column":43}},"27":{"start":{"line":35,"column":25},"end":{"line":35,"column":55}},"28":{"start":{"line":36,"column":24},"end":{"line":36,"column":53}},"29":{"start":{"line":37,"column":23},"end":{"line":37,"column":51}},"30":{"start":{"line":38,"column":20},"end":{"line":38,"column":45}},"31":{"start":{"line":39,"column":20},"end":{"line":39,"column":45}},"32":{"start":{"line":40,"column":22},"end":{"line":40,"column":49}},"33":{"start":{"line":41,"column":23},"end":{"line":41,"column":51}},"34":{"start":{"line":42,"column":25},"end":{"line":42,"column":55}},"35":{"start":{"line":44,"column":12},"end":{"line":44,"column":21}},"36":{"start":{"line":45,"column":13},"end":{"line":45,"column":28}},"37":{"start":{"line":48,"column":0},"end":{"line":48,"column":18}},"38":{"start":{"line":49,"column":0},"end":{"line":52,"column":4}},"39":{"start":{"line":54,"column":19},"end":{"line":58,"column":2}},"40":{"start":{"line":59,"column":0},"end":{"line":59,"column":29}},"41":{"start":{"line":61,"column":0},"end":{"line":61,"column":24}},"42":{"start":{"line":62,"column":0},"end":{"line":62,"column":69}},"43":{"start":{"line":65,"column":0},"end":{"line":65,"column":33}},"44":{"start":{"line":66,"column":0},"end":{"line":66,"column":45}},"45":{"start":{"line":67,"column":0},"end":{"line":67,"column":43}},"46":{"start":{"line":68,"column":0},"end":{"line":68,"column":41}},"47":{"start":{"line":69,"column":0},"end":{"line":69,"column":35}},"48":{"start":{"line":70,"column":0},"end":{"line":70,"column":35}},"49":{"start":{"line":71,"column":0},"end":{"line":71,"column":39}},"50":{"start":{"line":72,"column":0},"end":{"line":72,"column":41}},"51":{"start":{"line":73,"column":0},"end":{"line":73,"column":45}},"52":{"start":{"line":76,"column":0},"end":{"line":78,"column":3}},"53":{"start":{"line":77,"column":2},"end":{"line":77,"column":83}},"54":{"start":{"line":80,"column":29},"end":{"line":80,"column":55}},"55":{"start":{"line":82,"column":13},"end":{"line":82,"column":37}},"56":{"start":{"line":84,"column":0},"end":{"line":89,"column":1}},"57":{"start":{"line":85,"column":2},"end":{"line":88,"column":5}},"58":{"start":{"line":86,"column":4},"end":{"line":86,"column":50}},"59":{"start":{"line":87,"column":4},"end":{"line":87,"column":23}},"60":{"start":{"line":91,"column":0},"end":{"line":91,"column":21}}},"fnMap":{"0":{"name":"(anonymous_0)","decl":{"start":{"line":11,"column":14},"end":{"line":11,"column":15}},"loc":{"start":{"line":11,"column":32},"end":{"line":14,"column":1}},"line":11},"1":{"name":"(anonymous_1)","decl":{"start":{"line":12,"column":23},"end":{"line":12,"column":24}},"loc":{"start":{"line":12,"column":28},"end":{"line":12,"column":73}},"line":12},"2":{"name":"(anonymous_2)","decl":{"start":{"line":16,"column":16},"end":{"line":16,"column":17}},"loc":{"start":{"line":16,"column":34},"end":{"line":19,"column":1}},"line":16},"3":{"name":"(anonymous_3)","decl":{"start":{"line":17,"column":24},"end":{"line":17,"column":25}},"loc":{"start":{"line":17,"column":29},"end":{"line":17,"column":74}},"line":17},"4":{"name":"(anonymous_4)","decl":{"start":{"line":21,"column":15},"end":{"line":21,"column":16}},"loc":{"start":{"line":21,"column":33},"end":{"line":24,"column":1}},"line":21},"5":{"name":"(anonymous_5)","decl":{"start":{"line":22,"column":23},"end":{"line":22,"column":24}},"loc":{"start":{"line":22,"column":28},"end":{"line":22,"column":73}},"line":22},"6":{"name":"(anonymous_6)","decl":{"start":{"line":26,"column":15},"end":{"line":26,"column":16}},"loc":{"start":{"line":26,"column":33},"end":{"line":29,"column":1}},"line":26},"7":{"name":"(anonymous_7)","decl":{"start":{"line":27,"column":23},"end":{"line":27,"column":24}},"loc":{"start":{"line":27,"column":28},"end":{"line":27,"column":73}},"line":27},"8":{"name":"(anonymous_8)","decl":{"start":{"line":76,"column":23},"end":{"line":76,"column":24}},"loc":{"start":{"line":76,"column":37},"end":{"line":78,"column":1}},"line":76},"9":{"name":"(anonymous_9)","decl":{"start":{"line":85,"column":19},"end":{"line":85,"column":20}},"loc":{"start":{"line":85,"column":25},"end":{"line":88,"column":3}},"line":85}},"branchMap":{"0":{"loc":{"start":{"line":12,"column":28},"end":{"line":12,"column":73}},"type":"cond-expr","locations":[{"start":{"line":12,"column":52},"end":{"line":12,"column":69}},{"start":{"line":12,"column":72},"end":{"line":12,"column":73}}],"line":12},"1":{"loc":{"start":{"line":17,"column":29},"end":{"line":17,"column":74}},"type":"cond-expr","locations":[{"start":{"line":17,"column":53},"end":{"line":17,"column":70}},{"start":{"line":17,"column":73},"end":{"line":17,"column":74}}],"line":17},"2":{"loc":{"start":{"line":22,"column":28},"end":{"line":22,"column":73}},"type":"cond-expr","locations":[{"start":{"line":22,"column":52},"end":{"line":22,"column":69}},{"start":{"line":22,"column":72},"end":{"line":22,"column":73}}],"line":22},"3":{"loc":{"start":{"line":27,"column":28},"end":{"line":27,"column":73}},"type":"cond-expr","locations":[{"start":{"line":27,"column":52},"end":{"line":27,"column":69}},{"start":{"line":27,"column":72},"end":{"line":27,"column":73}}],"line":27},"4":{"loc":{"start":{"line":50,"column":10},"end":{"line":50,"column":61}},"type":"binary-expr","locations":[{"start":{"line":50,"column":10},"end":{"line":50,"column":34}},{"start":{"line":50,"column":38},"end":{"line":50,"column":61}}],"line":50},"5":{"loc":{"start":{"line":82,"column":13},"end":{"line":82,"column":37}},"type":"binary-expr","locations":[{"start":{"line":82,"column":13},"end":{"line":82,"column":29}},{"start":{"line":82,"column":33},"end":{"line":82,"column":37}}],"line":82},"6":{"loc":{"start":{"line":84,"column":0},"end":{"line":89,"column":1}},"type":"if","locations":[{"start":{"line":84,"column":0},"end":{"line":89,"column":1}},{"start":{},"end":{}}],"line":84}},"s":{"0":2,"1":2,"2":2,"3":2,"4":2,"5":2,"6":2,"7":2,"8":40,"9":40,"10":40,"11":2,"12":0,"13":0,"14":0,"15":2,"16":0,"17":0,"18":0,"19":2,"20":0,"21":0,"22":0,"23":2,"24":2,"25":2,"26":2,"27":2,"28":2,"29":2,"30":2,"31":2,"32":2,"33":2,"34":2,"35":2,"36":2,"37":2,"38":2,"39":2,"40":2,"41":2,"42":2,"43":2,"44":2,"45":2,"46":2,"47":2,"48":2,"49":2,"50":2,"51":2,"52":2,"53":0,"54":2,"55":2,"56":2,"57":0,"58":0,"59":0,"60":2},"f":{"0":40,"1":40,"2":0,"3":0,"4":0,"5":0,"6":0,"7":0,"8":0,"9":0},"b":{"0":[0,40],"1":[0,0],"2":[0,0],"3":[0,0],"4":[2,2],"5":[2,0],"6":[0,2]},"_coverageSchema":"1a1c01bbd47fc00a2c39e90264f33305004495a9","hash":"80d07f69bd45633d6316f97085b0b4564e5d5446"}
,"E:\\ANTIGRAVITY\\BhashaSetuAI\\server\\routes\\activities.js": {"path":"E:\\ANTIGRAVITY\\BhashaSetuAI\\server\\routes\\activities.js","statementMap":{"0":{"start":{"line":1,"column":16},"end":{"line":1,"column":34}},"1":{"start":{"line":2,"column":13},"end":{"line":2,"column":28}},"2":{"start":{"line":3,"column":11},"end":{"line":3,"column":24}},"3":{"start":{"line":4,"column":12},"end":{"line":4,"column":35}},"4":{"start":{"line":5,"column":19},"end":{"line":5,"column":36}},"5":{"start":{"line":6,"column":24},"end":{"line":6,"column":48}},"6":{"start":{"line":7,"column":54},"end":{"line":7,"column":84}},"7":{"start":{"line":8,"column":0},"end":{"line":8,"column":45}},"8":{"start":{"line":10,"column":15},"end":{"line":10,"column":31}},"9":{"start":{"line":12,"column":20},"end":{"line":21,"column":1}},"10":{"start":{"line":13,"column":21},"end":{"line":13,"column":49}},"11":{"start":{"line":14,"column":2},"end":{"line":14,"column":82}},"12":{"start":{"line":14,"column":19},"end":{"line":14,"column":82}},"13":{"start":{"line":15,"column":16},"end":{"line":15,"column":40}},"14":{"start":{"line":16,"column":2},"end":{"line":20,"column":5}},"15":{"start":{"line":17,"column":4},"end":{"line":17,"column":71}},"16":{"start":{"line":17,"column":13},"end":{"line":17,"column":71}},"17":{"start":{"line":18,"column":4},"end":{"line":18,"column":33}},"18":{"start":{"line":19,"column":4},"end":{"line":19,"column":11}},"19":{"start":{"line":24,"column":17},"end":{"line":32,"column":1}},"20":{"start":{"line":25,"column":2},"end":{"line":31,"column":3}},"21":{"start":{"line":26,"column":21},"end":{"line":26,"column":62}},"22":{"start":{"line":27,"column":4},"end":{"line":27,"column":57}},"23":{"start":{"line":29,"column":4},"end":{"line":29,"column":62}},"24":{"start":{"line":30,"column":4},"end":{"line":30,"column":14}},"25":{"start":{"line":34,"column":14},"end":{"line":40,"column":1}},"26":{"start":{"line":44,"column":0},"end":{"line":55,"column":3}},"27":{"start":{"line":45,"column":19},"end":{"line":45,"column":29}},"28":{"start":{"line":46,"column":21},"end":{"line":46,"column":43}},"29":{"start":{"line":47,"column":24},"end":{"line":47,"column":55}},"30":{"start":{"line":49,"column":15},"end":{"line":49,"column":70}},"31":{"start":{"line":50,"column":2},"end":{"line":52,"column":3}},"32":{"start":{"line":51,"column":4},"end":{"line":51,"column":89}},"33":{"start":{"line":54,"column":2},"end":{"line":54,"column":24}},"34":{"start":{"line":59,"column":0},"end":{"line":80,"column":3}},"35":{"start":{"line":60,"column":19},"end":{"line":60,"column":29}},"36":{"start":{"line":61,"column":15},"end":{"line":61,"column":26}},"37":{"start":{"line":63,"column":2},"end":{"line":65,"column":3}},"38":{"start":{"line":64,"column":4},"end":{"line":64,"column":89}},"39":{"start":{"line":67,"column":21},"end":{"line":67,"column":43}},"40":{"start":{"line":68,"column":24},"end":{"line":68,"column":55}},"41":{"start":{"line":70,"column":14},"end":{"line":70,"column":18}},"42":{"start":{"line":71,"column":2},"end":{"line":75,"column":3}},"43":{"start":{"line":72,"column":18},"end":{"line":72,"column":48}},"44":{"start":{"line":73,"column":21},"end":{"line":73,"column":62}},"45":{"start":{"line":73,"column":42},"end":{"line":73,"column":61}},"46":{"start":{"line":74,"column":4},"end":{"line":74,"column":37}},"47":{"start":{"line":77,"column":26},"end":{"line":77,"column":95}},"48":{"start":{"line":79,"column":2},"end":{"line":79,"column":46}},"49":{"start":{"line":84,"column":0},"end":{"line":130,"column":3}},"50":{"start":{"line":85,"column":2},"end":{"line":85,"column":47}},"51":{"start":{"line":86,"column":17},"end":{"line":86,"column":67}},"52":{"start":{"line":87,"column":25},"end":{"line":87,"column":105}},"53":{"start":{"line":88,"column":21},"end":{"line":88,"column":142}},"54":{"start":{"line":90,"column":37},"end":{"line":90,"column":45}},"55":{"start":{"line":92,"column":2},"end":{"line":94,"column":3}},"56":{"start":{"line":93,"column":4},"end":{"line":93,"column":89}},"57":{"start":{"line":96,"column":25},"end":{"line":99,"column":3}},"58":{"start":{"line":98,"column":26},"end":{"line":98,"column":62}},"59":{"start":{"line":101,"column":2},"end":{"line":129,"column":3}},"60":{"start":{"line":102,"column":19},"end":{"line":105,"column":6}},"61":{"start":{"line":106,"column":4},"end":{"line":106,"column":66}},"62":{"start":{"line":108,"column":4},"end":{"line":108,"column":57}},"63":{"start":{"line":109,"column":4},"end":{"line":128,"column":5}},"64":{"start":{"line":110,"column":21},"end":{"line":110,"column":136}},"65":{"start":{"line":110,"column":97},"end":{"line":110,"column":122}},"66":{"start":{"line":111,"column":24},"end":{"line":114,"column":8}},"67":{"start":{"line":115,"column":6},"end":{"line":115,"column":49}},"68":{"start":{"line":117,"column":6},"end":{"line":117,"column":68}},"69":{"start":{"line":118,"column":6},"end":{"line":127,"column":7}},"70":{"start":{"line":119,"column":25},"end":{"line":122,"column":10}},"71":{"start":{"line":123,"column":8},"end":{"line":123,"column":72}},"72":{"start":{"line":125,"column":8},"end":{"line":125,"column":69}},"73":{"start":{"line":126,"column":8},"end":{"line":126,"column":102}},"74":{"start":{"line":132,"column":0},"end":{"line":132,"column":24}}},"fnMap":{"0":{"name":"(anonymous_0)","decl":{"start":{"line":12,"column":20},"end":{"line":12,"column":21}},"loc":{"start":{"line":12,"column":40},"end":{"line":21,"column":1}},"line":12},"1":{"name":"(anonymous_1)","decl":{"start":{"line":16,"column":69},"end":{"line":16,"column":70}},"loc":{"start":{"line":16,"column":87},"end":{"line":20,"column":3}},"line":16},"2":{"name":"(anonymous_2)","decl":{"start":{"line":24,"column":17},"end":{"line":24,"column":18}},"loc":{"start":{"line":24,"column":31},"end":{"line":32,"column":1}},"line":24},"3":{"name":"(anonymous_3)","decl":{"start":{"line":44,"column":31},"end":{"line":44,"column":32}},"loc":{"start":{"line":44,"column":51},"end":{"line":55,"column":1}},"line":44},"4":{"name":"(anonymous_4)","decl":{"start":{"line":59,"column":21},"end":{"line":59,"column":22}},"loc":{"start":{"line":59,"column":41},"end":{"line":80,"column":1}},"line":59},"5":{"name":"(anonymous_5)","decl":{"start":{"line":73,"column":36},"end":{"line":73,"column":37}},"loc":{"start":{"line":73,"column":42},"end":{"line":73,"column":61}},"line":73},"6":{"name":"(anonymous_6)","decl":{"start":{"line":84,"column":34},"end":{"line":84,"column":35}},"loc":{"start":{"line":84,"column":54},"end":{"line":130,"column":1}},"line":84},"7":{"name":"(anonymous_7)","decl":{"start":{"line":98,"column":20},"end":{"line":98,"column":21}},"loc":{"start":{"line":98,"column":26},"end":{"line":98,"column":62}},"line":98},"8":{"name":"(anonymous_8)","decl":{"start":{"line":110,"column":92},"end":{"line":110,"column":93}},"loc":{"start":{"line":110,"column":97},"end":{"line":110,"column":122}},"line":110}},"branchMap":{"0":{"loc":{"start":{"line":14,"column":2},"end":{"line":14,"column":82}},"type":"if","locations":[{"start":{"line":14,"column":2},"end":{"line":14,"column":82}},{"start":{},"end":{}}],"line":14},"1":{"loc":{"start":{"line":16,"column":20},"end":{"line":16,"column":67}},"type":"binary-expr","locations":[{"start":{"line":16,"column":20},"end":{"line":16,"column":42}},{"start":{"line":16,"column":46},"end":{"line":16,"column":67}}],"line":16},"2":{"loc":{"start":{"line":17,"column":4},"end":{"line":17,"column":71}},"type":"if","locations":[{"start":{"line":17,"column":4},"end":{"line":17,"column":71}},{"start":{},"end":{}}],"line":17},"3":{"loc":{"start":{"line":46,"column":21},"end":{"line":46,"column":43}},"type":"binary-expr","locations":[{"start":{"line":46,"column":21},"end":{"line":46,"column":35}},{"start":{"line":46,"column":39},"end":{"line":46,"column":43}}],"line":46},"4":{"loc":{"start":{"line":47,"column":24},"end":{"line":47,"column":55}},"type":"binary-expr","locations":[{"start":{"line":47,"column":24},"end":{"line":47,"column":47}},{"start":{"line":47,"column":51},"end":{"line":47,"column":55}}],"line":47},"5":{"loc":{"start":{"line":50,"column":2},"end":{"line":52,"column":3}},"type":"if","locations":[{"start":{"line":50,"column":2},"end":{"line":52,"column":3}},{"start":{},"end":{}}],"line":50},"6":{"loc":{"start":{"line":63,"column":2},"end":{"line":65,"column":3}},"type":"if","locations":[{"start":{"line":63,"column":2},"end":{"line":65,"column":3}},{"start":{},"end":{}}],"line":63},"7":{"loc":{"start":{"line":63,"column":6},"end":{"line":63,"column":32}},"type":"binary-expr","locations":[{"start":{"line":63,"column":6},"end":{"line":63,"column":11}},{"start":{"line":63,"column":15},"end":{"line":63,"column":32}}],"line":63},"8":{"loc":{"start":{"line":67,"column":21},"end":{"line":67,"column":43}},"type":"binary-expr","locations":[{"start":{"line":67,"column":21},"end":{"line":67,"column":35}},{"start":{"line":67,"column":39},"end":{"line":67,"column":43}}],"line":67},"9":{"loc":{"start":{"line":68,"column":24},"end":{"line":68,"column":55}},"type":"binary-expr","locations":[{"start":{"line":68,"column":24},"end":{"line":68,"column":47}},{"start":{"line":68,"column":51},"end":{"line":68,"column":55}}],"line":68},"10":{"loc":{"start":{"line":71,"column":2},"end":{"line":75,"column":3}},"type":"if","locations":[{"start":{"line":71,"column":2},"end":{"line":75,"column":3}},{"start":{},"end":{}}],"line":71},"11":{"loc":{"start":{"line":72,"column":18},"end":{"line":72,"column":48}},"type":"binary-expr","locations":[{"start":{"line":72,"column":18},"end":{"line":72,"column":43}},{"start":{"line":72,"column":47},"end":{"line":72,"column":48}}],"line":72},"12":{"loc":{"start":{"line":87,"column":46},"end":{"line":87,"column":102}},"type":"binary-expr","locations":[{"start":{"line":87,"column":46},"end":{"line":87,"column":81}},{"start":{"line":87,"column":85},"end":{"line":87,"column":102}}],"line":87},"13":{"loc":{"start":{"line":88,"column":47},"end":{"line":88,"column":139}},"type":"binary-expr","locations":[{"start":{"line":88,"column":47},"end":{"line":88,"column":88}},{"start":{"line":88,"column":92},"end":{"line":88,"column":118}},{"start":{"line":88,"column":122},"end":{"line":88,"column":139}}],"line":88},"14":{"loc":{"start":{"line":92,"column":2},"end":{"line":94,"column":3}},"type":"if","locations":[{"start":{"line":92,"column":2},"end":{"line":94,"column":3}},{"start":{},"end":{}}],"line":92},"15":{"loc":{"start":{"line":92,"column":6},"end":{"line":92,"column":60}},"type":"binary-expr","locations":[{"start":{"line":92,"column":6},"end":{"line":92,"column":19}},{"start":{"line":92,"column":23},"end":{"line":92,"column":32}},{"start":{"line":92,"column":36},"end":{"line":92,"column":60}}],"line":92}},"s":{"0":2,"1":2,"2":2,"3":2,"4":2,"5":2,"6":2,"7":2,"8":2,"9":2,"10":0,"11":0,"12":0,"13":0,"14":0,"15":0,"16":0,"17":0,"18":0,"19":2,"20":10,"21":10,"22":10,"23":0,"24":0,"25":2,"26":2,"27":0,"28":0,"29":0,"30":0,"31":0,"32":0,"33":0,"34":2,"35":0,"36":0,"37":0,"38":0,"39":0,"40":0,"41":0,"42":0,"43":0,"44":0,"45":0,"46":0,"47":0,"48":0,"49":2,"50":0,"51":0,"52":0,"53":0,"54":0,"55":0,"56":0,"57":0,"58":0,"59":0,"60":0,"61":0,"62":0,"63":0,"64":0,"65":0,"66":0,"67":0,"68":0,"69":0,"70":0,"71":0,"72":0,"73":0,"74":2},"f":{"0":0,"1":0,"2":10,"3":0,"4":0,"5":0,"6":0,"7":0,"8":0},"b":{"0":[0,0],"1":[0,0],"2":[0,0],"3":[0,0],"4":[0,0],"5":[0,0],"6":[0,0],"7":[0,0],"8":[0,0],"9":[0,0],"10":[0,0],"11":[0,0],"12":[0,0],"13":[0,0,0],"14":[0,0],"15":[0,0,0]},"_coverageSchema":"1a1c01bbd47fc00a2c39e90264f33305004495a9","hash":"a475e0172e50f800f7e60797154562a071199426"}
,"E:\\ANTIGRAVITY\\BhashaSetuAI\\server\\routes\\admin.js": {"path":"E:\\ANTIGRAVITY\\BhashaSetuAI\\server\\routes\\admin.js","statementMap":{"0":{"start":{"line":1,"column":16},"end":{"line":1,"column":34}},"1":{"start":{"line":2,"column":12},"end":{"line":2,"column":35}},"2":{"start":{"line":3,"column":11},"end":{"line":3,"column":27}},"3":{"start":{"line":5,"column":15},"end":{"line":5,"column":31}},"4":{"start":{"line":7,"column":25},"end":{"line":19,"column":1}},"5":{"start":{"line":8,"column":21},"end":{"line":8,"column":49}},"6":{"start":{"line":9,"column":2},"end":{"line":9,"column":82}},"7":{"start":{"line":9,"column":19},"end":{"line":9,"column":82}},"8":{"start":{"line":11,"column":16},"end":{"line":11,"column":40}},"9":{"start":{"line":13,"column":2},"end":{"line":18,"column":5}},"10":{"start":{"line":14,"column":4},"end":{"line":14,"column":71}},"11":{"start":{"line":14,"column":13},"end":{"line":14,"column":71}},"12":{"start":{"line":15,"column":4},"end":{"line":15,"column":108}},"13":{"start":{"line":15,"column":34},"end":{"line":15,"column":108}},"14":{"start":{"line":16,"column":4},"end":{"line":16,"column":33}},"15":{"start":{"line":17,"column":4},"end":{"line":17,"column":11}},"16":{"start":{"line":21,"column":0},"end":{"line":41,"column":3}},"17":{"start":{"line":22,"column":2},"end":{"line":40,"column":3}},"18":{"start":{"line":23,"column":23},"end":{"line":23,"column":99}},"19":{"start":{"line":24,"column":26},"end":{"line":24,"column":43}},"20":{"start":{"line":26,"column":29},"end":{"line":26,"column":93}},"21":{"start":{"line":27,"column":21},"end":{"line":27,"column":103}},"22":{"start":{"line":29,"column":27},"end":{"line":29,"column":110}},"23":{"start":{"line":30,"column":29},"end":{"line":30,"column":50}},"24":{"start":{"line":32,"column":4},"end":{"line":36,"column":7}},"25":{"start":{"line":38,"column":4},"end":{"line":38,"column":23}},"26":{"start":{"line":39,"column":4},"end":{"line":39,"column":75}},"27":{"start":{"line":43,"column":0},"end":{"line":99,"column":3}},"28":{"start":{"line":44,"column":2},"end":{"line":98,"column":3}},"29":{"start":{"line":45,"column":23},"end":{"line":45,"column":99}},"30":{"start":{"line":46,"column":26},"end":{"line":46,"column":43}},"31":{"start":{"line":48,"column":29},"end":{"line":48,"column":93}},"32":{"start":{"line":49,"column":21},"end":{"line":49,"column":103}},"33":{"start":{"line":51,"column":27},"end":{"line":51,"column":110}},"34":{"start":{"line":52,"column":29},"end":{"line":52,"column":50}},"35":{"start":{"line":55,"column":23},"end":{"line":55,"column":159}},"36":{"start":{"line":58,"column":24},"end":{"line":58,"column":117}},"37":{"start":{"line":61,"column":22},"end":{"line":61,"column":131}},"38":{"start":{"line":62,"column":16},"end":{"line":62,"column":32}},"39":{"start":{"line":64,"column":23},"end":{"line":64,"column":157}},"40":{"start":{"line":65,"column":27},"end":{"line":65,"column":44}},"41":{"start":{"line":66,"column":31},"end":{"line":66,"column":85}},"42":{"start":{"line":68,"column":21},"end":{"line":68,"column":98}},"43":{"start":{"line":69,"column":20},"end":{"line":69,"column":42}},"44":{"start":{"line":71,"column":28},"end":{"line":71,"column":136}},"45":{"start":{"line":73,"column":33},"end":{"line":76,"column":7}},"46":{"start":{"line":73,"column":63},"end":{"line":73,"column":86}},"47":{"start":{"line":73,"column":114},"end":{"line":76,"column":5}},"48":{"start":{"line":78,"column":4},"end":{"line":94,"column":7}},"49":{"start":{"line":96,"column":4},"end":{"line":96,"column":23}},"50":{"start":{"line":97,"column":4},"end":{"line":97,"column":73}},"51":{"start":{"line":101,"column":0},"end":{"line":141,"column":3}},"52":{"start":{"line":102,"column":2},"end":{"line":140,"column":3}},"53":{"start":{"line":103,"column":17},"end":{"line":103,"column":46}},"54":{"start":{"line":104,"column":18},"end":{"line":104,"column":49}},"55":{"start":{"line":105,"column":19},"end":{"line":105,"column":37}},"56":{"start":{"line":107,"column":18},"end":{"line":120,"column":5}},"57":{"start":{"line":121,"column":23},"end":{"line":121,"column":61}},"58":{"start":{"line":123,"column":23},"end":{"line":123,"column":83}},"59":{"start":{"line":124,"column":24},"end":{"line":124,"column":50}},"60":{"start":{"line":125,"column":23},"end":{"line":125,"column":41}},"61":{"start":{"line":126,"column":23},"end":{"line":126,"column":52}},"62":{"start":{"line":128,"column":4},"end":{"line":136,"column":7}},"63":{"start":{"line":138,"column":4},"end":{"line":138,"column":23}},"64":{"start":{"line":139,"column":4},"end":{"line":139,"column":72}},"65":{"start":{"line":143,"column":0},"end":{"line":171,"column":3}},"66":{"start":{"line":144,"column":2},"end":{"line":170,"column":3}},"67":{"start":{"line":145,"column":19},"end":{"line":145,"column":32}},"68":{"start":{"line":146,"column":19},"end":{"line":146,"column":154}},"69":{"start":{"line":147,"column":4},"end":{"line":147,"column":84}},"70":{"start":{"line":147,"column":22},"end":{"line":147,"column":84}},"71":{"start":{"line":149,"column":31},"end":{"line":155,"column":16}},"72":{"start":{"line":157,"column":26},"end":{"line":157,"column":132}},"73":{"start":{"line":159,"column":21},"end":{"line":159,"column":142}},"74":{"start":{"line":161,"column":4},"end":{"line":166,"column":7}},"75":{"start":{"line":168,"column":4},"end":{"line":168,"column":23}},"76":{"start":{"line":169,"column":4},"end":{"line":169,"column":79}},"77":{"start":{"line":173,"column":0},"end":{"line":181,"column":3}},"78":{"start":{"line":174,"column":2},"end":{"line":180,"column":3}},"79":{"start":{"line":175,"column":4},"end":{"line":175,"column":96}},"80":{"start":{"line":176,"column":4},"end":{"line":176,"column":70}},"81":{"start":{"line":178,"column":4},"end":{"line":178,"column":23}},"82":{"start":{"line":179,"column":4},"end":{"line":179,"column":71}},"83":{"start":{"line":183,"column":15},"end":{"line":183,"column":32}},"84":{"start":{"line":184,"column":0},"end":{"line":208,"column":3}},"85":{"start":{"line":185,"column":2},"end":{"line":207,"column":3}},"86":{"start":{"line":186,"column":99},"end":{"line":186,"column":107}},"87":{"start":{"line":189,"column":23},"end":{"line":189,"column":89}},"88":{"start":{"line":190,"column":4},"end":{"line":192,"column":5}},"89":{"start":{"line":191,"column":6},"end":{"line":191,"column":76}},"90":{"start":{"line":194,"column":17},"end":{"line":194,"column":41}},"91":{"start":{"line":195,"column":27},"end":{"line":195,"column":60}},"92":{"start":{"line":197,"column":4},"end":{"line":201,"column":6}},"93":{"start":{"line":203,"column":4},"end":{"line":203,"column":68}},"94":{"start":{"line":205,"column":4},"end":{"line":205,"column":23}},"95":{"start":{"line":206,"column":4},"end":{"line":206,"column":69}},"96":{"start":{"line":210,"column":0},"end":{"line":223,"column":3}},"97":{"start":{"line":211,"column":2},"end":{"line":222,"column":3}},"98":{"start":{"line":212,"column":22},"end":{"line":217,"column":6}},"99":{"start":{"line":218,"column":4},"end":{"line":218,"column":38}},"100":{"start":{"line":220,"column":4},"end":{"line":220,"column":23}},"101":{"start":{"line":221,"column":4},"end":{"line":221,"column":71}},"102":{"start":{"line":225,"column":0},"end":{"line":234,"column":3}},"103":{"start":{"line":226,"column":2},"end":{"line":233,"column":3}},"104":{"start":{"line":227,"column":43},"end":{"line":227,"column":51}},"105":{"start":{"line":228,"column":4},"end":{"line":228,"column":134}},"106":{"start":{"line":229,"column":4},"end":{"line":229,"column":69}},"107":{"start":{"line":231,"column":4},"end":{"line":231,"column":23}},"108":{"start":{"line":232,"column":4},"end":{"line":232,"column":70}},"109":{"start":{"line":236,"column":0},"end":{"line":245,"column":3}},"110":{"start":{"line":237,"column":2},"end":{"line":244,"column":3}},"111":{"start":{"line":238,"column":43},"end":{"line":238,"column":51}},"112":{"start":{"line":239,"column":4},"end":{"line":239,"column":161}},"113":{"start":{"line":240,"column":4},"end":{"line":240,"column":69}},"114":{"start":{"line":242,"column":4},"end":{"line":242,"column":23}},"115":{"start":{"line":243,"column":4},"end":{"line":243,"column":70}},"116":{"start":{"line":247,"column":0},"end":{"line":255,"column":3}},"117":{"start":{"line":248,"column":2},"end":{"line":254,"column":3}},"118":{"start":{"line":249,"column":4},"end":{"line":249,"column":79}},"119":{"start":{"line":250,"column":4},"end":{"line":250,"column":69}},"120":{"start":{"line":252,"column":4},"end":{"line":252,"column":23}},"121":{"start":{"line":253,"column":4},"end":{"line":253,"column":70}},"122":{"start":{"line":257,"column":0},"end":{"line":269,"column":3}},"123":{"start":{"line":258,"column":2},"end":{"line":268,"column":3}},"124":{"start":{"line":259,"column":24},"end":{"line":259,"column":32}},"125":{"start":{"line":261,"column":4},"end":{"line":263,"column":5}},"126":{"start":{"line":262,"column":6},"end":{"line":262,"column":123}},"127":{"start":{"line":264,"column":4},"end":{"line":264,"column":75}},"128":{"start":{"line":266,"column":4},"end":{"line":266,"column":23}},"129":{"start":{"line":267,"column":4},"end":{"line":267,"column":73}},"130":{"start":{"line":271,"column":0},"end":{"line":289,"column":3}},"131":{"start":{"line":272,"column":2},"end":{"line":288,"column":3}},"132":{"start":{"line":273,"column":21},"end":{"line":273,"column":34}},"133":{"start":{"line":274,"column":23},"end":{"line":282,"column":28}},"134":{"start":{"line":284,"column":4},"end":{"line":284,"column":39}},"135":{"start":{"line":286,"column":4},"end":{"line":286,"column":23}},"136":{"start":{"line":287,"column":4},"end":{"line":287,"column":79}},"137":{"start":{"line":291,"column":0},"end":{"line":307,"column":3}},"138":{"start":{"line":292,"column":2},"end":{"line":306,"column":3}},"139":{"start":{"line":293,"column":21},"end":{"line":293,"column":34}},"140":{"start":{"line":294,"column":24},"end":{"line":294,"column":32}},"141":{"start":{"line":296,"column":23},"end":{"line":296,"column":123}},"142":{"start":{"line":297,"column":4},"end":{"line":299,"column":5}},"143":{"start":{"line":298,"column":6},"end":{"line":298,"column":87}},"144":{"start":{"line":301,"column":4},"end":{"line":301,"column":102}},"145":{"start":{"line":302,"column":4},"end":{"line":302,"column":70}},"146":{"start":{"line":304,"column":4},"end":{"line":304,"column":23}},"147":{"start":{"line":305,"column":4},"end":{"line":305,"column":71}},"148":{"start":{"line":310,"column":0},"end":{"line":323,"column":3}},"149":{"start":{"line":311,"column":2},"end":{"line":322,"column":3}},"150":{"start":{"line":312,"column":28},"end":{"line":317,"column":6}},"151":{"start":{"line":318,"column":4},"end":{"line":318,"column":44}},"152":{"start":{"line":320,"column":4},"end":{"line":320,"column":23}},"153":{"start":{"line":321,"column":4},"end":{"line":321,"column":77}},"154":{"start":{"line":325,"column":0},"end":{"line":334,"column":3}},"155":{"start":{"line":326,"column":2},"end":{"line":333,"column":3}},"156":{"start":{"line":327,"column":47},"end":{"line":327,"column":55}},"157":{"start":{"line":328,"column":4},"end":{"line":328,"column":140}},"158":{"start":{"line":329,"column":4},"end":{"line":329,"column":75}},"159":{"start":{"line":331,"column":4},"end":{"line":331,"column":23}},"160":{"start":{"line":332,"column":4},"end":{"line":332,"column":76}},"161":{"start":{"line":336,"column":0},"end":{"line":345,"column":3}},"162":{"start":{"line":337,"column":2},"end":{"line":344,"column":3}},"163":{"start":{"line":338,"column":19},"end":{"line":338,"column":29}},"164":{"start":{"line":339,"column":4},"end":{"line":339,"column":67}},"165":{"start":{"line":340,"column":4},"end":{"line":340,"column":75}},"166":{"start":{"line":342,"column":4},"end":{"line":342,"column":23}},"167":{"start":{"line":343,"column":4},"end":{"line":343,"column":76}},"168":{"start":{"line":348,"column":0},"end":{"line":369,"column":3}},"169":{"start":{"line":349,"column":2},"end":{"line":368,"column":3}},"170":{"start":{"line":351,"column":18},"end":{"line":362,"column":5}},"171":{"start":{"line":363,"column":19},"end":{"line":363,"column":40}},"172":{"start":{"line":364,"column":4},"end":{"line":364,"column":41}},"173":{"start":{"line":366,"column":4},"end":{"line":366,"column":23}},"174":{"start":{"line":367,"column":4},"end":{"line":367,"column":77}},"175":{"start":{"line":372,"column":0},"end":{"line":384,"column":3}},"176":{"start":{"line":373,"column":2},"end":{"line":383,"column":3}},"177":{"start":{"line":374,"column":19},"end":{"line":374,"column":68}},"178":{"start":{"line":375,"column":21},"end":{"line":378,"column":10}},"179":{"start":{"line":376,"column":6},"end":{"line":376,"column":47}},"180":{"start":{"line":377,"column":6},"end":{"line":377,"column":17}},"181":{"start":{"line":379,"column":4},"end":{"line":379,"column":39}},"182":{"start":{"line":381,"column":4},"end":{"line":381,"column":23}},"183":{"start":{"line":382,"column":4},"end":{"line":382,"column":72}},"184":{"start":{"line":386,"column":0},"end":{"line":397,"column":3}},"185":{"start":{"line":387,"column":2},"end":{"line":396,"column":3}},"186":{"start":{"line":388,"column":25},"end":{"line":388,"column":33}},"187":{"start":{"line":389,"column":4},"end":{"line":391,"column":5}},"188":{"start":{"line":390,"column":6},"end":{"line":390,"column":160}},"189":{"start":{"line":392,"column":4},"end":{"line":392,"column":71}},"190":{"start":{"line":394,"column":4},"end":{"line":394,"column":23}},"191":{"start":{"line":395,"column":4},"end":{"line":395,"column":72}},"192":{"start":{"line":399,"column":0},"end":{"line":399,"column":24}}},"fnMap":{"0":{"name":"(anonymous_0)","decl":{"start":{"line":7,"column":25},"end":{"line":7,"column":26}},"loc":{"start":{"line":7,"column":45},"end":{"line":19,"column":1}},"line":7},"1":{"name":"(anonymous_1)","decl":{"start":{"line":13,"column":69},"end":{"line":13,"column":70}},"loc":{"start":{"line":13,"column":87},"end":{"line":18,"column":3}},"line":13},"2":{"name":"(anonymous_2)","decl":{"start":{"line":21,"column":39},"end":{"line":21,"column":40}},"loc":{"start":{"line":21,"column":59},"end":{"line":41,"column":1}},"line":21},"3":{"name":"(anonymous_3)","decl":{"start":{"line":43,"column":43},"end":{"line":43,"column":44}},"loc":{"start":{"line":43,"column":63},"end":{"line":99,"column":1}},"line":43},"4":{"name":"(anonymous_4)","decl":{"start":{"line":73,"column":53},"end":{"line":73,"column":54}},"loc":{"start":{"line":73,"column":63},"end":{"line":73,"column":86}},"line":73},"5":{"name":"(anonymous_5)","decl":{"start":{"line":73,"column":104},"end":{"line":73,"column":105}},"loc":{"start":{"line":73,"column":114},"end":{"line":76,"column":5}},"line":73},"6":{"name":"(anonymous_6)","decl":{"start":{"line":101,"column":42},"end":{"line":101,"column":43}},"loc":{"start":{"line":101,"column":62},"end":{"line":141,"column":1}},"line":101},"7":{"name":"(anonymous_7)","decl":{"start":{"line":143,"column":54},"end":{"line":143,"column":55}},"loc":{"start":{"line":143,"column":74},"end":{"line":171,"column":1}},"line":143},"8":{"name":"(anonymous_8)","decl":{"start":{"line":173,"column":49},"end":{"line":173,"column":50}},"loc":{"start":{"line":173,"column":69},"end":{"line":181,"column":1}},"line":173},"9":{"name":"(anonymous_9)","decl":{"start":{"line":184,"column":43},"end":{"line":184,"column":44}},"loc":{"start":{"line":184,"column":63},"end":{"line":208,"column":1}},"line":184},"10":{"name":"(anonymous_10)","decl":{"start":{"line":210,"column":41},"end":{"line":210,"column":42}},"loc":{"start":{"line":210,"column":61},"end":{"line":223,"column":1}},"line":210},"11":{"name":"(anonymous_11)","decl":{"start":{"line":225,"column":42},"end":{"line":225,"column":43}},"loc":{"start":{"line":225,"column":62},"end":{"line":234,"column":1}},"line":225},"12":{"name":"(anonymous_12)","decl":{"start":{"line":236,"column":45},"end":{"line":236,"column":46}},"loc":{"start":{"line":236,"column":65},"end":{"line":245,"column":1}},"line":236},"13":{"name":"(anonymous_13)","decl":{"start":{"line":247,"column":48},"end":{"line":247,"column":49}},"loc":{"start":{"line":247,"column":68},"end":{"line":255,"column":1}},"line":247},"14":{"name":"(anonymous_14)","decl":{"start":{"line":257,"column":56},"end":{"line":257,"column":57}},"loc":{"start":{"line":257,"column":76},"end":{"line":269,"column":1}},"line":257},"15":{"name":"(anonymous_15)","decl":{"start":{"line":271,"column":56},"end":{"line":271,"column":57}},"loc":{"start":{"line":271,"column":76},"end":{"line":289,"column":1}},"line":271},"16":{"name":"(anonymous_16)","decl":{"start":{"line":291,"column":53},"end":{"line":291,"column":54}},"loc":{"start":{"line":291,"column":73},"end":{"line":307,"column":1}},"line":291},"17":{"name":"(anonymous_17)","decl":{"start":{"line":310,"column":47},"end":{"line":310,"column":48}},"loc":{"start":{"line":310,"column":67},"end":{"line":323,"column":1}},"line":310},"18":{"name":"(anonymous_18)","decl":{"start":{"line":325,"column":48},"end":{"line":325,"column":49}},"loc":{"start":{"line":325,"column":68},"end":{"line":334,"column":1}},"line":325},"19":{"name":"(anonymous_19)","decl":{"start":{"line":336,"column":54},"end":{"line":336,"column":55}},"loc":{"start":{"line":336,"column":74},"end":{"line":345,"column":1}},"line":336},"20":{"name":"(anonymous_20)","decl":{"start":{"line":348,"column":47},"end":{"line":348,"column":48}},"loc":{"start":{"line":348,"column":67},"end":{"line":369,"column":1}},"line":348},"21":{"name":"(anonymous_21)","decl":{"start":{"line":372,"column":42},"end":{"line":372,"column":43}},"loc":{"start":{"line":372,"column":62},"end":{"line":384,"column":1}},"line":372},"22":{"name":"(anonymous_22)","decl":{"start":{"line":375,"column":33},"end":{"line":375,"column":34}},"loc":{"start":{"line":375,"column":47},"end":{"line":378,"column":5}},"line":375},"23":{"name":"(anonymous_23)","decl":{"start":{"line":386,"column":42},"end":{"line":386,"column":43}},"loc":{"start":{"line":386,"column":62},"end":{"line":397,"column":1}},"line":386}},"branchMap":{"0":{"loc":{"start":{"line":9,"column":2},"end":{"line":9,"column":82}},"type":"if","locations":[{"start":{"line":9,"column":2},"end":{"line":9,"column":82}},{"start":{},"end":{}}],"line":9},"1":{"loc":{"start":{"line":13,"column":20},"end":{"line":13,"column":67}},"type":"binary-expr","locations":[{"start":{"line":13,"column":20},"end":{"line":13,"column":42}},{"start":{"line":13,"column":46},"end":{"line":13,"column":67}}],"line":13},"2":{"loc":{"start":{"line":14,"column":4},"end":{"line":14,"column":71}},"type":"if","locations":[{"start":{"line":14,"column":4},"end":{"line":14,"column":71}},{"start":{},"end":{}}],"line":14},"3":{"loc":{"start":{"line":15,"column":4},"end":{"line":15,"column":108}},"type":"if","locations":[{"start":{"line":15,"column":4},"end":{"line":15,"column":108}},{"start":{},"end":{}}],"line":15},"4":{"loc":{"start":{"line":27,"column":21},"end":{"line":27,"column":103}},"type":"cond-expr","locations":[{"start":{"line":27,"column":50},"end":{"line":27,"column":99}},{"start":{"line":27,"column":102},"end":{"line":27,"column":103}}],"line":27},"5":{"loc":{"start":{"line":49,"column":21},"end":{"line":49,"column":103}},"type":"cond-expr","locations":[{"start":{"line":49,"column":50},"end":{"line":49,"column":99}},{"start":{"line":49,"column":102},"end":{"line":49,"column":103}}],"line":49},"6":{"loc":{"start":{"line":66,"column":31},"end":{"line":66,"column":85}},"type":"cond-expr","locations":[{"start":{"line":66,"column":41},"end":{"line":66,"column":81}},{"start":{"line":66,"column":84},"end":{"line":66,"column":85}}],"line":66},"7":{"loc":{"start":{"line":69,"column":20},"end":{"line":69,"column":42}},"type":"binary-expr","locations":[{"start":{"line":69,"column":20},"end":{"line":69,"column":37}},{"start":{"line":69,"column":41},"end":{"line":69,"column":42}}],"line":69},"8":{"loc":{"start":{"line":103,"column":17},"end":{"line":103,"column":46}},"type":"binary-expr","locations":[{"start":{"line":103,"column":17},"end":{"line":103,"column":41}},{"start":{"line":103,"column":45},"end":{"line":103,"column":46}}],"line":103},"9":{"loc":{"start":{"line":104,"column":18},"end":{"line":104,"column":49}},"type":"binary-expr","locations":[{"start":{"line":104,"column":18},"end":{"line":104,"column":43}},{"start":{"line":104,"column":47},"end":{"line":104,"column":49}}],"line":104},"10":{"loc":{"start":{"line":147,"column":4},"end":{"line":147,"column":84}},"type":"if","locations":[{"start":{"line":147,"column":4},"end":{"line":147,"column":84}},{"start":{},"end":{}}],"line":147},"11":{"loc":{"start":{"line":190,"column":4},"end":{"line":192,"column":5}},"type":"if","locations":[{"start":{"line":190,"column":4},"end":{"line":192,"column":5}},{"start":{},"end":{}}],"line":190},"12":{"loc":{"start":{"line":200,"column":36},"end":{"line":200,"column":47}},"type":"binary-expr","locations":[{"start":{"line":200,"column":36},"end":{"line":200,"column":39}},{"start":{"line":200,"column":43},"end":{"line":200,"column":47}}],"line":200},"13":{"loc":{"start":{"line":200,"column":49},"end":{"line":200,"column":80}},"type":"binary-expr","locations":[{"start":{"line":200,"column":49},"end":{"line":200,"column":67}},{"start":{"line":200,"column":71},"end":{"line":200,"column":80}}],"line":200},"14":{"loc":{"start":{"line":200,"column":82},"end":{"line":200,"column":103}},"type":"binary-expr","locations":[{"start":{"line":200,"column":82},"end":{"line":200,"column":97}},{"start":{"line":200,"column":101},"end":{"line":200,"column":103}}],"line":200},"15":{"loc":{"start":{"line":200,"column":105},"end":{"line":200,"column":136}},"type":"binary-expr","locations":[{"start":{"line":200,"column":105},"end":{"line":200,"column":122}},{"start":{"line":200,"column":126},"end":{"line":200,"column":136}}],"line":200},"16":{"loc":{"start":{"line":297,"column":4},"end":{"line":299,"column":5}},"type":"if","locations":[{"start":{"line":297,"column":4},"end":{"line":299,"column":5}},{"start":{},"end":{}}],"line":297},"17":{"loc":{"start":{"line":328,"column":115},"end":{"line":328,"column":137}},"type":"binary-expr","locations":[{"start":{"line":328,"column":115},"end":{"line":328,"column":129}},{"start":{"line":328,"column":133},"end":{"line":328,"column":137}}],"line":328}},"s":{"0":2,"1":2,"2":2,"3":2,"4":2,"5":0,"6":0,"7":0,"8":0,"9":0,"10":0,"11":0,"12":0,"13":0,"14":0,"15":0,"16":2,"17":0,"18":0,"19":0,"20":0,"21":0,"22":0,"23":0,"24":0,"25":0,"26":0,"27":2,"28":0,"29":0,"30":0,"31":0,"32":0,"33":0,"34":0,"35":0,"36":0,"37":0,"38":0,"39":0,"40":0,"41":0,"42":0,"43":0,"44":0,"45":0,"46":0,"47":0,"48":0,"49":0,"50":0,"51":2,"52":0,"53":0,"54":0,"55":0,"56":0,"57":0,"58":0,"59":0,"60":0,"61":0,"62":0,"63":0,"64":0,"65":2,"66":0,"67":0,"68":0,"69":0,"70":0,"71":0,"72":0,"73":0,"74":0,"75":0,"76":0,"77":2,"78":0,"79":0,"80":0,"81":0,"82":0,"83":2,"84":2,"85":0,"86":0,"87":0,"88":0,"89":0,"90":0,"91":0,"92":0,"93":0,"94":0,"95":0,"96":2,"97":0,"98":0,"99":0,"100":0,"101":0,"102":2,"103":0,"104":0,"105":0,"106":0,"107":0,"108":0,"109":2,"110":0,"111":0,"112":0,"113":0,"114":0,"115":0,"116":2,"117":0,"118":0,"119":0,"120":0,"121":0,"122":2,"123":0,"124":0,"125":0,"126":0,"127":0,"128":0,"129":0,"130":2,"131":0,"132":0,"133":0,"134":0,"135":0,"136":0,"137":2,"138":0,"139":0,"140":0,"141":0,"142":0,"143":0,"144":0,"145":0,"146":0,"147":0,"148":2,"149":0,"150":0,"151":0,"152":0,"153":0,"154":2,"155":0,"156":0,"157":0,"158":0,"159":0,"160":0,"161":2,"162":0,"163":0,"164":0,"165":0,"166":0,"167":0,"168":2,"169":0,"170":0,"171":0,"172":0,"173":0,"174":0,"175":2,"176":0,"177":0,"178":0,"179":0,"180":0,"181":0,"182":0,"183":0,"184":2,"185":0,"186":0,"187":0,"188":0,"189":0,"190":0,"191":0,"192":2},"f":{"0":0,"1":0,"2":0,"3":0,"4":0,"5":0,"6":0,"7":0,"8":0,"9":0,"10":0,"11":0,"12":0,"13":0,"14":0,"15":0,"16":0,"17":0,"18":0,"19":0,"20":0,"21":0,"22":0,"23":0},"b":{"0":[0,0],"1":[0,0],"2":[0,0],"3":[0,0],"4":[0,0],"5":[0,0],"6":[0,0],"7":[0,0],"8":[0,0],"9":[0,0],"10":[0,0],"11":[0,0],"12":[0,0],"13":[0,0],"14":[0,0],"15":[0,0],"16":[0,0],"17":[0,0]},"_coverageSchema":"1a1c01bbd47fc00a2c39e90264f33305004495a9","hash":"04ffb55aed02b2a5ec36294430a839d64418b5d1"}
,"E:\\ANTIGRAVITY\\BhashaSetuAI\\server\\routes\\assessment.js": {"path":"E:\\ANTIGRAVITY\\BhashaSetuAI\\server\\routes\\assessment.js","statementMap":{"0":{"start":{"line":1,"column":16},"end":{"line":1,"column":34}},"1":{"start":{"line":2,"column":15},"end":{"line":2,"column":32}},"2":{"start":{"line":3,"column":12},"end":{"line":3,"column":35}},"3":{"start":{"line":4,"column":11},"end":{"line":4,"column":27}},"4":{"start":{"line":5,"column":24},"end":{"line":5,"column":48}},"5":{"start":{"line":6,"column":19},"end":{"line":6,"column":36}},"6":{"start":{"line":8,"column":15},"end":{"line":8,"column":31}},"7":{"start":{"line":9,"column":11},"end":{"line":9,"column":24}},"8":{"start":{"line":10,"column":13},"end":{"line":10,"column":28}},"9":{"start":{"line":11,"column":36},"end":{"line":11,"column":66}},"10":{"start":{"line":12,"column":25},"end":{"line":12,"column":74}},"11":{"start":{"line":13,"column":21},"end":{"line":13,"column":74}},"12":{"start":{"line":17,"column":32},"end":{"line":17,"column":34}},"13":{"start":{"line":19,"column":30},"end":{"line":19,"column":32}},"14":{"start":{"line":20,"column":23},"end":{"line":20,"column":66}},"15":{"start":{"line":22,"column":0},"end":{"line":42,"column":1}},"16":{"start":{"line":23,"column":23},"end":{"line":23,"column":80}},"17":{"start":{"line":24,"column":2},"end":{"line":31,"column":3}},"18":{"start":{"line":25,"column":4},"end":{"line":30,"column":5}},"19":{"start":{"line":26,"column":6},"end":{"line":26,"column":88}},"20":{"start":{"line":27,"column":6},"end":{"line":27,"column":83}},"21":{"start":{"line":29,"column":6},"end":{"line":29,"column":89}},"22":{"start":{"line":33,"column":27},"end":{"line":33,"column":93}},"23":{"start":{"line":34,"column":2},"end":{"line":41,"column":3}},"24":{"start":{"line":35,"column":4},"end":{"line":40,"column":5}},"25":{"start":{"line":36,"column":6},"end":{"line":36,"column":90}},"26":{"start":{"line":37,"column":6},"end":{"line":37,"column":92}},"27":{"start":{"line":39,"column":6},"end":{"line":39,"column":98}},"28":{"start":{"line":46,"column":2},"end":{"line":46,"column":59}},"29":{"start":{"line":46,"column":23},"end":{"line":46,"column":59}},"30":{"start":{"line":48,"column":14},"end":{"line":48,"column":42}},"31":{"start":{"line":49,"column":21},"end":{"line":49,"column":70}},"32":{"start":{"line":50,"column":20},"end":{"line":50,"column":43}},"33":{"start":{"line":51,"column":23},"end":{"line":51,"column":50}},"34":{"start":{"line":52,"column":26},"end":{"line":52,"column":56}},"35":{"start":{"line":54,"column":2},"end":{"line":69,"column":3}},"36":{"start":{"line":55,"column":19},"end":{"line":55,"column":36}},"37":{"start":{"line":56,"column":4},"end":{"line":68,"column":5}},"38":{"start":{"line":57,"column":6},"end":{"line":67,"column":7}},"39":{"start":{"line":58,"column":8},"end":{"line":58,"column":55}},"40":{"start":{"line":58,"column":37},"end":{"line":58,"column":55}},"41":{"start":{"line":59,"column":13},"end":{"line":67,"column":7}},"42":{"start":{"line":60,"column":8},"end":{"line":60,"column":48}},"43":{"start":{"line":60,"column":26},"end":{"line":60,"column":48}},"44":{"start":{"line":61,"column":13},"end":{"line":67,"column":7}},"45":{"start":{"line":62,"column":8},"end":{"line":62,"column":44}},"46":{"start":{"line":62,"column":26},"end":{"line":62,"column":44}},"47":{"start":{"line":63,"column":13},"end":{"line":67,"column":7}},"48":{"start":{"line":64,"column":8},"end":{"line":64,"column":51}},"49":{"start":{"line":64,"column":29},"end":{"line":64,"column":51}},"50":{"start":{"line":65,"column":8},"end":{"line":65,"column":55}},"51":{"start":{"line":65,"column":37},"end":{"line":65,"column":55}},"52":{"start":{"line":66,"column":8},"end":{"line":66,"column":48}},"53":{"start":{"line":66,"column":26},"end":{"line":66,"column":48}},"54":{"start":{"line":72,"column":2},"end":{"line":72,"column":49}},"55":{"start":{"line":72,"column":31},"end":{"line":72,"column":49}},"56":{"start":{"line":73,"column":2},"end":{"line":73,"column":61}},"57":{"start":{"line":73,"column":39},"end":{"line":73,"column":61}},"58":{"start":{"line":75,"column":2},"end":{"line":75,"column":38}},"59":{"start":{"line":79,"column":16},"end":{"line":79,"column":38}},"60":{"start":{"line":80,"column":15},"end":{"line":80,"column":43}},"61":{"start":{"line":82,"column":11},"end":{"line":82,"column":87}},"62":{"start":{"line":83,"column":14},"end":{"line":83,"column":124}},"63":{"start":{"line":84,"column":19},"end":{"line":84,"column":134}},"64":{"start":{"line":86,"column":15},"end":{"line":86,"column":125}},"65":{"start":{"line":88,"column":20},"end":{"line":99,"column":1}},"66":{"start":{"line":89,"column":21},"end":{"line":89,"column":49}},"67":{"start":{"line":90,"column":2},"end":{"line":90,"column":82}},"68":{"start":{"line":90,"column":19},"end":{"line":90,"column":82}},"69":{"start":{"line":92,"column":16},"end":{"line":92,"column":40}},"70":{"start":{"line":94,"column":2},"end":{"line":98,"column":5}},"71":{"start":{"line":95,"column":4},"end":{"line":95,"column":71}},"72":{"start":{"line":95,"column":13},"end":{"line":95,"column":71}},"73":{"start":{"line":96,"column":4},"end":{"line":96,"column":33}},"74":{"start":{"line":97,"column":4},"end":{"line":97,"column":11}},"75":{"start":{"line":101,"column":0},"end":{"line":244,"column":3}},"76":{"start":{"line":102,"column":2},"end":{"line":243,"column":3}},"77":{"start":{"line":104,"column":23},"end":{"line":104,"column":131}},"78":{"start":{"line":105,"column":17},"end":{"line":105,"column":34}},"79":{"start":{"line":106,"column":20},"end":{"line":106,"column":28}},"80":{"start":{"line":107,"column":21},"end":{"line":107,"column":41}},"81":{"start":{"line":108,"column":23},"end":{"line":108,"column":54}},"82":{"start":{"line":109,"column":26},"end":{"line":109,"column":48}},"83":{"start":{"line":112,"column":24},"end":{"line":112,"column":80}},"84":{"start":{"line":115,"column":22},"end":{"line":115,"column":34}},"85":{"start":{"line":117,"column":14},"end":{"line":117,"column":36}},"86":{"start":{"line":118,"column":4},"end":{"line":118,"column":82}},"87":{"start":{"line":118,"column":12},"end":{"line":118,"column":82}},"88":{"start":{"line":122,"column":6},"end":{"line":123,"column":62}},"89":{"start":{"line":126,"column":32},"end":{"line":149,"column":5}},"90":{"start":{"line":127,"column":6},"end":{"line":127,"column":66}},"91":{"start":{"line":127,"column":56},"end":{"line":127,"column":66}},"92":{"start":{"line":129,"column":26},"end":{"line":129,"column":176}},"93":{"start":{"line":130,"column":27},"end":{"line":130,"column":237}},"94":{"start":{"line":132,"column":6},"end":{"line":138,"column":7}},"95":{"start":{"line":133,"column":25},"end":{"line":136,"column":10}},"96":{"start":{"line":134,"column":23},"end":{"line":134,"column":76}},"97":{"start":{"line":135,"column":10},"end":{"line":135,"column":59}},"98":{"start":{"line":135,"column":40},"end":{"line":135,"column":57}},"99":{"start":{"line":137,"column":8},"end":{"line":137,"column":63}},"100":{"start":{"line":140,"column":6},"end":{"line":146,"column":7}},"101":{"start":{"line":141,"column":25},"end":{"line":144,"column":10}},"102":{"start":{"line":142,"column":23},"end":{"line":142,"column":76}},"103":{"start":{"line":143,"column":10},"end":{"line":143,"column":60}},"104":{"start":{"line":143,"column":41},"end":{"line":143,"column":58}},"105":{"start":{"line":145,"column":8},"end":{"line":145,"column":63}},"106":{"start":{"line":148,"column":6},"end":{"line":148,"column":27}},"107":{"start":{"line":151,"column":22},"end":{"line":161,"column":5}},"108":{"start":{"line":152,"column":16},"end":{"line":152,"column":26}},"109":{"start":{"line":153,"column":6},"end":{"line":153,"column":27}},"110":{"start":{"line":153,"column":19},"end":{"line":153,"column":27}},"111":{"start":{"line":154,"column":19},"end":{"line":154,"column":31}},"112":{"start":{"line":154,"column":41},"end":{"line":154,"column":55}},"113":{"start":{"line":155,"column":6},"end":{"line":159,"column":7}},"114":{"start":{"line":156,"column":16},"end":{"line":156,"column":47}},"115":{"start":{"line":157,"column":8},"end":{"line":157,"column":51}},"116":{"start":{"line":158,"column":8},"end":{"line":158,"column":53}},"117":{"start":{"line":160,"column":6},"end":{"line":160,"column":20}},"118":{"start":{"line":163,"column":28},"end":{"line":173,"column":5}},"119":{"start":{"line":164,"column":23},"end":{"line":164,"column":60}},"120":{"start":{"line":165,"column":6},"end":{"line":171,"column":7}},"121":{"start":{"line":166,"column":30},"end":{"line":166,"column":53}},"122":{"start":{"line":167,"column":30},"end":{"line":167,"column":80}},"123":{"start":{"line":167,"column":56},"end":{"line":167,"column":78}},"124":{"start":{"line":168,"column":31},"end":{"line":168,"column":108}},"125":{"start":{"line":168,"column":65},"end":{"line":168,"column":107}},"126":{"start":{"line":169,"column":27},"end":{"line":169,"column":67}},"127":{"start":{"line":170,"column":8},"end":{"line":170,"column":44}},"128":{"start":{"line":172,"column":6},"end":{"line":172,"column":22}},"129":{"start":{"line":176,"column":33},"end":{"line":186,"column":5}},"130":{"start":{"line":177,"column":6},"end":{"line":177,"column":44}},"131":{"start":{"line":177,"column":32},"end":{"line":177,"column":44}},"132":{"start":{"line":178,"column":17},"end":{"line":178,"column":27}},"133":{"start":{"line":179,"column":20},"end":{"line":179,"column":46}},"134":{"start":{"line":180,"column":24},"end":{"line":180,"column":54}},"135":{"start":{"line":181,"column":24},"end":{"line":181,"column":54}},"136":{"start":{"line":182,"column":24},"end":{"line":182,"column":54}},"137":{"start":{"line":183,"column":23},"end":{"line":183,"column":75}},"138":{"start":{"line":184,"column":6},"end":{"line":184,"column":49}},"139":{"start":{"line":184,"column":28},"end":{"line":184,"column":47}},"140":{"start":{"line":185,"column":6},"end":{"line":185,"column":65}},"141":{"start":{"line":185,"column":41},"end":{"line":185,"column":62}},"142":{"start":{"line":189,"column":4},"end":{"line":207,"column":5}},"143":{"start":{"line":191,"column":6},"end":{"line":197,"column":7}},"144":{"start":{"line":192,"column":33},"end":{"line":192,"column":101}},"145":{"start":{"line":193,"column":8},"end":{"line":196,"column":9}},"146":{"start":{"line":194,"column":10},"end":{"line":194,"column":108}},"147":{"start":{"line":195,"column":10},"end":{"line":195,"column":90}},"148":{"start":{"line":200,"column":6},"end":{"line":206,"column":7}},"149":{"start":{"line":201,"column":33},"end":{"line":201,"column":106}},"150":{"start":{"line":202,"column":8},"end":{"line":205,"column":9}},"151":{"start":{"line":203,"column":10},"end":{"line":203,"column":122}},"152":{"start":{"line":204,"column":10},"end":{"line":204,"column":90}},"153":{"start":{"line":210,"column":17},"end":{"line":210,"column":84}},"154":{"start":{"line":211,"column":21},"end":{"line":211,"column":96}},"155":{"start":{"line":212,"column":21},"end":{"line":212,"column":96}},"156":{"start":{"line":213,"column":21},"end":{"line":213,"column":96}},"157":{"start":{"line":215,"column":22},"end":{"line":215,"column":70}},"158":{"start":{"line":216,"column":4},"end":{"line":216,"column":48}},"159":{"start":{"line":216,"column":27},"end":{"line":216,"column":46}},"160":{"start":{"line":217,"column":22},"end":{"line":217,"column":74}},"161":{"start":{"line":217,"column":51},"end":{"line":217,"column":72}},"162":{"start":{"line":220,"column":4},"end":{"line":222,"column":5}},"163":{"start":{"line":221,"column":6},"end":{"line":221,"column":68}},"164":{"start":{"line":225,"column":32},"end":{"line":225,"column":113}},"165":{"start":{"line":228,"column":27},"end":{"line":228,"column":39}},"166":{"start":{"line":229,"column":29},"end":{"line":229,"column":51}},"167":{"start":{"line":230,"column":33},"end":{"line":230,"column":78}},"168":{"start":{"line":232,"column":4},"end":{"line":234,"column":5}},"169":{"start":{"line":233,"column":6},"end":{"line":233,"column":89}},"170":{"start":{"line":237,"column":4},"end":{"line":237,"column":114}},"171":{"start":{"line":238,"column":4},"end":{"line":238,"column":65}},"172":{"start":{"line":241,"column":4},"end":{"line":241,"column":46}},"173":{"start":{"line":242,"column":4},"end":{"line":242,"column":69}},"174":{"start":{"line":246,"column":0},"end":{"line":560,"column":3}},"175":{"start":{"line":247,"column":2},"end":{"line":559,"column":3}},"176":{"start":{"line":248,"column":25},"end":{"line":248,"column":52}},"177":{"start":{"line":249,"column":30},"end":{"line":249,"column":62}},"178":{"start":{"line":251,"column":24},"end":{"line":251,"column":26}},"179":{"start":{"line":252,"column":19},"end":{"line":252,"column":109}},"180":{"start":{"line":254,"column":27},"end":{"line":259,"column":155}},"181":{"start":{"line":261,"column":4},"end":{"line":522,"column":5}},"182":{"start":{"line":262,"column":6},"end":{"line":424,"column":7}},"183":{"start":{"line":263,"column":8},"end":{"line":263,"column":82}},"184":{"start":{"line":264,"column":27},"end":{"line":268,"column":157}},"185":{"start":{"line":270,"column":25},"end":{"line":288,"column":10}},"186":{"start":{"line":290,"column":23},"end":{"line":290,"column":55}},"187":{"start":{"line":291,"column":8},"end":{"line":291,"column":42}},"188":{"start":{"line":292,"column":8},"end":{"line":292,"column":26}},"189":{"start":{"line":294,"column":8},"end":{"line":296,"column":9}},"190":{"start":{"line":295,"column":10},"end":{"line":295,"column":78}},"191":{"start":{"line":298,"column":26},"end":{"line":298,"column":31}},"192":{"start":{"line":301,"column":8},"end":{"line":373,"column":9}},"193":{"start":{"line":302,"column":10},"end":{"line":372,"column":11}},"194":{"start":{"line":303,"column":12},"end":{"line":303,"column":61}},"195":{"start":{"line":304,"column":29},"end":{"line":304,"column":43}},"196":{"start":{"line":305,"column":29},"end":{"line":305,"column":101}},"197":{"start":{"line":306,"column":12},"end":{"line":306,"column":61}},"198":{"start":{"line":307,"column":12},"end":{"line":307,"column":50}},"199":{"start":{"line":308,"column":12},"end":{"line":308,"column":50}},"200":{"start":{"line":309,"column":32},"end":{"line":309,"column":118}},"201":{"start":{"line":310,"column":32},"end":{"line":310,"column":87}},"202":{"start":{"line":311,"column":37},"end":{"line":319,"column":14}},"203":{"start":{"line":320,"column":30},"end":{"line":320,"column":68}},"204":{"start":{"line":321,"column":13},"end":{"line":321,"column":56}},"205":{"start":{"line":323,"column":35},"end":{"line":329,"column":14}},"206":{"start":{"line":331,"column":12},"end":{"line":369,"column":13}},"207":{"start":{"line":332,"column":35},"end":{"line":332,"column":62}},"208":{"start":{"line":333,"column":14},"end":{"line":333,"column":60}},"209":{"start":{"line":334,"column":14},"end":{"line":334,"column":86}},"210":{"start":{"line":336,"column":14},"end":{"line":365,"column":15}},"211":{"start":{"line":337,"column":35},"end":{"line":341,"column":161}},"212":{"start":{"line":343,"column":37},"end":{"line":361,"column":18}},"213":{"start":{"line":363,"column":16},"end":{"line":363,"column":64}},"214":{"start":{"line":364,"column":16},"end":{"line":364,"column":35}},"215":{"start":{"line":367,"column":30},"end":{"line":367,"column":57}},"216":{"start":{"line":368,"column":14},"end":{"line":368,"column":103}},"217":{"start":{"line":371,"column":12},"end":{"line":371,"column":69}},"218":{"start":{"line":375,"column":8},"end":{"line":423,"column":9}},"219":{"start":{"line":376,"column":10},"end":{"line":376,"column":88}},"220":{"start":{"line":378,"column":27},"end":{"line":409,"column":12}},"221":{"start":{"line":411,"column":27},"end":{"line":411,"column":46}},"222":{"start":{"line":412,"column":10},"end":{"line":412,"column":41}},"223":{"start":{"line":414,"column":27},"end":{"line":414,"column":49}},"224":{"start":{"line":415,"column":10},"end":{"line":415,"column":55}},"225":{"start":{"line":416,"column":10},"end":{"line":422,"column":12}},"226":{"start":{"line":426,"column":6},"end":{"line":426,"column":52}},"227":{"start":{"line":428,"column":6},"end":{"line":428,"column":65}},"228":{"start":{"line":429,"column":6},"end":{"line":521,"column":7}},"229":{"start":{"line":430,"column":33},"end":{"line":461,"column":10}},"230":{"start":{"line":463,"column":25},"end":{"line":463,"column":52}},"231":{"start":{"line":464,"column":8},"end":{"line":464,"column":39}},"232":{"start":{"line":465,"column":25},"end":{"line":465,"column":47}},"233":{"start":{"line":466,"column":8},"end":{"line":466,"column":53}},"234":{"start":{"line":467,"column":8},"end":{"line":473,"column":10}},"235":{"start":{"line":475,"column":8},"end":{"line":475,"column":73}},"236":{"start":{"line":476,"column":8},"end":{"line":476,"column":63}},"237":{"start":{"line":477,"column":8},"end":{"line":520,"column":9}},"238":{"start":{"line":478,"column":21},"end":{"line":478,"column":34}},"239":{"start":{"line":479,"column":27},"end":{"line":479,"column":77}},"240":{"start":{"line":480,"column":10},"end":{"line":480,"column":54}},"241":{"start":{"line":482,"column":40},"end":{"line":485,"column":12}},"242":{"start":{"line":487,"column":30},"end":{"line":487,"column":56}},"243":{"start":{"line":488,"column":10},"end":{"line":488,"column":34}},"244":{"start":{"line":490,"column":28},"end":{"line":494,"column":153}},"245":{"start":{"line":496,"column":25},"end":{"line":499,"column":12}},"246":{"start":{"line":501,"column":27},"end":{"line":501,"column":66}},"247":{"start":{"line":502,"column":10},"end":{"line":506,"column":11}},"248":{"start":{"line":503,"column":12},"end":{"line":503,"column":87}},"249":{"start":{"line":504,"column":17},"end":{"line":506,"column":11}},"250":{"start":{"line":505,"column":12},"end":{"line":505,"column":83}},"251":{"start":{"line":508,"column":27},"end":{"line":508,"column":49}},"252":{"start":{"line":509,"column":10},"end":{"line":509,"column":44}},"253":{"start":{"line":510,"column":10},"end":{"line":516,"column":12}},"254":{"start":{"line":518,"column":10},"end":{"line":518,"column":69}},"255":{"start":{"line":519,"column":10},"end":{"line":519,"column":95}},"256":{"start":{"line":524,"column":4},"end":{"line":529,"column":5}},"257":{"start":{"line":525,"column":6},"end":{"line":528,"column":9}},"258":{"start":{"line":536,"column":4},"end":{"line":536,"column":122}},"259":{"start":{"line":538,"column":24},"end":{"line":542,"column":5}},"260":{"start":{"line":544,"column":4},"end":{"line":550,"column":7}},"261":{"start":{"line":552,"column":4},"end":{"line":555,"column":7}},"262":{"start":{"line":557,"column":4},"end":{"line":557,"column":41}},"263":{"start":{"line":558,"column":4},"end":{"line":558,"column":64}},"264":{"start":{"line":562,"column":0},"end":{"line":866,"column":3}},"265":{"start":{"line":563,"column":2},"end":{"line":865,"column":3}},"266":{"start":{"line":564,"column":37},"end":{"line":564,"column":45}},"267":{"start":{"line":567,"column":23},"end":{"line":567,"column":111}},"268":{"start":{"line":568,"column":17},"end":{"line":568,"column":34}},"269":{"start":{"line":569,"column":20},"end":{"line":569,"column":28}},"270":{"start":{"line":570,"column":21},"end":{"line":570,"column":41}},"271":{"start":{"line":571,"column":26},"end":{"line":571,"column":134}},"272":{"start":{"line":574,"column":27},"end":{"line":574,"column":73}},"273":{"start":{"line":576,"column":23},"end":{"line":576,"column":88}},"274":{"start":{"line":576,"column":53},"end":{"line":576,"column":84}},"275":{"start":{"line":578,"column":24},"end":{"line":582,"column":5}},"276":{"start":{"line":583,"column":4},"end":{"line":583,"column":58}},"277":{"start":{"line":586,"column":4},"end":{"line":586,"column":75}},"278":{"start":{"line":591,"column":28},"end":{"line":591,"column":68}},"279":{"start":{"line":591,"column":48},"end":{"line":591,"column":60}},"280":{"start":{"line":593,"column":23},"end":{"line":609,"column":52}},"281":{"start":{"line":597,"column":28},"end":{"line":597,"column":67}},"282":{"start":{"line":611,"column":29},"end":{"line":642,"column":5}},"283":{"start":{"line":644,"column":33},"end":{"line":675,"column":5}},"284":{"start":{"line":677,"column":29},"end":{"line":706,"column":5}},"285":{"start":{"line":708,"column":21},"end":{"line":708,"column":39}},"286":{"start":{"line":709,"column":4},"end":{"line":709,"column":79}},"287":{"start":{"line":709,"column":43},"end":{"line":709,"column":79}},"288":{"start":{"line":710,"column":4},"end":{"line":710,"column":71}},"289":{"start":{"line":710,"column":39},"end":{"line":710,"column":71}},"290":{"start":{"line":712,"column":4},"end":{"line":759,"column":5}},"291":{"start":{"line":713,"column":24},"end":{"line":713,"column":89}},"292":{"start":{"line":714,"column":24},"end":{"line":717,"column":8}},"293":{"start":{"line":719,"column":20},"end":{"line":719,"column":34}},"294":{"start":{"line":720,"column":6},"end":{"line":724,"column":7}},"295":{"start":{"line":721,"column":8},"end":{"line":721,"column":83}},"296":{"start":{"line":722,"column":13},"end":{"line":724,"column":7}},"297":{"start":{"line":723,"column":8},"end":{"line":723,"column":79}},"298":{"start":{"line":726,"column":21},"end":{"line":726,"column":40}},"299":{"start":{"line":727,"column":6},"end":{"line":727,"column":30}},"300":{"start":{"line":728,"column":6},"end":{"line":728,"column":78}},"301":{"start":{"line":730,"column":6},"end":{"line":730,"column":85}},"302":{"start":{"line":731,"column":6},"end":{"line":758,"column":7}},"303":{"start":{"line":732,"column":26},"end":{"line":732,"column":91}},"304":{"start":{"line":733,"column":28},"end":{"line":736,"column":10}},"305":{"start":{"line":738,"column":22},"end":{"line":738,"column":38}},"306":{"start":{"line":739,"column":8},"end":{"line":743,"column":9}},"307":{"start":{"line":740,"column":10},"end":{"line":740,"column":85}},"308":{"start":{"line":741,"column":15},"end":{"line":743,"column":9}},"309":{"start":{"line":742,"column":10},"end":{"line":742,"column":81}},"310":{"start":{"line":745,"column":23},"end":{"line":745,"column":42}},"311":{"start":{"line":746,"column":8},"end":{"line":746,"column":32}},"312":{"start":{"line":747,"column":8},"end":{"line":747,"column":80}},"313":{"start":{"line":749,"column":8},"end":{"line":749,"column":74}},"314":{"start":{"line":750,"column":8},"end":{"line":750,"column":78}},"315":{"start":{"line":751,"column":8},"end":{"line":757,"column":10}},"316":{"start":{"line":761,"column":4},"end":{"line":788,"column":5}},"317":{"start":{"line":762,"column":22},"end":{"line":762,"column":108}},"318":{"start":{"line":765,"column":25},"end":{"line":765,"column":27}},"319":{"start":{"line":766,"column":6},"end":{"line":770,"column":7}},"320":{"start":{"line":767,"column":8},"end":{"line":767,"column":36}},"321":{"start":{"line":768,"column":13},"end":{"line":770,"column":7}},"322":{"start":{"line":769,"column":8},"end":{"line":769,"column":34}},"323":{"start":{"line":773,"column":6},"end":{"line":787,"column":9}},"324":{"start":{"line":774,"column":22},"end":{"line":774,"column":42}},"325":{"start":{"line":775,"column":22},"end":{"line":775,"column":42}},"326":{"start":{"line":777,"column":21},"end":{"line":777,"column":22}},"327":{"start":{"line":778,"column":21},"end":{"line":778,"column":22}},"328":{"start":{"line":780,"column":8},"end":{"line":780,"column":45}},"329":{"start":{"line":780,"column":33},"end":{"line":780,"column":45}},"330":{"start":{"line":781,"column":8},"end":{"line":781,"column":45}},"331":{"start":{"line":781,"column":33},"end":{"line":781,"column":45}},"332":{"start":{"line":783,"column":8},"end":{"line":783,"column":48}},"333":{"start":{"line":783,"column":36},"end":{"line":783,"column":48}},"334":{"start":{"line":784,"column":8},"end":{"line":784,"column":48}},"335":{"start":{"line":784,"column":36},"end":{"line":784,"column":48}},"336":{"start":{"line":786,"column":8},"end":{"line":786,"column":31}},"337":{"start":{"line":791,"column":27},"end":{"line":795,"column":5}},"338":{"start":{"line":797,"column":4},"end":{"line":839,"column":5}},"339":{"start":{"line":798,"column":6},"end":{"line":838,"column":7}},"340":{"start":{"line":798,"column":19},"end":{"line":798,"column":20}},"341":{"start":{"line":799,"column":23},"end":{"line":799,"column":39}},"342":{"start":{"line":800,"column":31},"end":{"line":803,"column":9}},"343":{"start":{"line":805,"column":25},"end":{"line":805,"column":46}},"344":{"start":{"line":807,"column":21},"end":{"line":807,"column":34}},"345":{"start":{"line":808,"column":26},"end":{"line":808,"column":30}},"346":{"start":{"line":810,"column":8},"end":{"line":832,"column":9}},"347":{"start":{"line":811,"column":10},"end":{"line":816,"column":11}},"348":{"start":{"line":812,"column":12},"end":{"line":812,"column":63}},"349":{"start":{"line":814,"column":12},"end":{"line":814,"column":33}},"350":{"start":{"line":815,"column":12},"end":{"line":815,"column":37}},"351":{"start":{"line":817,"column":15},"end":{"line":832,"column":9}},"352":{"start":{"line":818,"column":10},"end":{"line":825,"column":11}},"353":{"start":{"line":819,"column":12},"end":{"line":819,"column":35}},"354":{"start":{"line":820,"column":17},"end":{"line":825,"column":11}},"355":{"start":{"line":821,"column":12},"end":{"line":821,"column":63}},"356":{"start":{"line":823,"column":12},"end":{"line":823,"column":33}},"357":{"start":{"line":824,"column":12},"end":{"line":824,"column":37}},"358":{"start":{"line":826,"column":15},"end":{"line":832,"column":9}},"359":{"start":{"line":827,"column":10},"end":{"line":831,"column":11}},"360":{"start":{"line":828,"column":12},"end":{"line":828,"column":63}},"361":{"start":{"line":830,"column":12},"end":{"line":830,"column":35}},"362":{"start":{"line":834,"column":8},"end":{"line":837,"column":10}},"363":{"start":{"line":842,"column":4},"end":{"line":853,"column":5}},"364":{"start":{"line":843,"column":6},"end":{"line":843,"column":52}},"365":{"start":{"line":844,"column":6},"end":{"line":847,"column":8}},"366":{"start":{"line":849,"column":6},"end":{"line":852,"column":8}},"367":{"start":{"line":855,"column":4},"end":{"line":861,"column":7}},"368":{"start":{"line":863,"column":4},"end":{"line":863,"column":57}},"369":{"start":{"line":864,"column":4},"end":{"line":864,"column":71}},"370":{"start":{"line":868,"column":0},"end":{"line":868,"column":24}}},"fnMap":{"0":{"name":"determineProficiency","decl":{"start":{"line":45,"column":9},"end":{"line":45,"column":29}},"loc":{"start":{"line":45,"column":67},"end":{"line":76,"column":1}},"line":45},"1":{"name":"(anonymous_1)","decl":{"start":{"line":88,"column":20},"end":{"line":88,"column":21}},"loc":{"start":{"line":88,"column":40},"end":{"line":99,"column":1}},"line":88},"2":{"name":"(anonymous_2)","decl":{"start":{"line":94,"column":69},"end":{"line":94,"column":70}},"loc":{"start":{"line":94,"column":87},"end":{"line":98,"column":3}},"line":94},"3":{"name":"(anonymous_3)","decl":{"start":{"line":101,"column":37},"end":{"line":101,"column":38}},"loc":{"start":{"line":101,"column":57},"end":{"line":244,"column":1}},"line":101},"4":{"name":"(anonymous_4)","decl":{"start":{"line":126,"column":32},"end":{"line":126,"column":33}},"loc":{"start":{"line":126,"column":61},"end":{"line":149,"column":5}},"line":126},"5":{"name":"(anonymous_5)","decl":{"start":{"line":133,"column":46},"end":{"line":133,"column":47}},"loc":{"start":{"line":133,"column":51},"end":{"line":136,"column":9}},"line":133},"6":{"name":"(anonymous_6)","decl":{"start":{"line":135,"column":34},"end":{"line":135,"column":35}},"loc":{"start":{"line":135,"column":40},"end":{"line":135,"column":57}},"line":135},"7":{"name":"(anonymous_7)","decl":{"start":{"line":141,"column":46},"end":{"line":141,"column":47}},"loc":{"start":{"line":141,"column":51},"end":{"line":144,"column":9}},"line":141},"8":{"name":"(anonymous_8)","decl":{"start":{"line":143,"column":35},"end":{"line":143,"column":36}},"loc":{"start":{"line":143,"column":41},"end":{"line":143,"column":58}},"line":143},"9":{"name":"(anonymous_9)","decl":{"start":{"line":151,"column":22},"end":{"line":151,"column":23}},"loc":{"start":{"line":151,"column":34},"end":{"line":161,"column":5}},"line":151},"10":{"name":"(anonymous_10)","decl":{"start":{"line":163,"column":28},"end":{"line":163,"column":29}},"loc":{"start":{"line":163,"column":69},"end":{"line":173,"column":5}},"line":163},"11":{"name":"(anonymous_11)","decl":{"start":{"line":167,"column":51},"end":{"line":167,"column":52}},"loc":{"start":{"line":167,"column":56},"end":{"line":167,"column":78}},"line":167},"12":{"name":"(anonymous_12)","decl":{"start":{"line":168,"column":60},"end":{"line":168,"column":61}},"loc":{"start":{"line":168,"column":65},"end":{"line":168,"column":107}},"line":168},"13":{"name":"(anonymous_13)","decl":{"start":{"line":176,"column":33},"end":{"line":176,"column":34}},"loc":{"start":{"line":176,"column":49},"end":{"line":186,"column":5}},"line":176},"14":{"name":"(anonymous_14)","decl":{"start":{"line":184,"column":22},"end":{"line":184,"column":23}},"loc":{"start":{"line":184,"column":28},"end":{"line":184,"column":47}},"line":184},"15":{"name":"(anonymous_15)","decl":{"start":{"line":185,"column":28},"end":{"line":185,"column":29}},"loc":{"start":{"line":185,"column":41},"end":{"line":185,"column":62}},"line":185},"16":{"name":"(anonymous_16)","decl":{"start":{"line":216,"column":21},"end":{"line":216,"column":22}},"loc":{"start":{"line":216,"column":27},"end":{"line":216,"column":46}},"line":216},"17":{"name":"(anonymous_17)","decl":{"start":{"line":217,"column":38},"end":{"line":217,"column":39}},"loc":{"start":{"line":217,"column":51},"end":{"line":217,"column":72}},"line":217},"18":{"name":"(anonymous_18)","decl":{"start":{"line":246,"column":59},"end":{"line":246,"column":60}},"loc":{"start":{"line":246,"column":79},"end":{"line":560,"column":1}},"line":246},"19":{"name":"(anonymous_19)","decl":{"start":{"line":562,"column":36},"end":{"line":562,"column":37}},"loc":{"start":{"line":562,"column":56},"end":{"line":866,"column":1}},"line":562},"20":{"name":"(anonymous_20)","decl":{"start":{"line":576,"column":38},"end":{"line":576,"column":39}},"loc":{"start":{"line":576,"column":53},"end":{"line":576,"column":84}},"line":576},"21":{"name":"(anonymous_21)","decl":{"start":{"line":591,"column":43},"end":{"line":591,"column":44}},"loc":{"start":{"line":591,"column":48},"end":{"line":591,"column":60}},"line":591},"22":{"name":"(anonymous_22)","decl":{"start":{"line":597,"column":23},"end":{"line":597,"column":24}},"loc":{"start":{"line":597,"column":28},"end":{"line":597,"column":67}},"line":597},"23":{"name":"(anonymous_23)","decl":{"start":{"line":773,"column":22},"end":{"line":773,"column":23}},"loc":{"start":{"line":773,"column":32},"end":{"line":787,"column":7}},"line":773}},"branchMap":{"0":{"loc":{"start":{"line":24,"column":2},"end":{"line":31,"column":3}},"type":"if","locations":[{"start":{"line":24,"column":2},"end":{"line":31,"column":3}},{"start":{},"end":{}}],"line":24},"1":{"loc":{"start":{"line":34,"column":2},"end":{"line":41,"column":3}},"type":"if","locations":[{"start":{"line":34,"column":2},"end":{"line":41,"column":3}},{"start":{},"end":{}}],"line":34},"2":{"loc":{"start":{"line":46,"column":2},"end":{"line":46,"column":59}},"type":"if","locations":[{"start":{"line":46,"column":2},"end":{"line":46,"column":59}},{"start":{},"end":{}}],"line":46},"3":{"loc":{"start"
[...]
7,"column":23}},{"start":{"line":277,"column":27},"end":{"line":277,"column":40}}],"line":277},"43":{"loc":{"start":{"line":292,"column":25},"end":{"line":292,"column":61}},"type":"binary-expr","locations":[{"start":{"line":292,"column":25},"end":{"line":292,"column":50}},{"start":{"line":292,"column":54},"end":{"line":292,"column":61}}],"line":292},"44":{"loc":{"start":{"line":293,"column":28},"end":{"line":293,"column":69}},"type":"binary-expr","locations":[{"start":{"line":293,"column":28},"end":{"line":293,"column":56}},{"start":{"line":293,"column":60},"end":{"line":293,"column":69}}],"line":293},"45":{"loc":{"start":{"line":296,"column":2},"end":{"line":298,"column":3}},"type":"if","locations":[{"start":{"line":296,"column":2},"end":{"line":298,"column":3}},{"start":{},"end":{}}],"line":296},"46":{"loc":{"start":{"line":305,"column":2},"end":{"line":376,"column":3}},"type":"if","locations":[{"start":{"line":305,"column":2},"end":{"line":376,"column":3}},{"start":{"line":318,"column":9},"end":{"line":376,"column":3}}],"line":305},"47":{"loc":{"start":{"line":318,"column":9},"end":{"line":376,"column":3}},"type":"if","locations":[{"start":{"line":318,"column":9},"end":{"line":376,"column":3}},{"start":{"line":344,"column":9},"end":{"line":376,"column":3}}],"line":318},"48":{"loc":{"start":{"line":344,"column":9},"end":{"line":376,"column":3}},"type":"if","locations":[{"start":{"line":344,"column":9},"end":{"line":376,"column":3}},{"start":{"line":359,"column":9},"end":{"line":376,"column":3}}],"line":344},"49":{"loc":{"start":{"line":359,"column":9},"end":{"line":376,"column":3}},"type":"if","locations":[{"start":{"line":359,"column":9},"end":{"line":376,"column":3}},{"start":{},"end":{}}],"line":359},"50":{"loc":{"start":{"line":392,"column":4},"end":{"line":396,"column":5}},"type":"if","locations":[{"start":{"line":392,"column":4},"end":{"line":396,"column":5}},{"start":{"line":394,"column":11},"end":{"line":396,"column":5}}],"line":392},"51":{"loc":{"start":{"line":392,"column":8},"end":{"line":392,"column":79}},"type":"binary-expr","locations":[{"start":{"line":392,"column":8},"end":{"line":392,"column":27}},{"start":{"line":392,"column":32},"end":{"line":392,"column":49}},{"start":{"line":392,"column":53},"end":{"line":392,"column":78}}],"line":392},"52":{"loc":{"start":{"line":394,"column":11},"end":{"line":396,"column":5}},"type":"if","locations":[{"start":{"line":394,"column":11},"end":{"line":396,"column":5}},{"start":{},"end":{}}],"line":394},"53":{"loc":{"start":{"line":397,"column":4},"end":{"line":397,"column":92}},"type":"if","locations":[{"start":{"line":397,"column":4},"end":{"line":397,"column":92}},{"start":{},"end":{}}],"line":397},"54":{"loc":{"start":{"line":397,"column":8},"end":{"line":397,"column":40}},"type":"binary-expr","locations":[{"start":{"line":397,"column":8},"end":{"line":397,"column":23}},{"start":{"line":397,"column":27},"end":{"line":397,"column":40}}],"line":397}},"s":{"0":2,"1":2,"2":2,"3":2,"4":2,"5":2,"6":0,"7":0,"8":0,"9":0,"10":0,"11":0,"12":0,"13":0,"14":0,"15":0,"16":0,"17":0,"18":0,"19":0,"20":0,"21":0,"22":0,"23":0,"24":0,"25":0,"26":0,"27":0,"28":0,"29":0,"30":0,"31":0,"32":2,"33":2,"34":2,"35":2,"36":2,"37":2,"38":0,"39":2,"40":2,"41":0,"42":0,"43":0,"44":0,"45":0,"46":0,"47":0,"48":0,"49":0,"50":0,"51":0,"52":0,"53":0,"54":0,"55":0,"56":0,"57":0,"58":0,"59":0,"60":0,"61":0,"62":0,"63":0,"64":0,"65":0,"66":0,"67":0,"68":0,"69":0,"70":0,"71":0,"72":0,"73":0,"74":0,"75":0,"76":0,"77":0,"78":0,"79":0,"80":0,"81":0,"82":0,"83":0,"84":0,"85":0,"86":0,"87":0,"88":0,"89":0,"90":0,"91":0,"92":0,"93":0,"94":0,"95":0,"96":0,"97":0,"98":0,"99":0,"100":0,"101":0,"102":0,"103":0,"104":0,"105":0,"106":0,"107":0,"108":0,"109":0,"110":0,"111":0,"112":0,"113":0,"114":0,"115":0,"116":0,"117":0,"118":0,"119":0,"120":0,"121":0,"122":0,"123":0,"124":0,"125":0,"126":0,"127":0,"128":0,"129":0,"130":0,"131":0,"132":0,"133":0,"134":0,"135":0,"136":0,"137":0,"138":0,"139":0,"140":0,"141":0,"142":0,"143":0,"144":0,"145":0,"146":0,"147":0,"148":0,"149":0,"150":0,"151":0,"152":0,"153":0,"154":0,"155":0,"156":0,"157":0,"158":0,"159":0,"160":0,"161":0,"162":0,"163":0,"164":0,"165":0,"166":0,"167":0,"168":0,"169":0,"170":0,"171":0,"172":0,"173":0,"174":0,"175":0,"176":0,"177":0,"178":0,"179":2},"f":{"0":0,"1":0,"2":0,"3":0,"4":0,"5":0,"6":0,"7":0,"8":0},"b":{"0":[2,0],"1":[0],"2":[0,0],"3":[0,0],"4":[0,0],"5":[0,0,0,0,0],"6":[0,0],"7":[0,0],"8":[0,0],"9":[0,0],"10":[0,0],"11":[0,0],"12":[2,0],"13":[0],"14":[0,0],"15":[0,0],"16":[0,0],"17":[0,0],"18":[0,0],"19":[0,0],"20":[0,0],"21":[0,0],"22":[0,0],"23":[0,0],"24":[0,0],"25":[0,0],"26":[0,0,0],"27":[0,0],"28":[0,0],"29":[0,0],"30":[0,0],"31":[0,0],"32":[0,0],"33":[0,0],"34":[0,0],"35":[0,0],"36":[0,0],"37":[0,0],"38":[0,0],"39":[0,0,0],"40":[0,0],"41":[0,0],"42":[0,0],"43":[0,0],"44":[0,0],"45":[0,0],"46":[0,0],"47":[0,0],"48":[0,0],"49":[0,0],"50":[0,0],"51":[0,0,0],"52":[0,0],"53":[0,0],"54":[0,0]},"_coverageSchema":"1a1c01bbd47fc00a2c39e90264f33305004495a9","hash":"570129e860b57a27dca9a9e0b6c2c85ecd09fcfc"}
,"E:\\ANTIGRAVITY\\BhashaSetuAI\\server\\routes\\tutor.js": {"path":"E:\\ANTIGRAVITY\\BhashaSetuAI\\server\\routes\\tutor.js","statementMap":{"0":{"start":{"line":1,"column":16},"end":{"line":1,"column":34}},"1":{"start":{"line":2,"column":12},"end":{"line":2,"column":35}},"2":{"start":{"line":3,"column":19},"end":{"line":3,"column":36}},"3":{"start":{"line":4,"column":24},"end":{"line":4,"column":48}},"4":{"start":{"line":5,"column":11},"end":{"line":5,"column":27}},"5":{"start":{"line":6,"column":50},"end":{"line":6,"column":80}},"6":{"start":{"line":7,"column":0},"end":{"line":7,"column":45}},"7":{"start":{"line":9,"column":15},"end":{"line":9,"column":31}},"8":{"start":{"line":11,"column":20},"end":{"line":21,"column":1}},"9":{"start":{"line":12,"column":21},"end":{"line":12,"column":49}},"10":{"start":{"line":13,"column":2},"end":{"line":13,"column":82}},"11":{"start":{"line":13,"column":19},"end":{"line":13,"column":82}},"12":{"start":{"line":14,"column":16},"end":{"line":14,"column":40}},"13":{"start":{"line":16,"column":2},"end":{"line":20,"column":5}},"14":{"start":{"line":17,"column":4},"end":{"line":17,"column":71}},"15":{"start":{"line":17,"column":13},"end":{"line":17,"column":71}},"16":{"start":{"line":18,"column":4},"end":{"line":18,"column":33}},"17":{"start":{"line":19,"column":4},"end":{"line":19,"column":11}},"18":{"start":{"line":23,"column":0},"end":{"line":149,"column":3}},"19":{"start":{"line":24,"column":2},"end":{"line":24,"column":47}},"20":{"start":{"line":25,"column":17},"end":{"line":25,"column":67}},"21":{"start":{"line":26,"column":25},"end":{"line":26,"column":105}},"22":{"start":{"line":27,"column":21},"end":{"line":27,"column":142}},"23":{"start":{"line":29,"column":32},"end":{"line":29,"column":40}},"24":{"start":{"line":31,"column":2},"end":{"line":33,"column":3}},"25":{"start":{"line":32,"column":4},"end":{"line":32,"column":68}},"26":{"start":{"line":36,"column":2},"end":{"line":38,"column":3}},"27":{"start":{"line":37,"column":4},"end":{"line":37,"column":101}},"28":{"start":{"line":41,"column":17},"end":{"line":41,"column":26}},"29":{"start":{"line":42,"column":17},"end":{"line":42,"column":33}},"30":{"start":{"line":43,"column":24},"end":{"line":43,"column":28}},"31":{"start":{"line":44,"column":27},"end":{"line":44,"column":31}},"32":{"start":{"line":46,"column":19},"end":{"line":46,"column":23}},"33":{"start":{"line":48,"column":2},"end":{"line":79,"column":3}},"34":{"start":{"line":49,"column":20},"end":{"line":49,"column":122}},"35":{"start":{"line":50,"column":4},"end":{"line":57,"column":5}},"36":{"start":{"line":51,"column":6},"end":{"line":51,"column":45}},"37":{"start":{"line":52,"column":6},"end":{"line":52,"column":65}},"38":{"start":{"line":53,"column":6},"end":{"line":56,"column":7}},"39":{"start":{"line":54,"column":25},"end":{"line":54,"column":114}},"40":{"start":{"line":55,"column":8},"end":{"line":55,"column":50}},"41":{"start":{"line":60,"column":26},"end":{"line":60,"column":132}},"42":{"start":{"line":61,"column":4},"end":{"line":63,"column":5}},"43":{"start":{"line":62,"column":6},"end":{"line":62,"column":45}},"44":{"start":{"line":66,"column":27},"end":{"line":72,"column":20}},"45":{"start":{"line":74,"column":4},"end":{"line":76,"column":5}},"46":{"start":{"line":75,"column":6},"end":{"line":75,"column":49}},"47":{"start":{"line":78,"column":4},"end":{"line":78,"column":58}},"48":{"start":{"line":81,"column":26},"end":{"line":81,"column":28}},"49":{"start":{"line":82,"column":2},"end":{"line":92,"column":3}},"50":{"start":{"line":83,"column":4},"end":{"line":83,"column":78}},"51":{"start":{"line":84,"column":4},"end":{"line":84,"column":105}},"52":{"start":{"line":84,"column":34},"end":{"line":84,"column":105}},"53":{"start":{"line":85,"column":4},"end":{"line":85,"column":106}},"54":{"start":{"line":85,"column":28},"end":{"line":85,"column":106}},"55":{"start":{"line":86,"column":4},"end":{"line":90,"column":5}},"56":{"start":{"line":87,"column":6},"end":{"line":87,"column":85}},"57":{"start":{"line":88,"column":6},"end":{"line":88,"column":98}},"58":{"start":{"line":89,"column":6},"end":{"line":89,"column":87}},"59":{"start":{"line":91,"column":4},"end":{"line":91,"column":209}},"60":{"start":{"line":94,"column":23},"end":{"line":101,"column":27}},"61":{"start":{"line":103,"column":2},"end":{"line":148,"column":3}},"62":{"start":{"line":104,"column":19},"end":{"line":110,"column":6}},"63":{"start":{"line":112,"column":18},"end":{"line":112,"column":51}},"64":{"start":{"line":113,"column":4},"end":{"line":113,"column":36}},"65":{"start":{"line":115,"column":4},"end":{"line":115,"column":62}},"66":{"start":{"line":117,"column":4},"end":{"line":147,"column":5}},"67":{"start":{"line":118,"column":6},"end":{"line":118,"column":77}},"68":{"start":{"line":119,"column":31},"end":{"line":124,"column":8}},"69":{"start":{"line":126,"column":20},"end":{"line":126,"column":41}},"70":{"start":{"line":127,"column":6},"end":{"line":127,"column":38}},"71":{"start":{"line":129,"column":6},"end":{"line":129,"column":73}},"72":{"start":{"line":131,"column":6},"end":{"line":146,"column":7}},"73":{"start":{"line":132,"column":8},"end":{"line":132,"column":88}},"74":{"start":{"line":133,"column":25},"end":{"line":139,"column":10}},"75":{"start":{"line":141,"column":22},"end":{"line":141,"column":57}},"76":{"start":{"line":142,"column":8},"end":{"line":142,"column":40}},"77":{"start":{"line":144,"column":8},"end":{"line":144,"column":72}},"78":{"start":{"line":145,"column":8},"end":{"line":145,"column":106}},"79":{"start":{"line":151,"column":0},"end":{"line":151,"column":24}}},"fnMap":{"0":{"name":"(anonymous_0)","decl":{"start":{"line":11,"column":20},"end":{"line":11,"column":21}},"loc":{"start":{"line":11,"column":40},"end":{"line":21,"column":1}},"line":11},"1":{"name":"(anonymous_1)","decl":{"start":{"line":16,"column":69},"end":{"line":16,"column":70}},"loc":{"start":{"line":16,"column":87},"end":{"line":20,"column":3}},"line":16},"2":{"name":"(anonymous_2)","decl":{"start":{"line":23,"column":34},"end":{"line":23,"column":35}},"loc":{"start":{"line":23,"column":54},"end":{"line":149,"column":1}},"line":23}},"branchMap":{"0":{"loc":{"start":{"line":13,"column":2},"end":{"line":13,"column":82}},"type":"if","locations":[{"start":{"line":13,"column":2},"end":{"line":13,"column":82}},{"start":{},"end":{}}],"line":13},"1":{"loc":{"start":{"line":16,"column":20},"end":{"line":16,"column":67}},"type":"binary-expr","locations":[{"start":{"line":16,"column":20},"end":{"line":16,"column":42}},{"start":{"line":16,"column":46},"end":{"line":16,"column":67}}],"line":16},"2":{"loc":{"start":{"line":17,"column":4},"end":{"line":17,"column":71}},"type":"if","locations":[{"start":{"line":17,"column":4},"end":{"line":17,"column":71}},{"start":{},"end":{}}],"line":17},"3":{"loc":{"start":{"line":26,"column":46},"end":{"line":26,"column":102}},"type":"binary-expr","locations":[{"start":{"line":26,"column":46},"end":{"line":26,"column":81}},{"start":{"line":26,"column":85},"end":{"line":26,"column":102}}],"line":26},"4":{"loc":{"start":{"line":27,"column":47},"end":{"line":27,"column":139}},"type":"binary-expr","locations":[{"start":{"line":27,"column":47},"end":{"line":27,"column":88}},{"start":{"line":27,"column":92},"end":{"line":27,"column":118}},{"start":{"line":27,"column":122},"end":{"line":27,"column":139}}],"line":27},"5":{"loc":{"start":{"line":31,"column":2},"end":{"line":33,"column":3}},"type":"if","locations":[{"start":{"line":31,"column":2},"end":{"line":33,"column":3}},{"start":{},"end":{}}],"line":31},"6":{"loc":{"start":{"line":36,"column":2},"end":{"line":38,"column":3}},"type":"if","locations":[{"start":{"line":36,"column":2},"end":{"line":38,"column":3}},{"start":{},"end":{}}],"line":36},"7":{"loc":{"start":{"line":42,"column":17},"end":{"line":42,"column":33}},"type":"binary-expr","locations":[{"start":{"line":42,"column":17},"end":{"line":42,"column":25}},{"start":{"line":42,"column":29},"end":{"line":42,"column":33}}],"line":42},"8":{"loc":{"start":{"line":50,"column":4},"end":{"line":57,"column":5}},"type":"if","locations":[{"start":{"line":50,"column":4},"end":{"line":57,"column":5}},{"start":{},"end":{}}],"line":50},"9":{"loc":{"start":{"line":52,"column":17},"end":{"line":52,"column":64}},"type":"binary-expr","locations":[{"start":{"line":52,"column":17},"end":{"line":52,"column":44}},{"start":{"line":52,"column":48},"end":{"line":52,"column":56}},{"start":{"line":52,"column":60},"end":{"line":52,"column":64}}],"line":52},"10":{"loc":{"start":{"line":53,"column":6},"end":{"line":56,"column":7}},"type":"if","locations":[{"start":{"line":53,"column":6},"end":{"line":56,"column":7}},{"start":{},"end":{}}],"line":53},"11":{"loc":{"start":{"line":54,"column":25},"end":{"line":54,"column":114}},"type":"cond-expr","locations":[{"start":{"line":54,"column":65},"end":{"line":54,"column":94}},{"start":{"line":54,"column":97},"end":{"line":54,"column":114}}],"line":54},"12":{"loc":{"start":{"line":55,"column":21},"end":{"line":55,"column":49}},"type":"binary-expr","locations":[{"start":{"line":55,"column":21},"end":{"line":55,"column":41}},{"start":{"line":55,"column":45},"end":{"line":55,"column":49}}],"line":55},"13":{"loc":{"start":{"line":61,"column":4},"end":{"line":63,"column":5}},"type":"if","locations":[{"start":{"line":61,"column":4},"end":{"line":63,"column":5}},{"start":{},"end":{}}],"line":61},"14":{"loc":{"start":{"line":74,"column":4},"end":{"line":76,"column":5}},"type":"if","locations":[{"start":{"line":74,"column":4},"end":{"line":76,"column":5}},{"start":{},"end":{}}],"line":74},"15":{"loc":{"start":{"line":82,"column":2},"end":{"line":92,"column":3}},"type":"if","locations":[{"start":{"line":82,"column":2},"end":{"line":92,"column":3}},{"start":{},"end":{}}],"line":82},"16":{"loc":{"start":{"line":82,"column":6},"end":{"line":82,"column":66}},"type":"binary-expr","locations":[{"start":{"line":82,"column":6},"end":{"line":82,"column":30}},{"start":{"line":82,"column":34},"end":{"line":82,"column":52}},{"start":{"line":82,"column":56},"end":{"line":82,"column":66}}],"line":82},"17":{"loc":{"start":{"line":84,"column":4},"end":{"line":84,"column":105}},"type":"if","locations":[{"start":{"line":84,"column":4},"end":{"line":84,"column":105}},{"start":{},"end":{}}],"line":84},"18":{"loc":{"start":{"line":85,"column":4},"end":{"line":85,"column":106}},"type":"if","locations":[{"start":{"line":85,"column":4},"end":{"line":85,"column":106}},{"start":{},"end":{}}],"line":85},"19":{"loc":{"start":{"line":86,"column":4},"end":{"line":90,"column":5}},"type":"if","locations":[{"start":{"line":86,"column":4},"end":{"line":90,"column":5}},{"start":{},"end":{}}],"line":86}},"s":{"0":2,"1":2,"2":2,"3":2,"4":2,"5":2,"6":2,"7":2,"8":2,"9":0,"10":0,"11":0,"12":0,"13":0,"14":0,"15":0,"16":0,"17":0,"18":2,"19":0,"20":0,"21":0,"22":0,"23":0,"24":0,"25":0,"26":0,"27":0,"28":0,"29":0,"30":0,"31":0,"32":0,"33":0,"34":0,"35":0,"36":0,"37":0,"38":0,"39":0,"40":0,"41":0,"42":0,"43":0,"44":0,"45":0,"46":0,"47":0,"48":0,"49":0,"50":0,"51":0,"52":0,"53":0,"54":0,"55":0,"56":0,"57":0,"58":0,"59":0,"60":0,"61":0,"62":0,"63":0,"64":0,"65":0,"66":0,"67":0,"68":0,"69":0,"70":0,"71":0,"72":0,"73":0,"74":0,"75":0,"76":0,"77":0,"78":0,"79":2},"f":{"0":0,"1":0,"2":0},"b":{"0":[0,0],"1":[0,0],"2":[0,0],"3":[0,0],"4":[0,0,0],"5":[0,0],"6":[0,0],"7":[0,0],"8":[0,0],"9":[0,0,0],"10":[0,0],"11":[0,0],"12":[0,0],"13":[0,0],"14":[0,0],"15":[0,0],"16":[0,0,0],"17":[0,0],"18":[0,0],"19":[0,0]},"_coverageSchema":"1a1c01bbd47fc00a2c39e90264f33305004495a9","hash":"60785fdfebe245a56557258cf4c136c3267494fd"}
,"E:\\ANTIGRAVITY\\BhashaSetuAI\\server\\utils\\guardrails.js": {"path":"E:\\ANTIGRAVITY\\BhashaSetuAI\\server\\utils\\guardrails.js","statementMap":{"0":{"start":{"line":1,"column":15},"end":{"line":1,"column":34}},"1":{"start":{"line":8,"column":21},"end":{"line":34,"column":1}},"2":{"start":{"line":9,"column":2},"end":{"line":9,"column":27}},"3":{"start":{"line":9,"column":15},"end":{"line":9,"column":27}},"4":{"start":{"line":11,"column":15},"end":{"line":11,"column":35}},"5":{"start":{"line":14,"column":26},"end":{"line":24,"column":3}},"6":{"start":{"line":26,"column":2},"end":{"line":31,"column":3}},"7":{"start":{"line":27,"column":4},"end":{"line":30,"column":5}},"8":{"start":{"line":28,"column":6},"end":{"line":28,"column":89}},"9":{"start":{"line":29,"column":6},"end":{"line":29,"column":19}},"10":{"start":{"line":33,"column":2},"end":{"line":33,"column":14}},"11":{"start":{"line":36,"column":32},"end":{"line":42,"column":1}},"12":{"start":{"line":44,"column":0},"end":{"line":47,"column":2}}},"fnMap":{"0":{"name":"(anonymous_0)","decl":{"start":{"line":8,"column":21},"end":{"line":8,"column":22}},"loc":{"start":{"line":8,"column":33},"end":{"line":34,"column":1}},"line":8}},"branchMap":{"0":{"loc":{"start":{"line":9,"column":2},"end":{"line":9,"column":27}},"type":"if","locations":[{"start":{"line":9,"column":2},"end":{"line":9,"column":27}},{"start":{},"end":{}}],"line":9},"1":{"loc":{"start":{"line":27,"column":4},"end":{"line":30,"column":5}},"type":"if","locations":[{"start":{"line":27,"column":4},"end":{"line":30,"column":5}},{"start":{},"end":{}}],"line":27}},"s":{"0":2,"1":2,"2":0,"3":0,"4":0,"5":0,"6":0,"7":0,"8":0,"9":0,"10":0,"11":2,"12":2},"f":{"0":0},"b":{"0":[0,0],"1":[0,0]},"_coverageSchema":"1a1c01bbd47fc00a2c39e90264f33305004495a9","hash":"e5b8798e20630864fd62fc0715d410be850690bd"}
,"E:\\ANTIGRAVITY\\BhashaSetuAI\\server\\utils\\logger.js": {"path":"E:\\ANTIGRAVITY\\BhashaSetuAI\\server\\utils\\logger.js","statementMap":{"0":{"start":{"line":1,"column":16},"end":{"line":1,"column":34}},"1":{"start":{"line":2,"column":13},"end":{"line":2,"column":28}},"2":{"start":{"line":5,"column":15},"end":{"line":22,"column":2}},"3":{"start":{"line":26,"column":0},"end":{"line":33,"column":1}},"4":{"start":{"line":27,"column":2},"end":{"line":32,"column":6}},"5":{"start":{"line":35,"column":0},"end":{"line":35,"column":24}}},"fnMap":{},"branchMap":{"0":{"loc":{"start":{"line":6,"column":9},"end":{"line":6,"column":65}},"type":"cond-expr","locations":[{"start":{"line":6,"column":49},"end":{"line":6,"column":55}},{"start":{"line":6,"column":58},"end":{"line":6,"column":65}}],"line":6},"1":{"loc":{"start":{"line":26,"column":0},"end":{"line":33,"column":1}},"type":"if","locations":[{"start":{"line":26,"column":0},"end":{"line":33,"column":1}},{"start":{},"end":{}}],"line":26},"2":{"loc":{"start":{"line":26,"column":4},"end":{"line":26,"column":76}},"type":"binary-expr","locations":[{"start":{"line":26,"column":4},"end":{"line":26,"column":41}},{"start":{"line":26,"column":45},"end":{"line":26,"column":76}}],"line":26}},"s":{"0":2,"1":2,"2":2,"3":2,"4":0,"5":2},"f":{},"b":{"0":[0,2],"1":[0,2],"2":[2,2]},"_coverageSchema":"1a1c01bbd47fc00a2c39e90264f33305004495a9","hash":"2b27d5ed8a5d7e05adaa7393c012138709210434"}
}
