TN:
SF:PushReminders.js
FN:18,(anonymous_0)
FN:37,(anonymous_1)
FN:43,(anonymous_2)
FN:44,(anonymous_3)
FN:59,(anonymous_4)
FNF:5
FNH:0
FNDA:0,(anonymous_0)
FNDA:0,(anonymous_1)
FNDA:0,(anonymous_2)
FNDA:0,(anonymous_3)
FNDA:0,(anonymous_4)
DA:1,2
DA:2,2
DA:3,2
DA:6,2
DA:7,2
DA:8,2
DA:13,2
DA:15,0
DA:18,2
DA:19,0
DA:20,0
DA:21,0
DA:22,0
DA:24,0
DA:25,0
DA:26,0
DA:29,0
DA:36,0
DA:37,0
DA:38,0
DA:42,0
DA:43,0
DA:45,0
DA:47,0
DA:52,0
DA:53,0
DA:55,0
DA:59,2
DA:61,0
DA:63,0
DA:66,2
LF:31
LH:10
BRDA:19,0,0,0
BRDA:19,0,1,0
BRDA:24,1,0,0
BRDA:24,1,1,0
BRDA:45,2,0,0
BRDA:45,2,1,0
BRF:6
BRH:0
end_of_record
TN:
SF:index.js
FN:11,(anonymous_0)
FN:12,(anonymous_1)
FN:16,(anonymous_2)
FN:17,(anonymous_3)
FN:21,(anonymous_4)
FN:22,(anonymous_5)
FN:26,(anonymous_6)
FN:27,(anonymous_7)
FN:76,(anonymous_8)
FN:85,(anonymous_9)
FNF:10
FNH:2
FNDA:40,(anonymous_0)
FNDA:40,(anonymous_1)
FNDA:0,(anonymous_2)
FNDA:0,(anonymous_3)
FNDA:0,(anonymous_4)
FNDA:0,(anonymous_5)
FNDA:0,(anonymous_6)
FNDA:0,(anonymous_7)
FNDA:0,(anonymous_8)
FNDA:0,(anonymous_9)
DA:1,2
DA:2,2
DA:3,2
DA:6,2
DA:7,2
DA:8,2
DA:9,2
DA:11,2
DA:12,40
DA:13,40
DA:16,2
DA:17,0
DA:18,0
DA:21,2
DA:22,0
DA:23,0
DA:26,2
DA:27,0
DA:28,0
DA:30,2
DA:31,2
DA:32,2
DA:34,2
DA:35,2
DA:36,2
DA:37,2
DA:38,2
DA:39,2
DA:40,2
DA:41,2
DA:42,2
DA:44,2
DA:45,2
DA:48,2
DA:49,2
DA:54,2
DA:59,2
DA:61,2
DA:62,2
DA:65,2
DA:66,2
DA:67,2
DA:68,2
DA:69,2
DA:70,2
DA:71,2
DA:72,2
DA:73,2
DA:76,2
DA:77,0
DA:80,2
DA:82,2
DA:84,2
DA:85,0
DA:86,0
DA:87,0
DA:91,2
LF:57
LH:47
BRDA:12,0,0,0
BRDA:12,0,1,40
BRDA:17,1,0,0
BRDA:17,1,1,0
BRDA:22,2,0,0
BRDA:22,2,1,0
BRDA:27,3,0,0
BRDA:27,3,1,0
BRDA:50,4,0,2
BRDA:50,4,1,2
BRDA:82,5,0,2
BRDA:82,5,1,0
BRDA:84,6,0,0
BRDA:84,6,1,2
BRF:14
BRH:5
end_of_record
TN:
SF:routes\activities.js
FN:12,(anonymous_0)
FN:16,(anonymous_1)
FN:24,(anonymous_2)
FN:44,(anonymous_3)
FN:59,(anonymous_4)
FN:73,(anonymous_5)
FN:84,(anonymous_6)
FN:98,(anonymous_7)
FN:110,(anonymous_8)
FNF:9
FNH:1
FNDA:0,(anonymous_0)
FNDA:0,(anonymous_1)
FNDA:10,(anonymous_2)
FNDA:0,(anonymous_3)
FNDA:0,(anonymous_4)
FNDA:0,(anonymous_5)
FNDA:0,(anonymous_6)
FNDA:0,(anonymous_7)
FNDA:0,(anonymous_8)
DA:1,2
DA:2,2
DA:3,2
DA:4,2
DA:5,2
DA:6,2
DA:7,2
DA:8,2
DA:10,2
DA:12,2
DA:13,0
DA:14,0
DA:15,0
DA:16,0
DA:17,0
DA:18,0
DA:19,0
DA:24,2
DA:25,10
DA:26,10
DA:27,10
DA:29,0
DA:30,0
DA:34,2
DA:44,2
DA:45,0
DA:46,0
DA:47,0
DA:49,0
DA:50,0
DA:51,0
DA:54,0
DA:59,2
DA:60,0
DA:61,0
DA:63,0
DA:64,0
DA:67,0
DA:68,0
DA:70,0
DA:71,0
DA:72,0
DA:73,0
DA:74,0
DA:77,0
DA:79,0
DA:84,2
DA:85,0
DA:86,0
DA:87,0
DA:88,0
DA:90,0
DA:92,0
DA:93,0
DA:96,0
DA:98,0
DA:101,0
DA:102,0
DA:106,0
DA:108,0
DA:109,0
DA:110,0
DA:111,0
DA:115,0
DA:117,0
DA:118,0
DA:119,0
DA:123,0
DA:125,0
DA:126,0
DA:132,2
LF:71
LH:19
BRDA:14,0,0,0
BRDA:14,0,1,0
BRDA:16,1,0,0
BRDA:16,1,1,0
BRDA:17,2,0,0
BRDA:17,2,1,0
BRDA:46,3,0,0
BRDA:46,3,1,0
BRDA:47,4,0,0
BRDA:47,4,1,0
BRDA:50,5,0,0
BRDA:50,5,1,0
BRDA:63,6,0,0
BRDA:63,6,1,0
BRDA:63,7,0,0
BRDA:63,7,1,0
BRDA:67,8,0,0
BRDA:67,8,1,0
BRDA:68,9,0,0
BRDA:68,9,1,0
BRDA:71,10,0,0
BRDA:71,10,1,0
BRDA:72,11,0,0
BRDA:72,11,1,0
BRDA:87,12,0,0
BRDA:87,12,1,0
BRDA:88,13,0,0
BRDA:88,13,1,0
BRDA:88,13,2,0
BRDA:92,14,0,0
BRDA:92,14,1,0
BRDA:92,15,0,0
BRDA:92,15,1,0
BRDA:92,15,2,0
BRF:34
BRH:0
end_of_record
TN:
SF:routes\admin.js
FN:7,(anonymous_0)
FN:13,(anonymous_1)
FN:21,(anonymous_2)
FN:43,(anonymous_3)
FN:73,(anonymous_4)
FN:73,(anonymous_5)
FN:101,(anonymous_6)
FN:143,(anonymous_7)
FN:173,(anonymous_8)
FN:184,(anonymous_9)
FN:210,(anonymous_10)
FN:225,(anonymous_11)
FN:236,(anonymous_12)
FN:247,(anonymous_13)
FN:257,(anonymous_14)
FN:271,(anonymous_15)
FN:291,(anonymous_16)
FN:310,(anonymous_17)
FN:325,(anonymous_18)
FN:336,(anonymous_19)
FN:348,(anonymous_20)
FN:372,(anonymous_21)
FN:375,(anonymous_22)
FN:386,(anonymous_23)
FNF:24
FNH:0
FNDA:0,(anonymous_0)
FNDA:0,(anonymous_1)
FNDA:0,(anonymous_2)
FNDA:0,(anonymous_3)
FNDA:0,(anonymous_4)
FNDA:0,(anonymous_5)
FNDA:0,(anonymous_6)
FNDA:0,(anonymous_7)
FNDA:0,(anonymous_8)
FNDA:0,(anonymous_9)
FNDA:0,(anonymous_10)
FNDA:0,(anonymous_11)
FNDA:0,(anonymous_12)
FNDA:0,(anonymous_13)
FNDA:0,(anonymous_14)
FNDA:0,(anonymous_15)
FNDA:0,(anonymous_16)
FNDA:0,(anonymous_17)
FNDA:0,(anonymous_18)
FNDA:0,(anonymous_19)
FNDA:0,(anonymous_20)
FNDA:0,(anonymous_21)
FNDA:0,(anonymous_22)
FNDA:0,(anonymous_23)
DA:1,2
DA:2,2
DA:3,2
DA:5,2
DA:7,2
DA:8,0
DA:9,0
DA:11,0
DA:13,0
DA:14,0
DA:15,0
DA:16,0
DA:17,0
DA:21,2
DA:22,0
DA:23,0
DA:24,0
DA:26,0
DA:27,0
DA:29,0
DA:30,0
DA:32,0
DA:38,0
DA:39,0
DA:43,2
DA:44,0
DA:45,0
DA:46,0
DA:48,0
DA:49,0
DA:51,0
DA:52,0
DA:55,0
DA:58,0
DA:61,0
DA:62,0
DA:64,0
DA:65,0
DA:66,0
DA:68,0
DA:69,0
DA:71,0
DA:73,0
DA:78,0
DA:96,0
DA:97,0
DA:101,2
DA:102,0
DA:103,0
DA:104,0
DA:105,0
DA:107,0
DA:121,0
DA:123,0
DA:124,0
DA:125,0
DA:126,0
DA:128,0
DA:138,0
DA:139,0
DA:143,2
DA:144,0
DA:145,0
DA:146,0
DA:147,0
DA:149,0
DA:157,0
DA:159,0
DA:161,0
DA:168,0
DA:169,0
DA:173,2
DA:174,0
DA:175,0
DA:176,0
DA:178,0
DA:179,0
DA:183,2
DA:184,2
DA:185,0
DA:186,0
DA:189,0
DA:190,0
DA:191,0
DA:194,0
DA:195,0
DA:197,0
DA:203,0
DA:205,0
DA:206,0
DA:210,2
DA:211,0
DA:212,0
DA:218,0
DA:220,0
DA:221,0
DA:225,2
DA:226,0
DA:227,0
DA:228,0
DA:229,0
DA:231,0
DA:232,0
DA:236,2
DA:237,0
DA:238,0
DA:239,0
DA:240,0
DA:242,0
DA:243,0
DA:247,2
DA:248,0
DA:249,0
DA:250,0
DA:252,0
DA:253,0
DA:257,2
DA:258,0
DA:259,0
DA:261,0
DA:262,0
DA:264,0
DA:266,0
DA:267,0
DA:271,2
DA:272,0
DA:273,0
DA:274,0
DA:284,0
DA:286,0
DA:287,0
DA:291,2
DA:292,0
DA:293,0
DA:294,0
DA:296,0
DA:297,0
DA:298,0
DA:301,0
DA:302,0
DA:304,0
DA:305,0
DA:310,2
DA:311,0
DA:312,0
DA:318,0
DA:320,0
DA:321,0
DA:325,2
DA:326,0
DA:327,0
DA:328,0
DA:329,0
DA:331,0
DA:332,0
DA:336,2
DA:337,0
DA:338,0
DA:339,0
DA:340,0
DA:342,0
DA:343,0
DA:348,2
DA:349,0
DA:351,0
DA:363,0
DA:364,0
DA:366,0
DA:367,0
DA:372,2
DA:373,0
DA:374,0
DA:375,0
DA:376,0
DA:377,0
DA:379,0
DA:381,0
DA:382,0
DA:386,2
DA:387,0
DA:388,0
DA:389,0
DA:390,0
DA:392,0
DA:394,0
DA:395,0
DA:399,2
LF:187
LH:26
BRDA:9,0,0,0
BRDA:9,0,1,0
BRDA:13,1,0,0
BRDA:13,1,1,0
BRDA:14,2,0,0
BRDA:14,2,1,0
BRDA:15,3,0,0
BRDA:15,3,1,0
BRDA:27,4,0,0
BRDA:27,4,1,0
BRDA:49,5,0,0
BRDA:49,5,1,0
BRDA:66,6,0,0
BRDA:66,6,1,0
BRDA:69,7,0,0
BRDA:69,7,1,0
BRDA:103,8,0,0
BRDA:103,8,1,0
BRDA:104,9,0,0
BRDA:104,9,1,0
BRDA:147,10,0,0
BRDA:147,10,1,0
BRDA:190,11,0,0
BRDA:190,11,1,0
BRDA:200,12,0,0
BRDA:200,12,1,0
BRDA:200,13,0,0
BRDA:200,13,1,0
BRDA:200,14,0,0
BRDA:200,14,1,0
BRDA:200,15,0,0
BRDA:200,15,1,0
BRDA:297,16,0,0
BRDA:297,16,1,0
BRDA:328,17,0,0
BRDA:328,17,1,0
BRF:36
BRH:0
end_of_record
TN:
SF:routes\assessment.js
FN:45,determineProficiency
FN:88,(anonymous_1)
FN:94,(anonymous_2)
FN:101,(anonymous_3)
FN:126,(anonymous_4)
FN:133,(anonymous_5)
FN:135,(anonymous_6)
FN:141,(anonymous_7)
FN:143,(anonymous_8)
FN:151,(anonymous_9)
FN:163,(anonymous_10)
FN:167,(anonymous_11)
FN:168,(anonymous_12)
FN:176,(anonymous_13)
FN:184,(anonymous_14)
FN:185,(anonymous_15)
FN:216,(anonymous_16)
FN:217,(anonymous_17)
FN:246,(anonymous_18)
FN:562,(anonymous_19)
FN:576,(anonymous_20)
FN:591,(anonymous_21)
FN:597,(anonymous_22)
FN:773,(anonymous_23)
FNF:24
FNH:18
FNDA:2,determineProficiency
FNDA:2,(anonymous_1)
FNDA:2,(anonymous_2)
FNDA:1,(anonymous_3)
FNDA:4,(anonymous_4)
FNDA:0,(anonymous_5)
FNDA:0,(anonymous_6)
FNDA:100,(anonymous_7)
FNDA:1831,(anonymous_8)
FNDA:5,(anonymous_9)
FNDA:4,(anonymous_10)
FNDA:3,(anonymous_11)
FNDA:25,(anonymous_12)
FNDA:0,(anonymous_13)
FNDA:0,(anonymous_14)
FNDA:0,(anonymous_15)
FNDA:39,(anonymous_16)
FNDA:15,(anonymous_17)
FNDA:0,(anonymous_18)
FNDA:1,(anonymous_19)
FNDA:2,(anonymous_20)
FNDA:2,(anonymous_21)
FNDA:2,(anonymous_22)
FNDA:99,(anonymous_23)
DA:1,2
DA:2,2
DA:3,2
DA:4,2
DA:5,2
DA:6,2
DA:8,2
DA:9,2
DA:10,2
DA:11,2
DA:12,2
DA:13,2
DA:17,2
DA:19,2
DA:20,2
DA:22,2
DA:23,14
DA:24,14
DA:25,14
DA:26,14
DA:27,14
DA:29,0
DA:33,14
DA:34,14
DA:35,14
DA:36,14
DA:37,14
DA:39,0
DA:46,2
DA:48,2
DA:49,2
DA:50,2
DA:51,2
DA:52,2
DA:54,2
DA:55,2
DA:56,2
DA:57,2
DA:58,0
DA:59,2
DA:60,0
DA:61,2
DA:62,2
DA:63,0
DA:64,0
DA:65,0
DA:66,0
DA:72,2
DA:73,2
DA:75,2
DA:79,2
DA:80,2
DA:82,2
DA:83,2
DA:84,2
DA:86,2
DA:88,2
DA:89,2
DA:90,2
DA:92,2
DA:94,2
DA:95,2
DA:96,2
DA:97,2
DA:101,2
DA:102,1
DA:104,1
DA:105,1
DA:106,1
DA:107,1
DA:108,1
DA:109,1
DA:112,1
DA:115,1
DA:117,1
DA:118,1
DA:122,1
DA:126,1
DA:127,4
DA:129,4
DA:130,4
DA:132,4
DA:133,0
DA:134,0
DA:135,0
DA:137,0
DA:140,4
DA:141,4
DA:142,100
DA:143,1831
DA:145,4
DA:148,0
DA:151,1
DA:152,5
DA:153,5
DA:154,5
DA:155,5
DA:156,15
DA:157,15
DA:158,15
DA:160,5
DA:163,1
DA:164,4
DA:165,4
DA:166,1
DA:167,3
DA:168,25
DA:169,1
DA:170,1
DA:172,3
DA:176,1
DA:177,0
DA:178,0
DA:179,0
DA:180,0
DA:181,0
DA:182,0
DA:183,0
DA:184,0
DA:185,0
DA:189,1
DA:191,0
DA:192,0
DA:193,0
DA:194,0
DA:195,0
DA:200,1
DA:201,0
DA:202,0
DA:203,0
DA:204,0
DA:210,1
DA:211,1
DA:212,1
DA:213,1
DA:215,1
DA:216,39
DA:217,15
DA:220,1
DA:221,1
DA:225,0
DA:228,0
DA:229,0
DA:230,0
DA:232,0
DA:233,0
DA:237,0
DA:238,0
DA:241,0
DA:242,0
DA:246,2
DA:247,0
DA:248,0
DA:249,0
DA:251,0
DA:252,0
DA:254,0
DA:261,0
DA:262,0
DA:263,0
DA:264,0
DA:270,0
DA:290,0
DA:291,0
DA:292,0
DA:294,0
DA:295,0
DA:298,0
DA:301,0
DA:302,0
DA:303,0
DA:304,0
DA:305,0
DA:306,0
DA:307,0
DA:308,0
DA:309,0
DA:310,0
DA:311,0
DA:320,0
DA:321,0
DA:323,0
DA:331,0
DA:332,0
DA:333,0
DA:334,0
DA:336,0
DA:337,0
DA:343,0
DA:363,0
DA:364,0
DA:367,0
DA:368,0
DA:371,0
DA:375,0
DA:376,0
DA:378,0
DA:411,0
DA:412,0
DA:414,0
DA:415,0
DA:416,0
DA:426,0
DA:428,0
DA:429,0
DA:430,0
DA:463,0
DA:464,0
DA:465,0
DA:466,0
DA:467,0
DA:475,0
DA:476,0
DA:477,0
DA:478,0
DA:479,0
DA:480,0
DA:482,0
DA:487,0
DA:488,0
DA:490,0
DA:496,0
DA:501,0
DA:502,0
DA:503,0
DA:504,0
DA:505,0
DA:508,0
DA:509,0
DA:510,0
DA:518,0
DA:519,0
DA:524,0
DA:525,0
DA:536,0
DA:538,0
DA:544,0
DA:552,0
DA:557,0
DA:558,0
DA:562,2
DA:563,1
DA:564,1
DA:567,1
DA:568,1
DA:569,1
DA:570,1
DA:571,1
DA:574,1
DA:576,2
DA:578,1
DA:583,1
DA:586,1
DA:591,2
DA:593,1
DA:597,2
DA:611,1
DA:644,1
DA:677,1
DA:708,1
DA:709,1
DA:710,1
DA:712,1
DA:713,1
DA:714,1
DA:719,1
DA:720,1
DA:721,0
DA:722,1
DA:723,0
DA:726,1
DA:727,1
DA:728,1
DA:730,0
DA:731,0
DA:732,0
DA:733,0
DA:738,0
DA:739,0
DA:740,0
DA:741,0
DA:742,0
DA:745,0
DA:746,0
DA:747,0
DA:749,0
DA:750,0
DA:751,0
DA:761,1
DA:762,1
DA:765,1
DA:766,1
DA:767,0
DA:768,1
DA:769,1
DA:773,1
DA:774,99
DA:775,99
DA:777,99
DA:778,99
DA:780,99
DA:781,99
DA:783,99
DA:784,99
DA:786,99
DA:791,1
DA:797,1
DA:798,3
DA:799,88
DA:800,88
DA:805,88
DA:807,88
DA:808,88
DA:810,88
DA:811,30
DA:812,30
DA:814,0
DA:815,0
DA:817,58
DA:818,30
DA:819,30
DA:820,0
DA:821,0
DA:823,0
DA:824,0
DA:826,28
DA:827,28
DA:828,0
DA:830,28
DA:834,88
DA:842,1
DA:843,1
DA:844,1
DA:849,0
DA:855,1
DA:863,0
DA:864,0
DA:868,2
LF:338
LH:180
BRDA:24,0,0,14
BRDA:24,0,1,0
BRDA:34,1,0,14
BRDA:34,1,1,0
BRDA:46,2,0,0
BRDA:46,2,1,2
BRDA:46,3,0,0
BRDA:46,3,1,0
BRDA:49,4,0,2
BRDA:49,4,1,2
BRDA:54,5,0,2
BRDA:54,5,1,0
BRDA:54,6,0,2
BRDA:54,6,1,2
BRDA:54,6,2,2
BRDA:56,7,0,2
BRDA:56,7,1,0
BRDA:57,8,0,0
BRDA:57,8,1,2
BRDA:57,9,0,2
BRDA:57,9,1,2
BRDA:58,10,0,0
BRDA:58,10,1,0
BRDA:58,11,0,0
BRDA:58,11,1,0
BRDA:59,12,0,0
BRDA:59,12,1,2
BRDA:59,13,0,2
BRDA:59,13,1,2
BRDA:60,14,0,0
BRDA:60,14,1,0
BRDA:61,15,0,2
BRDA:61,15,1,0
BRDA:61,16,0,2
BRDA:61,16,1,2
BRDA:62,17,0,0
BRDA:62,17,1,2
BRDA:63,18,0,0
BRDA:63,18,1,0
BRDA:64,19,0,0
BRDA:64,19,1,0
BRDA:65,20,0,0
BRDA:65,20,1,0
BRDA:65,21,0,0
BRDA:65,21,1,0
BRDA:66,22,0,0
BRDA:66,22,1,0
BRDA:72,23,0,0
BRDA:72,23,1,2
BRDA:72,24,0,2
BRDA:72,24,1,2
BRDA:73,25,0,0
BRDA:73,25,1,2
BRDA:73,26,0,2
BRDA:73,26,1,2
BRDA:75,27,0,2
BRDA:75,27,1,0
BRDA:82,28,0,2
BRDA:82,28,1,0
BRDA:83,29,0,2
BRDA:83,29,1,0
BRDA:83,29,2,0
BRDA:84,30,0,2
BRDA:84,30,1,0
BRDA:84,30,2,0
BRDA:86,31,0,2
BRDA:86,31,1,0
BRDA:86,31,2,0
BRDA:90,32,0,0
BRDA:90,32,1,2
BRDA:94,33,0,2
BRDA:94,33,1,2
BRDA:95,34,0,0
BRDA:95,34,1,2
BRDA:105,35,0,1
BRDA:105,35,1,0
BRDA:108,36,0,1
BRDA:108,36,1,0
BRDA:109,37,0,1
BRDA:109,37,1,0
BRDA:118,38,0,0
BRDA:118,38,1,1
BRDA:122,39,0,0
BRDA:122,39,1,1
BRDA:122,40,0,1
BRDA:122,40,1,1
BRDA:123,41,0,1
BRDA:123,41,1,0
BRDA:123,42,0,1
BRDA:123,42,1,1
BRDA:127,43,0,0
BRDA:127,43,1,4
BRDA:127,44,0,4
BRDA:127,44,1,4
BRDA:132,45,0,0
BRDA:132,45,1,4
BRDA:134,46,0,0
BRDA:134,46,1,0
BRDA:134,47,0,0
BRDA:134,47,1,0
BRDA:137,48,0,0
BRDA:137,48,1,0
BRDA:140,49,0,4
BRDA:140,49,1,0
BRDA:142,50,0,100
BRDA:142,50,1,0
BRDA:142,51,0,100
BRDA:142,51,1,75
BRDA:145,52,0,1
BRDA:145,52,1,3
BRDA:153,53,0,1
BRDA:153,53,1,4
BRDA:157,54,0,2
BRDA:157,54,1,13
BRDA:158,55,0,2
BRDA:158,55,1,13
BRDA:164,56,0,4
BRDA:164,56,1,0
BRDA:165,57,0,1
BRDA:165,57,1,3
BRDA:167,58,0,3
BRDA:167,58,1,0
BRDA:167,58,2,0
BRDA:168,59,0,1
BRDA:168,59,1,0
BRDA:168,60,0,25
BRDA:168,60,1,0
BRDA:168,60,2,0
BRDA:177,61,0,0
BRDA:177,61,1,0
BRDA:177,62,0,0
BRDA:177,62,1,0
BRDA:179,63,0,0
BRDA:179,63,1,0
BRDA:180,64,0,0
BRDA:180,64,1,0
BRDA:181,65,0,0
BRDA:181,65,1,0
BRDA:182,66,0,0
BRDA:182,66,1,0
BRDA:189,67,0,0
BRDA:189,67,1,1
BRDA:191,68,0,0
BRDA:191,68,1,0
BRDA:193,69,0,0
BRDA:193,69,1,0
BRDA:193,70,0,0
BRDA:193,70,1,0
BRDA:200,71,0,0
BRDA:200,71,1,1
BRDA:200,72,0,1
BRDA:200,72,1,0
BRDA:202,73,0,0
BRDA:202,73,1,0
BRDA:202,74,0,0
BRDA:202,74,1,0
BRDA:220,75,0,1
BRDA:220,75,1,0
BRDA:232,76,0,0
BRDA:232,76,1,0
BRDA:248,77,0,0
BRDA:248,77,1,0
BRDA:249,78,0,0
BRDA:249,78,1,0
BRDA:262,79,0,0
BRDA:262,79,1,0
BRDA:262,80,0,0
BRDA:262,80,1,0
BRDA:294,81,0,0
BRDA:294,81,1,0
BRDA:301,82,0,0
BRDA:301,82,1,0
BRDA:305,83,0,0
BRDA:305,83,1,0
BRDA:310,84,0,0
BRDA:310,84,1,0
BRDA:310,84,2,0
BRDA:320,85,0,0
BRDA:320,85,1,0
BRDA:331,86,0,0
BRDA:331,86,1,0
BRDA:333,87,0,0
BRDA:333,87,1,0
BRDA:336,88,0,0
BRDA:336,88,1,0
BRDA:375,89,0,0
BRDA:375,89,1,0
BRDA:411,90,0,0
BRDA:411,90,1,0
BRDA:415,91,0,0
BRDA:415,91,1,0
BRDA:417,92,0,0
BRDA:417,92,1,0
BRDA:418,93,0,0
BRDA:418,93,1,0
BRDA:419,94,0,0
BRDA:419,94,1,0
BRDA:420,95,0,0
BRDA:420,95,1,0
BRDA:421,96,0,0
BRDA:421,96,1,0
BRDA:463,97,0,0
BRDA:463,97,1,0
BRDA:466,98,0,0
BRDA:466,98,1,0
BRDA:468,99,0,0
BRDA:468,99,1,0
BRDA:469,100,0,0
BRDA:469,100,1,0
BRDA:470,101,0,0
BRDA:470,101,1,0
BRDA:471,102,0,0
BRDA:471,102,1,0
BRDA:472,103,0,0
BRDA:472,103,1,0
BRDA:501,104,0,0
BRDA:501,104,1,0
BRDA:502,105,0,0
BRDA:502,105,1,0
BRDA:504,106,0,0
BRDA:504,106,1,0
BRDA:509,107,0,0
BRDA:509,107,1,0
BRDA:511,108,0,0
BRDA:511,108,1,0
BRDA:512,109,0,0
BRDA:512,109,1,0
BRDA:513,110,0,0
BRDA:513,110,1,0
BRDA:514,111,0,0
BRDA:514,111,1,0
BRDA:515,112,0,0
BRDA:515,112,1,0
BRDA:524,113,0,0
BRDA:524,113,1,0
BRDA:524,114,0,0
BRDA:524,114,1,0
BRDA:568,115,0,1
BRDA:568,115,1,0
BRDA:571,116,0,1
BRDA:571,116,1,0
BRDA:571,117,0,1
BRDA:571,117,1,1
BRDA:576,118,0,1
BRDA:576,118,1,1
BRDA:594,119,0,1
BRDA:594,119,1,0
BRDA:595,120,0,1
BRDA:595,120,1,0
BRDA:709,121,0,0
BRDA:709,121,1,1
BRDA:710,122,0,0
BRDA:710,122,1,1
BRDA:720,123,0,0
BRDA:720,123,1,1
BRDA:722,124,0,0
BRDA:722,124,1,1
BRDA:728,125,0,1
BRDA:728,125,1,1
BRDA:739,126,0,0
BRDA:739,126,1,0
BRDA:741,127,0,0
BRDA:741,127,1,0
BRDA:747,128,0,0
BRDA:747,128,1,0
BRDA:761,129,0,1
BRDA:761,129,1,0
BRDA:762,130,0,0
BRDA:762,130,1,1
BRDA:766,131,0,0
BRDA:766,131,1,1
BRDA:766,132,0,1
BRDA:766,132,1,1
BRDA:768,133,0,1
BRDA:768,133,1,0
BRDA:768,134,0,1
BRDA:768,134,1,1
BRDA:768,134,2,1
BRDA:780,135,0,0
BRDA:780,135,1,99
BRDA:781,136,0,0
BRDA:781,136,1,99
BRDA:783,137,0,31
BRDA:783,137,1,68
BRDA:784,138,0,9
BRDA:784,138,1,90
BRDA:810,139,0,30
BRDA:810,139,1,58
BRDA:811,140,0,30
BRDA:811,140,1,0
BRDA:812,141,0,1
BRDA:812,141,1,29
BRDA:817,142,0,30
BRDA:817,142,1,28
BRDA:818,143,0,30
BRDA:818,143,1,0
BRDA:820,144,0,0
BRDA:820,144,1,0
BRDA:821,145,0,0
BRDA:821,145,1,0
BRDA:826,146,0,28
BRDA:826,146,1,0
BRDA:827,147,0,0
BRDA:827,147,1,28
BRDA:828,148,0,0
BRDA:828,148,1,0
BRDA:842,149,0,1
BRDA:842,149,1,0
BRDA:860,150,0,1
BRDA:860,150,1,0
BRF:310
BRH:112
end_of_record
TN:
SF:routes\auth.js
FN:9,determineProficiency
FN:43,(anonymous_1)
FN:105,(anonymous_2)
FN:184,(anonymous_3)
FNF:4
FNH:3
FNDA:1,determineProficiency
FNDA:2,(anonymous_1)
FNDA:2,(anonymous_2)
FNDA:0,(anonymous_3)
DA:1,2
DA:2,2
DA:3,2
DA:4,2
DA:6,2
DA:10,1
DA:12,0
DA:13,0
DA:14,0
DA:15,0
DA:16,0
DA:18,0
DA:19,0
DA:20,0
DA:21,0
DA:22,0
DA:23,0
DA:24,0
DA:25,0
DA:26,0
DA:27,0
DA:28,0
DA:29,0
DA:30,0
DA:36,0
DA:37,0
DA:39,0
DA:43,2
DA:44,2
DA:45,2
DA:48,2
DA:49,2
DA:50,1
DA:54,1
DA:55,1
DA:58,1
DA:61,1
DA:65,1
DA:76,1
DA:79,1
DA:85,1
DA:99,0
DA:100,0
DA:105,2
DA:106,2
DA:107,2
DA:110,2
DA:111,2
DA:112,1
DA:115,1
DA:118,1
DA:119,1
DA:120,0
DA:124,1
DA:131,1
DA:132,1
DA:134,1
DA:136,1
DA:137,0
DA:138,0
DA:140,0
DA:141,0
DA:143,0
DA:144,0
DA:145,0
DA:146,0
DA:150,1
DA:153,1
DA:155,1
DA:156,1
DA:157,0
DA:158,0
DA:160,0
DA:164,1
DA:178,0
DA:179,0
DA:184,2
DA:185,0
DA:186,0
DA:189,0
DA:193,0
DA:194,0
DA:197,0
DA:198,0
DA:199,0
DA:202,0
DA:205,0
DA:207,0
DA:208,0
DA:210,0
DA:214,0
DA:221,0
DA:228,0
DA:232,0
DA:238,0
DA:239,0
DA:240,0
DA:241,0
DA:243,0
DA:247,0
DA:260,0
DA:261,0
DA:265,2
LF:103
LH:41
BRDA:10,0,0,1
BRDA:10,0,1,0
BRDA:10,1,0,1
BRDA:10,1,1,1
BRDA:13,2,0,0
BRDA:13,2,1,0
BRDA:18,3,0,0
BRDA:18,3,1,0
BRDA:18,4,0,0
BRDA:18,4,1,0
BRDA:18,4,2,0
BRDA:20,5,0,0
BRDA:20,5,1,0
BRDA:21,6,0,0
BRDA:21,6,1,0
BRDA:21,7,0,0
BRDA:21,7,1,0
BRDA:22,8,0,0
BRDA:22,8,1,0
BRDA:22,9,0,0
BRDA:22,9,1,0
BRDA:23,10,0,0
BRDA:23,10,1,0
BRDA:23,11,0,0
BRDA:23,11,1,0
BRDA:24,12,0,0
BRDA:24,12,1,0
BRDA:25,13,0,0
BRDA:25,13,1,0
BRDA:25,14,0,0
BRDA:25,14,1,0
BRDA:26,15,0,0
BRDA:26,15,1,0
BRDA:27,16,0,0
BRDA:27,16,1,0
BRDA:28,17,0,0
BRDA:28,17,1,0
BRDA:29,18,0,0
BRDA:29,18,1,0
BRDA:29,19,0,0
BRDA:29,19,1,0
BRDA:30,20,0,0
BRDA:30,20,1,0
BRDA:36,21,0,0
BRDA:36,21,1,0
BRDA:36,22,0,0
BRDA:36,22,1,0
BRDA:37,23,0,0
BRDA:37,23,1,0
BRDA:37,24,0,0
BRDA:37,24,1,0
BRDA:39,25,0,0
BRDA:39,25,1,0
BRDA:49,26,0,1
BRDA:49,26,1,1
BRDA:69,27,0,1
BRDA:69,27,1,1
BRDA:70,28,0,1
BRDA:70,28,1,1
BRDA:71,29,0,1
BRDA:71,29,1,0
BRDA:81,30,0,1
BRDA:81,30,1,1
BRDA:111,31,0,1
BRDA:111,31,1,1
BRDA:119,32,0,0
BRDA:119,32,1,1
BRDA:126,33,0,1
BRDA:126,33,1,1
BRDA:134,34,0,1
BRDA:134,34,1,1
BRDA:136,35,0,0
BRDA:136,35,1,1
BRDA:143,36,0,0
BRDA:143,36,1,0
BRDA:145,37,0,0
BRDA:145,37,1,0
BRDA:156,38,0,0
BRDA:156,38,1,1
BRDA:157,39,0,0
BRDA:157,39,1,0
BRDA:172,40,0,1
BRDA:172,40,1,1
BRDA:193,41,0,0
BRDA:193,41,1,0
BRDA:205,42,0,0
BRDA:205,42,1,0
BRDA:218,43,0,0
BRDA:218,43,1,0
BRDA:234,44,0,0
BRDA:234,44,1,0
BRDA:239,45,0,0
BRDA:239,45,1,0
BRDA:240,46,0,0
BRDA:240,46,1,0
BRF:95
BRH:23
end_of_record
TN:
SF:routes\dashboard.js
FN:10,generateContentWithRetry
FN:23,(anonymous_1)
FN:31,(anonymous_2)
FN:36,(anonymous_3)
FN:44,getRank
FN:52,deriveAchievements
FN:137,(anonymous_6)
FN:176,(anonymous_7)
FN:188,(anonymous_8)
FN:225,(anonymous_9)
FN:227,(anonymous_10)
FN:237,(anonymous_11)
FN:238,(anonymous_12)
FN:243,(anonymous_13)
FN:277,(anonymous_14)
FN:283,(anonymous_15)
FN:285,(anonymous_16)
FN:286,(anonymous_17)
FN:289,(anonymous_18)
FN:291,(anonymous_19)
FN:293,(anonymous_20)
FN:309,(anonymous_21)
FN:318,(anonymous_22)
FN:330,(anonymous_23)
FN:348,(anonymous_24)
FN:379,(anonymous_25)
FN:387,(anonymous_26)
FN:388,(anonymous_27)
FN:427,(anonymous_28)
FN:437,(anonymous_29)
FN:446,(anonymous_30)
FN:474,(anonymous_31)
FN:496,(anonymous_32)
FN:500,(anonymous_33)
FN:502,(anonymous_34)
FN:503,(anonymous_35)
FN:510,(anonymous_36)
FN:531,(anonymous_37)
FN:532,(anonymous_38)
FN:533,(anonymous_39)
FN:599,(anonymous_40)
FNF:41
FNH:0
FNDA:0,generateContentWithRetry
FNDA:0,(anonymous_1)
FNDA:0,(anonymous_2)
FNDA:0,(anonymous_3)
FNDA:0,getRank
FNDA:0,deriveAchievements
FNDA:0,(anonymous_6)
FNDA:0,(anonymous_7)
FNDA:0,(anonymous_8)
FNDA:0,(anonymous_9)
FNDA:0,(anonymous_10)
FNDA:0,(anonymous_11)
FNDA:0,(anonymous_12)
FNDA:0,(anonymous_13)
FNDA:0,(anonymous_14)
FNDA:0,(anonymous_15)
FNDA:0,(anonymous_16)
FNDA:0,(anonymous_17)
FNDA:0,(anonymous_18)
FNDA:0,(anonymous_19)
FNDA:0,(anonymous_20)
FNDA:0,(anonymous_21)
FNDA:0,(anonymous_22)
FNDA:0,(anonymous_23)
FNDA:0,(anonymous_24)
FNDA:0,(anonymous_25)
FNDA:0,(anonymous_26)
FNDA:0,(anonymous_27)
FNDA:0,(anonymous_28)
FNDA:0,(anonymous_29)
FNDA:0,(anonymous_30)
FNDA:0,(anonymous_31)
FNDA:0,(anonymous_32)
FNDA:0,(anonymous_33)
FNDA:0,(anonymous_34)
FNDA:0,(anonymous_35)
FNDA:0,(anonymous_36)
FNDA:0,(anonymous_37)
FNDA:0,(anonymous_38)
FNDA:0,(anonymous_39)
FNDA:0,(anonymous_40)
DA:1,2
DA:2,2
DA:3,2
DA:4,2
DA:5,2
DA:7,2
DA:8,2
DA:11,0
DA:12,0
DA:13,0
DA:14,0
DA:16,0
DA:17,0
DA:18,0
DA:20,0
DA:21,0
DA:22,0
DA:23,0
DA:25,0
DA:31,2
DA:32,0
DA:33,0
DA:34,0
DA:36,0
DA:37,0
DA:38,0
DA:39,0
DA:45,0
DA:46,0
DA:47,0
DA:48,0
DA:53,0
DA:130,2
DA:137,2
DA:138,0
DA:140,0
DA:141,0
DA:142,0
DA:145,0
DA:146,0
DA:147,0
DA:148,0
DA:149,0
DA:150,0
DA:151,0
DA:152,0
DA:153,0
DA:157,0
DA:165,0
DA:176,0
DA:187,0
DA:188,0
DA:189,0
DA:190,0
DA:192,0
DA:193,0
DA:194,0
DA:196,0
DA:197,0
DA:200,0
DA:203,0
DA:214,0
DA:215,0
DA:220,0
DA:221,0
DA:224,0
DA:225,0
DA:226,0
DA:227,0
DA:228,0
DA:229,0
DA:233,0
DA:237,0
DA:238,0
DA:241,0
DA:242,0
DA:243,0
DA:244,0
DA:245,0
DA:246,0
DA:247,0
DA:249,0
DA:250,0
DA:252,0
DA:258,0
DA:259,0
DA:261,0
DA:265,0
DA:266,0
DA:267,0
DA:268,0
DA:269,0
DA:270,0
DA:271,0
DA:272,0
DA:277,0
DA:279,0
DA:280,0
DA:282,0
DA:283,0
DA:285,0
DA:286,0
DA:287,0
DA:288,0
DA:289,0
DA:291,0
DA:292,0
DA:293,0
DA:295,0
DA:296,0
DA:297,0
DA:298,0
DA:299,0
DA:300,0
DA:301,0
DA:304,0
DA:309,0
DA:315,0
DA:318,0
DA:319,0
DA:321,0
DA:324,0
DA:327,0
DA:330,0
DA:339,0
DA:340,0
DA:341,0
DA:342,0
DA:348,0
DA:349,0
DA:350,0
DA:353,0
DA:363,0
DA:364,0
DA:372,0
DA:379,0
DA:386,0
DA:387,0
DA:388,0
DA:389,0
DA:390,0
DA:394,0
DA:398,0
DA:403,0
DA:421,0
DA:422,0
DA:427,2
DA:428,0
DA:429,0
DA:430,0
DA:431,0
DA:433,0
DA:437,0
DA:446,0
DA:447,0
DA:449,0
DA:455,0
DA:457,0
DA:466,0
DA:468,0
DA:469,0
DA:474,2
DA:475,0
DA:477,0
DA:478,0
DA:479,0
DA:481,0
DA:491,0
DA:496,0
DA:499,0
DA:500,0
DA:502,0
DA:503,0
DA:505,0
DA:506,0
DA:507,0
DA:510,0
DA:511,0
DA:520,0
DA:531,0
DA:532,0
DA:533,0
DA:544,0
DA:545,0
DA:561,0
DA:562,0
DA:563,0
DA:564,0
DA:565,0
DA:566,0
DA:569,0
DA:570,0
DA:575,0
DA:577,0
DA:578,0
DA:580,0
DA:581,0
DA:582,0
DA:583,0
DA:584,0
DA:585,0
DA:588,0
DA:591,0
DA:592,0
DA:599,2
DA:600,0
DA:601,0
DA:602,0
DA:604,0
DA:605,0
DA:606,0
DA:608,0
DA:609,0
DA:613,2
LF:214
LH:14
BRDA:8,0,0,2
BRDA:8,0,1,0
BRDA:10,1,0,0
BRDA:17,2,0,0
BRDA:17,2,1,0
BRDA:18,3,0,0
BRDA:18,3,1,0
BRDA:18,3,2,0
BRDA:18,3,3,0
BRDA:20,4,0,0
BRDA:20,4,1,0
BRDA:20,5,0,0
BRDA:20,5,1,0
BRDA:33,6,0,0
BRDA:33,6,1,0
BRDA:36,7,0,0
BRDA:36,7,1,0
BRDA:37,8,0,0
BRDA:37,8,1,0
BRDA:45,9,0,0
BRDA:45,9,1,0
BRDA:46,10,0,0
BRDA:46,10,1,0
BRDA:47,11,0,0
BRDA:47,11,1,0
BRDA:87,12,0,0
BRDA:87,12,1,0
BRDA:141,13,0,0
BRDA:141,13,1,0
BRDA:145,14,0,0
BRDA:145,14,1,0
BRDA:146,15,0,0
BRDA:146,15,1,0
BRDA:146,16,0,0
BRDA:146,16,1,0
BRDA:151,17,0,0
BRDA:151,17,1,0
BRDA:158,18,0,0
BRDA:158,18,1,0
BRDA:159,19,0,0
BRDA:159,19,1,0
BRDA:160,20,0,0
BRDA:160,20,1,0
BRDA:180,21,0,0
BRDA:180,21,1,0
BRDA:189,22,0,0
BRDA:189,22,1,0
BRDA:192,23,0,0
BRDA:192,23,1,0
BRDA:193,24,0,0
BRDA:193,24,1,0
BRDA:214,25,0,0
BRDA:214,25,1,0
BRDA:220,26,0,0
BRDA:220,26,1,0
BRDA:221,27,0,0
BRDA:221,27,1,0
BRDA:228,28,0,0
BRDA:228,28,1,0
BRDA:237,29,0,0
BRDA:237,29,1,0
BRDA:238,30,0,0
BRDA:238,30,1,0
BRDA:244,31,0,0
BRDA:244,31,1,0
BRDA:259,32,0,0
BRDA:259,32,1,0
BRDA:265,33,0,0
BRDA:265,33,1,0
BRDA:265,34,0,0
BRDA:265,34,1,0
BRDA:271,35,0,0
BRDA:271,35,1,0
BRDA:272,36,0,0
BRDA:272,36,1,0
BRDA:287,37,0,0
BRDA:287,37,1,0
BRDA:296,38,0,0
BRDA:296,38,1,0
BRDA:296,39,0,0
BRDA:296,39,1,0
BRDA:298,40,0,0
BRDA:298,40,1,0
BRDA:298,41,0,0
BRDA:298,41,1,0
BRDA:300,42,0,0
BRDA:300,42,1,0
BRDA:309,43,0,0
BRDA:309,43,1,0
BRDA:319,44,0,0
BRDA:319,44,1,0
BRDA:334,45,0,0
BRDA:334,45,1,0
BRDA:340,46,0,0
BRDA:340,46,1,0
BRDA:342,47,0,0
BRDA:342,47,1,0
BRDA:349,48,0,0
BRDA:349,48,1,0
BRDA:349,49,0,0
BRDA:349,49,1,0
BRDA:389,50,0,0
BRDA:389,50,1,0
BRDA:418,51,0,0
BRDA:418,51,1,0
BRDA:430,52,0,0
BRDA:430,52,1,0
BRDA:441,53,0,0
BRDA:441,53,1,0
BRDA:447,54,0,0
BRDA:447,54,1,0
BRDA:461,55,0,0
BRDA:461,55,1,0
BRDA:478,56,0,0
BRDA:478,56,1,0
BRDA:502,57,0,0
BRDA:502,57,1,0
BRDA:503,58,0,0
BRDA:503,58,1,0
BRDA:506,59,0,0
BRDA:506,59,1,0
BRDA:507,60,0,0
BRDA:507,60,1,0
BRDA:510,61,0,0
BRDA:510,61,1,0
BRDA:510,62,0,0
BRDA:510,62,1,0
BRDA:531,63,0,0
BRDA:531,63,1,0
BRDA:532,64,0,0
BRDA:532,64,1,0
BRDA:533,65,0,0
BRDA:533,65,1,0
BRDA:536,66,0,0
BRDA:536,66,1,0
BRDA:561,67,0,0
BRDA:561,67,1,0
BRDA:563,68,0,0
BRDA:563,68,1,0
BRDA:565,69,0,0
BRDA:565,69,1,0
BRDA:571,70,0,0
BRDA:571,70,1,0
BRDA:572,71,0,0
BRDA:572,71,1,0
BRDA:580,72,0,0
BRDA:580,72,1,0
BRDA:580,73,0,0
BRDA:580,73,1,0
BRDA:583,74,0,0
BRDA:583,74,1,0
BRDA:601,75,0,0
BRDA:601,75,1,0
BRDA:601,76,0,0
BRDA:601,76,1,0
BRF:155
BRH:1
end_of_record
TN:
SF:routes\learning.js
FN:10,(anonymous_0)
FN:15,(anonymous_1)
FN:23,(anonymous_2)
FN:47,(anonymous_3)
FN:52,(anonymous_4)
FN:72,(anonymous_5)
FN:103,(anonymous_6)
FN:137,(anonymous_7)
FN:152,(anonymous_8)
FN:159,(anonymous_9)
FN:200,(anonymous_10)
FNF:11
FNH:0
FNDA:0,(anonymous_0)
FNDA:0,(anonymous_1)
FNDA:0,(anonymous_2)
FNDA:0,(anonymous_3)
FNDA:0,(anonymous_4)
FNDA:0,(anonymous_5)
FNDA:0,(anonymous_6)
FNDA:0,(anonymous_7)
FNDA:0,(anonymous_8)
FNDA:0,(anonymous_9)
FNDA:0,(anonymous_10)
DA:1,2
DA:2,2
DA:3,2
DA:4,2
DA:5,2
DA:6,2
DA:8,2
DA:10,2
DA:11,0
DA:12,0
DA:14,0
DA:15,0
DA:16,0
DA:17,0
DA:18,0
DA:23,2
DA:24,0
DA:25,0
DA:26,0
DA:29,0
DA:30,0
DA:32,0
DA:33,0
DA:34,0
DA:36,0
DA:39,0
DA:41,0
DA:43,0
DA:44,0
DA:46,0
DA:47,0
DA:48,0
DA:52,0
DA:53,0
DA:56,0
DA:57,0
DA:63,0
DA:65,0
DA:67,0
DA:68,0
DA:72,2
DA:73,0
DA:74,0
DA:75,0
DA:76,0
DA:79,0
DA:80,0
DA:81,0
DA:83,0
DA:86,0
DA:87,0
DA:88,0
DA:89,0
DA:93,0
DA:94,0
DA:95,0
DA:98,0
DA:99,0
DA:101,0
DA:102,0
DA:103,0
DA:105,0
DA:106,0
DA:110,0
DA:111,0
DA:116,0
DA:119,0
DA:120,0
DA:121,0
DA:122,0
DA:125,0
DA:128,0
DA:131,0
DA:132,0
DA:137,2
DA:138,0
DA:139,0
DA:142,0
DA:143,0
DA:144,0
DA:148,0
DA:152,0
DA:153,0
DA:154,0
DA:157,0
DA:159,0
DA:160,0
DA:161,0
DA:163,0
DA:167,0
DA:173,0
DA:178,0
DA:179,0
DA:180,0
DA:187,0
DA:192,0
DA:194,0
DA:195,0
DA:200,2
DA:201,0
DA:202,0
DA:203,0
DA:206,0
DA:207,0
DA:210,0
DA:211,0
DA:212,0
DA:213,0
DA:215,0
DA:216,0
DA:219,0
DA:220,0
DA:222,0
DA:223,0
DA:224,0
DA:225,0
DA:232,0
DA:233,0
DA:236,0
DA:237,0
DA:238,0
DA:241,0
DA:242,0
DA:243,0
DA:245,0
DA:248,0
DA:253,0
DA:255,0
DA:256,0
DA:260,2
LF:130
LH:13
BRDA:12,0,0,0
BRDA:12,0,1,0
BRDA:15,1,0,0
BRDA:15,1,1,0
BRDA:16,2,0,0
BRDA:16,2,1,0
BRDA:25,3,0,0
BRDA:25,3,1,0
BRDA:26,4,0,0
BRDA:26,4,1,0
BRDA:30,5,0,0
BRDA:30,5,1,0
BRDA:33,6,0,0
BRDA:33,6,1,0
BRDA:34,7,0,0
BRDA:34,7,1,0
BRDA:43,8,0,0
BRDA:43,8,1,0
BRDA:48,9,0,0
BRDA:48,9,1,0
BRDA:56,10,0,0
BRDA:56,10,1,0
BRDA:75,11,0,0
BRDA:75,11,1,0
BRDA:76,12,0,0
BRDA:76,12,1,0
BRDA:80,13,0,0
BRDA:80,13,1,0
BRDA:89,14,0,0
BRDA:89,14,1,0
BRDA:89,15,0,0
BRDA:89,15,1,0
BRDA:94,16,0,0
BRDA:94,16,1,0
BRDA:95,17,0,0
BRDA:95,17,1,0
BRDA:101,18,0,0
BRDA:101,18,1,0
BRDA:105,19,0,0
BRDA:105,19,1,0
BRDA:105,20,0,0
BRDA:105,20,1,0
BRDA:105,20,2,0
BRDA:110,21,0,0
BRDA:110,21,1,0
BRDA:121,22,0,0
BRDA:121,22,1,0
BRDA:142,23,0,0
BRDA:142,23,1,0
BRDA:152,24,0,0
BRDA:152,24,1,0
BRDA:153,25,0,0
BRDA:153,25,1,0
BRDA:157,26,0,0
BRDA:157,26,1,0
BRDA:160,27,0,0
BRDA:160,27,1,0
BRDA:160,28,0,0
BRDA:160,28,1,0
BRDA:160,28,2,0
BRDA:178,29,0,0
BRDA:178,29,1,0
BRDA:203,30,0,0
BRDA:203,30,1,0
BRDA:211,31,0,0
BRDA:211,31,1,0
BRDA:212,32,0,0
BRDA:212,32,1,0
BRDA:213,33,0,0
BRDA:213,33,1,0
BRDA:215,34,0,0
BRDA:215,34,1,0
BRDA:220,35,0,0
BRDA:220,35,1,0
BRDA:223,36,0,0
BRDA:223,36,1,0
BRDA:225,37,0,0
BRDA:225,37,1,0
BRDA:232,38,0,0
BRDA:232,38,1,0
BRDA:237,39,0,0
BRDA:237,39,1,0
BRDA:242,40,0,0
BRDA:242,40,1,0
BRF:84
BRH:0
end_of_record
TN:
SF:routes\profile.js
FN:11,(anonymous_0)
FN:14,(anonymous_1)
FN:23,(anonymous_2)
FN:33,(anonymous_3)
FN:38,(anonymous_4)
FN:46,(anonymous_5)
FN:65,(anonymous_6)
FN:112,(anonymous_7)
FNF:8
FNH:0
FNDA:0,(anonymous_0)
FNDA:0,(anonymous_1)
FNDA:0,(anonymous_2)
FNDA:0,(anonymous_3)
FNDA:0,(anonymous_4)
FNDA:0,(anonymous_5)
FNDA:0,(anonymous_6)
FNDA:0,(anonymous_7)
DA:1,2
DA:2,2
DA:3,2
DA:4,2
DA:5,2
DA:7,2
DA:10,2
DA:12,0
DA:15,0
DA:16,0
DA:20,2
DA:24,0
DA:25,0
DA:27,0
DA:33,2
DA:34,0
DA:35,0
DA:36,0
DA:38,0
DA:39,0
DA:40,0
DA:41,0
DA:46,2
DA:47,0
DA:48,0
DA:53,0
DA:54,0
DA:57,0
DA:59,0
DA:60,0
DA:65,2
DA:66,0
DA:67,0
DA:70,0
DA:75,0
DA:76,0
DA:79,0
DA:81,0
DA:82,0
DA:83,0
DA:84,0
DA:85,0
DA:86,0
DA:88,0
DA:94,0
DA:104,0
DA:106,0
DA:107,0
DA:112,2
DA:113,0
DA:114,0
DA:115,0
DA:119,0
DA:122,0
DA:124,0
DA:126,0
DA:127,0
DA:131,2
LF:58
LH:13
BRDA:24,0,0,0
BRDA:24,0,1,0
BRDA:35,1,0,0
BRDA:35,1,1,0
BRDA:38,2,0,0
BRDA:38,2,1,0
BRDA:39,3,0,0
BRDA:39,3,1,0
BRDA:53,4,0,0
BRDA:53,4,1,0
BRDA:75,5,0,0
BRDA:75,5,1,0
BRDA:81,6,0,0
BRDA:81,6,1,0
BRDA:82,7,0,0
BRDA:82,7,1,0
BRDA:83,8,0,0
BRDA:83,8,1,0
BRDA:84,9,0,0
BRDA:84,9,1,0
BRDA:85,10,0,0
BRDA:85,10,1,0
BRDA:86,11,0,0
BRDA:86,11,1,0
BRDA:114,12,0,0
BRDA:114,12,1,0
BRF:26
BRH:0
end_of_record
TN:
SF:routes\settings.js
FN:17,(anonymous_0)
FN:22,(anonymous_1)
FN:30,(anonymous_2)
FN:54,(anonymous_3)
FN:75,(anonymous_4)
FN:100,(anonymous_5)
FN:113,(anonymous_6)
FN:118,(anonymous_7)
FN:142,(anonymous_8)
FN:156,(anonymous_9)
FN:161,(anonymous_10)
FNF:11
FNH:0
FNDA:0,(anonymous_0)
FNDA:0,(anonymous_1)
FNDA:0,(anonymous_2)
FNDA:0,(anonymous_3)
FNDA:0,(anonymous_4)
FNDA:0,(anonymous_5)
FNDA:0,(anonymous_6)
FNDA:0,(anonymous_7)
FNDA:0,(anonymous_8)
FNDA:0,(anonymous_9)
FNDA:0,(anonymous_10)
DA:1,2
DA:2,2
DA:3,2
DA:4,2
DA:5,2
DA:6,2
DA:8,2
DA:10,2
DA:17,2
DA:18,0
DA:19,0
DA:20,0
DA:22,0
DA:23,0
DA:24,0
DA:25,0
DA:30,2
DA:31,0
DA:32,0
DA:33,0
DA:36,0
DA:45,0
DA:46,0
DA:48,0
DA:49,0
DA:54,2
DA:55,0
DA:56,0
DA:59,0
DA:60,0
DA:62,0
DA:63,0
DA:65,0
DA:67,0
DA:69,0
DA:70,0
DA:75,2
DA:76,0
DA:77,0
DA:79,0
DA:80,0
DA:82,0
DA:83,0
DA:85,0
DA:86,0
DA:89,0
DA:90,0
DA:92,0
DA:94,0
DA:95,0
DA:100,2
DA:101,0
DA:104,0
DA:105,0
DA:107,0
DA:108,0
DA:113,2
DA:114,0
DA:118,2
DA:119,0
DA:120,0
DA:121,0
DA:124,0
DA:125,0
DA:128,0
DA:134,0
DA:136,0
DA:137,0
DA:142,2
DA:143,0
DA:144,0
DA:146,0
DA:147,0
DA:150,0
DA:156,0
DA:157,0
DA:161,0
DA:162,0
DA:163,0
DA:165,0
DA:170,0
DA:171,0
DA:173,0
DA:174,0
DA:178,2
LF:85
LH:17
BRDA:19,0,0,0
BRDA:19,0,1,0
BRDA:22,1,0,0
BRDA:22,1,1,0
BRDA:23,2,0,0
BRDA:23,2,1,0
BRDA:33,3,0,0
BRDA:33,3,1,0
BRDA:45,4,0,0
BRDA:45,4,1,0
BRDA:60,5,0,0
BRDA:60,5,1,0
BRDA:62,6,0,0
BRDA:62,6,1,0
BRDA:80,7,0,0
BRDA:80,7,1,0
BRDA:85,8,0,0
BRDA:85,8,1,0
BRDA:120,9,0,0
BRDA:120,9,1,0
BRDA:120,10,0,0
BRDA:120,10,1,0
BRDA:146,11,0,0
BRDA:146,11,1,0
BRDA:163,12,0,0
BRDA:163,12,1,0
BRF:26
BRH:0
end_of_record
TN:
SF:routes\translationHelper.js
FN:10,generateContentWithRetry
FN:44,(anonymous_1)
FN:76,translateOrAdaptContent
FN:96,(anonymous_3)
FN:103,(anonymous_4)
FN:145,(anonymous_5)
FN:146,(anonymous_6)
FN:197,(anonymous_7)
FN:291,generateGameData
FNF:9
FNH:0
FNDA:0,generateContentWithRetry
FNDA:0,(anonymous_1)
FNDA:0,translateOrAdaptContent
FNDA:0,(anonymous_3)
FNDA:0,(anonymous_4)
FNDA:0,(anonymous_5)
FNDA:0,(anonymous_6)
FNDA:0,(anonymous_7)
FNDA:0,generateGameData
DA:1,2
DA:2,2
DA:4,2
DA:5,2
DA:7,2
DA:8,2
DA:11,0
DA:12,0
DA:13,0
DA:14,0
DA:15,0
DA:16,0
DA:17,0
DA:19,0
DA:21,0
DA:22,0
DA:23,0
DA:25,0
DA:26,0
DA:27,0
DA:28,0
DA:29,0
DA:32,0
DA:35,0
DA:36,0
DA:37,0
DA:38,0
DA:39,0
DA:43,0
DA:44,0
DA:46,0
DA:52,2
DA:63,2
DA:64,2
DA:65,2
DA:66,2
DA:67,2
DA:69,0
DA:72,2
DA:74,2
DA:77,0
DA:78,0
DA:80,0
DA:81,0
DA:82,0
DA:84,0
DA:85,0
DA:86,0
DA:87,0
DA:88,0
DA:90,0
DA:94,0
DA:95,0
DA:96,0
DA:97,0
DA:100,0
DA:101,0
DA:103,0
DA:104,0
DA:106,0
DA:107,0
DA:108,0
DA:121,0
DA:122,0
DA:132,0
DA:141,0
DA:142,0
DA:143,0
DA:145,0
DA:146,0
DA:149,0
DA:155,0
DA:157,0
DA:158,0
DA:159,0
DA:160,0
DA:161,0
DA:162,0
DA:163,0
DA:164,0
DA:165,0
DA:167,0
DA:169,0
DA:170,0
DA:171,0
DA:172,0
DA:174,0
DA:175,0
DA:177,0
DA:178,0
DA:181,0
DA:182,0
DA:184,0
DA:188,0
DA:191,0
DA:194,0
DA:195,0
DA:196,0
DA:197,0
DA:198,0
DA:199,0
DA:201,0
DA:204,0
DA:208,0
DA:209,0
DA:210,0
DA:211,0
DA:214,0
DA:216,0
DA:218,0
DA:219,0
DA:232,0
DA:233,0
DA:249,0
DA:258,0
DA:259,0
DA:267,0
DA:268,0
DA:269,0
DA:270,0
DA:271,0
DA:272,0
DA:273,0
DA:274,0
DA:275,0
DA:277,0
DA:280,0
DA:281,0
DA:282,0
DA:284,0
DA:286,0
DA:292,0
DA:293,0
DA:295,0
DA:296,0
DA:297,0
DA:300,0
DA:302,0
DA:303,0
DA:305,0
DA:306,0
DA:318,0
DA:319,0
DA:344,0
DA:345,0
DA:359,0
DA:360,0
DA:378,0
DA:379,0
DA:387,0
DA:388,0
DA:389,0
DA:390,0
DA:391,0
DA:392,0
DA:393,0
DA:394,0
DA:395,0
DA:397,0
DA:400,0
DA:401,0
DA:402,0
DA:403,0
DA:405,0
DA:406,0
DA:410,2
LF:166
LH:15
BRDA:4,0,0,2
BRDA:4,0,1,0
BRDA:10,1,0,0
BRDA:16,2,0,0
BRDA:16,2,1,0
BRDA:16,3,0,0
BRDA:16,3,1,0
BRDA:22,4,0,0
BRDA:22,4,1,0
BRDA:23,5,0,0
BRDA:23,5,1,0
BRDA:23,5,2,0
BRDA:23,5,3,0
BRDA:23,5,4,0
BRDA:25,6,0,0
BRDA:25,6,1,0
BRDA:25,7,0,0
BRDA:25,7,1,0
BRDA:26,8,0,0
BRDA:26,8,1,0
BRDA:26,9,0,0
BRDA:26,9,1,0
BRDA:36,10,0,0
BRDA:36,10,1,0
BRDA:38,11,0,0
BRDA:38,11,1,0
BRDA:65,12,0,2
BRDA:65,12,1,0
BRDA:76,13,0,0
BRDA:77,14,0,0
BRDA:77,14,1,0
BRDA:78,15,0,0
BRDA:78,15,1,0
BRDA:80,16,0,0
BRDA:80,16,1,0
BRDA:87,17,0,0
BRDA:87,17,1,0
BRDA:95,18,0,0
BRDA:95,18,1,0
BRDA:100,19,0,0
BRDA:100,19,1,0
BRDA:107,20,0,0
BRDA:107,20,1,0
BRDA:107,21,0,0
BRDA:107,21,1,0
BRDA:121,22,0,0
BRDA:121,22,1,0
BRDA:142,23,0,0
BRDA:142,23,1,0
BRDA:143,24,0,0
BRDA:143,24,1,0
BRDA:162,25,0,0
BRDA:162,25,1,0
BRDA:162,26,0,0
BRDA:162,26,1,0
BRDA:162,26,2,0
BRDA:164,27,0,0
BRDA:164,27,1,0
BRDA:167,28,0,0
BRDA:167,28,1,0
BRDA:167,29,0,0
BRDA:167,29,1,0
BRDA:170,30,0,0
BRDA:170,30,1,0
BRDA:170,31,0,0
BRDA:170,31,1,0
BRDA:198,32,0,0
BRDA:198,32,1,0
BRDA:201,33,0,0
BRDA:201,33,1,0
BRDA:209,34,0,0
BRDA:209,34,1,0
BRDA:218,35,0,0
BRDA:218,35,1,0
BRDA:218,36,0,0
BRDA:218,36,1,0
BRDA:232,37,0,0
BRDA:232,37,1,0
BRDA:272,38,0,0
BRDA:272,38,1,0
BRDA:272,39,0,0
BRDA:272,39,1,0
BRDA:272,39,2,0
BRDA:274,40,0,0
BRDA:274,40,1,0
BRDA:277,41,0,0
BRDA:277,41,1,0
BRDA:277,42,0,0
BRDA:277,42,1,0
BRDA:292,43,0,0
BRDA:292,43,1,0
BRDA:293,44,0,0
BRDA:293,44,1,0
BRDA:296,45,0,0
BRDA:296,45,1,0
BRDA:305,46,0,0
BRDA:305,46,1,0
BRDA:318,47,0,0
BRDA:318,47,1,0
BRDA:344,48,0,0
BRDA:344,48,1,0
BRDA:359,49,0,0
BRDA:359,49,1,0
BRDA:392,50,0,0
BRDA:392,50,1,0
BRDA:392,51,0,0
BRDA:392,51,1,0
BRDA:392,51,2,0
BRDA:394,52,0,0
BRDA:394,52,1,0
BRDA:397,53,0,0
BRDA:397,53,1,0
BRDA:397,54,0,0
BRDA:397,54,1,0
BRF:114
BRH:2
end_of_record
TN:
SF:routes\tutor.js
FN:11,(anonymous_0)
FN:16,(anonymous_1)
FN:23,(anonymous_2)
FNF:3
FNH:0
FNDA:0,(anonymous_0)
FNDA:0,(anonymous_1)
FNDA:0,(anonymous_2)
DA:1,2
DA:2,2
DA:3,2
DA:4,2
DA:5,2
DA:6,2
DA:7,2
DA:9,2
DA:11,2
DA:12,0
DA:13,0
DA:14,0
DA:16,0
DA:17,0
DA:18,0
DA:19,0
DA:23,2
DA:24,0
DA:25,0
DA:26,0
DA:27,0
DA:29,0
DA:31,0
DA:32,0
DA:36,0
DA:37,0
DA:41,0
DA:42,0
DA:43,0
DA:44,0
DA:46,0
DA:48,0
DA:49,0
DA:50,0
DA:51,0
DA:52,0
DA:53,0
DA:54,0
DA:55,0
DA:60,0
DA:61,0
DA:62,0
DA:66,0
DA:74,0
DA:75,0
DA:78,0
DA:81,0
DA:82,0
DA:83,0
DA:84,0
DA:85,0
DA:86,0
DA:87,0
DA:88,0
DA:89,0
DA:91,0
DA:94,0
DA:103,0
DA:104,0
DA:112,0
DA:113,0
DA:115,0
DA:117,0
DA:118,0
DA:119,0
DA:126,0
DA:127,0
DA:129,0
DA:131,0
DA:132,0
DA:133,0
DA:141,0
DA:142,0
DA:144,0
DA:145,0
DA:151,2
LF:76
LH:11
BRDA:13,0,0,0
BRDA:13,0,1,0
BRDA:16,1,0,0
BRDA:16,1,1,0
BRDA:17,2,0,0
BRDA:17,2,1,0
BRDA:26,3,0,0
BRDA:26,3,1,0
BRDA:27,4,0,0
BRDA:27,4,1,0
BRDA:27,4,2,0
BRDA:31,5,0,0
BRDA:31,5,1,0
BRDA:36,6,0,0
BRDA:36,6,1,0
BRDA:42,7,0,0
BRDA:42,7,1,0
BRDA:50,8,0,0
BRDA:50,8,1,0
BRDA:52,9,0,0
BRDA:52,9,1,0
BRDA:52,9,2,0
BRDA:53,10,0,0
BRDA:53,10,1,0
BRDA:54,11,0,0
BRDA:54,11,1,0
BRDA:55,12,0,0
BRDA:55,12,1,0
BRDA:61,13,0,0
BRDA:61,13,1,0
BRDA:74,14,0,0
BRDA:74,14,1,0
BRDA:82,15,0,0
BRDA:82,15,1,0
BRDA:82,16,0,0
BRDA:82,16,1,0
BRDA:82,16,2,0
BRDA:84,17,0,0
BRDA:84,17,1,0
BRDA:85,18,0,0
BRDA:85,18,1,0
BRDA:86,19,0,0
BRDA:86,19,1,0
BRF:43
BRH:0
end_of_record
TN:
SF:utils\guardrails.js
FN:8,(anonymous_0)
FNF:1
FNH:0
FNDA:0,(anonymous_0)
DA:1,2
DA:8,2
DA:9,0
DA:11,0
DA:14,0
DA:26,0
DA:27,0
DA:28,0
DA:29,0
DA:33,0
DA:36,2
DA:44,2
LF:12
LH:4
BRDA:9,0,0,0
BRDA:9,0,1,0
BRDA:27,1,0,0
BRDA:27,1,1,0
BRF:4
BRH:0
end_of_record
TN:
SF:utils\logger.js
FNF:0
FNH:0
DA:1,2
DA:2,2
DA:5,2
DA:26,2
DA:27,0
DA:35,2
LF:6
LH:5
BRDA:6,0,0,0
BRDA:6,0,1,2
BRDA:26,1,0,0
BRDA:26,1,1,2
BRDA:26,2,0,2
BRDA:26,2,1,2
BRF:6
BRH:4
end_of_record
