{"E:\\ANTIGRAVITY\\BhashaSetuAI\\client\\src\\components\\AnnouncementsModal.css": {"path":"E:\\ANTIGRAVITY\\BhashaSetuAI\\client\\src\\components\\AnnouncementsModal.css","statementMap":{},"fnMap":{},"branchMap":{},"s":{},"f":{},"b":{},"meta":{"lastBranch":0,"lastFunction":0,"lastStatement":0,"seen":{},"fnNames":{}}}
,"E:\\ANTIGRAVITY\\BhashaSetuAI\\client\\src\\components\\AnnouncementsModal.jsx": {"path":"E:\\ANTIGRAVITY\\BhashaSetuAI\\client\\src\\components\\AnnouncementsModal.jsx","statementMap":{"0":{"start":{"line":5,"column":6},"end":{"line":47,"column":null}},"1":{"start":{"line":6,"column":2},"end":{"line":45,"column":null}},"2":{"start":{"line":8,"column":51},"end":{"line":8,"column":72}},"3":{"start":{"line":25,"column":16},"end":{"line":39,"column":null}}},"fnMap":{"0":{"name":"(anonymous_0)","decl":{"start":{"line":5,"column":6},"end":{"line":5,"column":28}},"loc":{"start":{"line":5,"column":59},"end":{"line":47,"column":null}},"line":5},"1":{"name":"(anonymous_1)","decl":{"start":{"line":8,"column":37},"end":{"line":8,"column":46}},"loc":{"start":{"line":8,"column":51},"end":{"line":8,"column":72}},"line":8},"2":{"name":"(anonymous_2)","decl":{"start":{"line":24,"column":29},"end":{"line":24,"column":34}},"loc":{"start":{"line":25,"column":16},"end":{"line":39,"column":null}},"line":25}},"branchMap":{"0":{"loc":{"start":{"line":17,"column":12},"end":{"line":41,"column":null}},"type":"cond-expr","locations":[{"start":{"line":18,"column":12},"end":{"line":23,"column":13}},{"start":{"line":23,"column":12},"end":{"line":41,"column":null}}],"line":17},"1":{"loc":{"start":{"line":17,"column":12},"end":{"line":17,"column":null}},"type":"binary-expr","locations":[{"start":{"line":17,"column":12},"end":{"line":17,"column":30}},{"start":{"line":17,"column":30},"end":{"line":17,"column":null}}],"line":17}},"s":{"0":1,"1":0,"2":0,"3":0},"f":{"0":0,"1":0,"2":0},"b":{"0":[0,0],"1":[0,0]},"meta":{"lastBranch":2,"lastFunction":3,"lastStatement":4,"seen":{"s:5:6:47:Infinity":0,"f:5:6:5:28":0,"s:6:2:45:Infinity":1,"f:8:37:8:46":1,"s:8:51:8:72":2,"b:18:12:23:13:23:12:41:Infinity":0,"b:17:12:17:30:17:30:17:Infinity":1,"f:24:29:24:34":2,"s:25:16:39:Infinity":3},"fnNames":{}}}
,"E:\\ANTIGRAVITY\\BhashaSetuAI\\client\\src\\components\\LeaderboardModal.css": {"path":"E:\\ANTIGRAVITY\\BhashaSetuAI\\client\\src\\components\\LeaderboardModal.css","statementMap":{},"fnMap":{},"branchMap":{},"s":{},"f":{},"b":{},"meta":{"lastBranch":0,"lastFunction":0,"lastStatement":0,"seen":{},"fnNames":{}}}
,"E:\\ANTIGRAVITY\\BhashaSetuAI\\client\\src\\components\\LeaderboardModal.jsx": {"path":"E:\\ANTIGRAVITY\\BhashaSetuAI\\client\\src\\components\\LeaderboardModal.jsx","statementMap":{"0":{"start":{"line":6,"column":6},"end":{"line":140,"column":null}},"1":{"start":{"line":7,"column":16},"end":{"line":7,"column":31}},"2":{"start":{"line":8,"column":40},"end":{"line":8,"column":null}},"3":{"start":{"line":9,"column":40},"end":{"line":9,"column":null}},"4":{"start":{"line":10,"column":32},"end":{"line":10,"column":null}},"5":{"start":{"line":12,"column":2},"end":{"line":14,"column":null}},"6":{"start":{"line":13,"column":4},"end":{"line":13,"column":null}},"7":{"start":{"line":16,"column":27},"end":{"line":32,"column":null}},"8":{"start":{"line":17,"column":4},"end":{"line":31,"column":null}},"9":{"start":{"line":18,"column":20},"end":{"line":18,"column":null}},"10":{"start":{"line":19,"column":18},"end":{"line":21,"column":null}},"11":{"start":{"line":22,"column":6},"end":{"line":26,"column":null}},"12":{"start":{"line":23,"column":21},"end":{"line":23,"column":null}},"13":{"start":{"line":24,"column":8},"end":{"line":24,"column":null}},"14":{"start":{"line":25,"column":8},"end":{"line":25,"column":null}},"15":{"start":{"line":28,"column":6},"end":{"line":28,"column":null}},"16":{"start":{"line":30,"column":6},"end":{"line":30,"column":null}},"17":{"start":{"line":35,"column":22},"end":{"line":35,"column":null}},"18":{"start":{"line":36,"column":20},"end":{"line":36,"column":null}},"19":{"start":{"line":39,"column":24},"end":{"line":39,"column":null}},"20":{"start":{"line":40,"column":2},"end":{"line":40,"column":null}},"21":{"start":{"line":40,"column":30},"end":{"line":40,"column":null}},"22":{"start":{"line":41,"column":2},"end":{"line":41,"column":null}},"23":{"start":{"line":41,"column":30},"end":{"line":41,"column":null}},"24":{"start":{"line":42,"column":2},"end":{"line":42,"column":null}},"25":{"start":{"line":42,"column":30},"end":{"line":42,"column":null}},"26":{"start":{"line":44,"column":2},"end":{"line":52,"column":null}},"27":{"start":{"line":45,"column":4},"end":{"line":50,"column":null}},"28":{"start":{"line":54,"column":2},"end":{"line":138,"column":null}},"29":{"start":{"line":72,"column":32},"end":{"line":72,"column":null}},"30":{"start":{"line":73,"column":33},"end":{"line":73,"column":null}},"31":{"start":{"line":74,"column":32},"end":{"line":74,"column":null}},"32":{"start":{"line":76,"column":16},"end":{"line":93,"column":null}},"33":{"start":{"line":102,"column":14},"end":{"line":113,"column":null}}},"fnMap":{"0":{"name":"(anonymous_0)","decl":{"start":{"line":6,"column":6},"end":{"line":6,"column":26}},"loc":{"start":{"line":6,"column":42},"end":{"line":140,"column":null}},"line":6},"1":{"name":"(anonymous_1)","decl":{"start":{"line":12,"column":2},"end":{"line":12,"column":18}},"loc":{"start":{"line":12,"column":18},"end":{"line":14,"column":5}},"line":12},"2":{"name":"(anonymous_2)","decl":{"start":{"line":16,"column":27},"end":{"line":16,"column":39}},"loc":{"start":{"line":16,"column":39},"end":{"line":32,"column":null}},"line":16},"3":{"name":"(anonymous_3)","decl":{"start":{"line":71,"column":29},"end":{"line":71,"column":34}},"loc":{"start":{"line":71,"column":43},"end":{"line":95,"column":15}},"line":71},"4":{"name":"(anonymous_4)","decl":{"start":{"line":101,"column":23},"end":{"line":101,"column":28}},"loc":{"start":{"line":102,"column":14},"end":{"line":113,"column":null}},"line":102}},"branchMap":{"0":{"loc":{"start":{"line":22,"column":6},"end":{"line":26,"column":null}},"type":"if","locations":[{"start":{"line":22,"column":6},"end":{"line":26,"column":null}},{"start":{},"end":{}}],"line":22},"1":{"loc":{"start":{"line":24,"column":23},"end":{"line":24,"column":45}},"type":"binary-expr","locations":[{"start":{"line":24,"column":23},"end":{"line":24,"column":43}},{"start":{"line":24,"column":43},"end":{"line":24,"column":45}}],"line":24},"2":{"loc":{"start":{"line":25,"column":23},"end":{"line":25,"column":47}},"type":"binary-expr","locations":[{"start":{"line":25,"column":23},"end":{"line":25,"column":43}},{"start":{"line":25,"column":43},"end":{"line":25,"column":47}}],"line":25},"3":{"loc":{"start":{"line":40,"column":2},"end":{"line":40,"column":null}},"type":"if","locations":[{"start":{"line":40,"column":2},"end":{"line":40,"column":null}},{"start":{},"end":{}}],"line":40},"4":{"loc":{"start":{"line":41,"column":2},"end":{"line":41,"column":null}},"type":"if","locations":[{"start":{"line":41,"column":2},"end":{"line":41,"column":null}},{"start":{},"end":{}}],"line":41},"5":{"loc":{"start":{"line":42,"column":2},"end":{"line":42,"column":null}},"type":"if","locations":[{"start":{"line":42,"column":2},"end":{"line":42,"column":null}},{"start":{},"end":{}}],"line":42},"6":{"loc":{"start":{"line":44,"column":2},"end":{"line":52,"column":null}},"type":"if","locations":[{"start":{"line":44,"column":2},"end":{"line":52,"column":null}},{"start":{},"end":{}}],"line":44},"7":{"loc":{"start":{"line":69,"column":11},"end":{"line":100,"column":11}},"type":"binary-expr","locations":[{"start":{"line":69,"column":11},"end":{"line":69,"column":null}},{"start":{"line":70,"column":12},"end":{"line":100,"column":11}}],"line":69},"8":{"loc":{"start":{"line":77,"column":83},"end":{"line":77,"column":null}},"type":"cond-expr","locations":[{"start":{"line":77,"column":104},"end":{"line":77,"column":128}},{"start":{"line":77,"column":128},"end":{"line":77,"column":null}}],"line":77},"9":{"loc":{"start":{"line":79,"column":23},"end":{"line":80,"column":23}},"type":"binary-expr","locations":[{"start":{"line":79,"column":23},"end":{"line":79,"column":34}},{"start":{"line":79,"column":34},"end":{"line":80,"column":23}}],"line":79},"10":{"loc":{"start":{"line":80,"column":72},"end":{"line":80,"column":136}},"type":"cond-expr","locations":[{"start":{"line":80,"column":128},"end":{"line":80,"column":132}},{"start":{"line":80,"column":132},"end":{"line":80,"column":136}}],"line":80},"11":{"loc":{"start":{"line":80,"column":72},"end":{"line":80,"column":128}},"type":"binary-expr","locations":[{"start":{"line":80,"column":72},"end":{"line":80,"column":87}},{"start":{"line":80,"column":87},"end":{"line":80,"column":128}}],"line":80},"12":{"loc":{"start":{"line":81,"column":25},"end":{"line":84,"column":null}},"type":"cond-expr","locations":[{"start":{"line":82,"column":26},"end":{"line":84,"column":31}},{"start":{"line":84,"column":26},"end":{"line":84,"column":null}}],"line":81},"13":{"loc":{"start":{"line":81,"column":25},"end":{"line":81,"column":null}},"type":"binary-expr","locations":[{"start":{"line":81,"column":25},"end":{"line":81,"column":40}},{"start":{"line":81,"column":40},"end":{"line":81,"column":null}}],"line":81},"14":{"loc":{"start":{"line":102,"column":59},"end":{"line":102,"column":null}},"type":"cond-expr","locations":[{"start":{"line":102,"column":80},"end":{"line":102,"column":102}},{"start":{"line":102,"column":102},"end":{"line":102,"column":null}}],"line":102},"15":{"loc":{"start":{"line":104,"column":64},"end":{"line":104,"column":128}},"type":"cond-expr","locations":[{"start":{"line":104,"column":120},"end":{"line":104,"column":124}},{"start":{"line":104,"column":124},"end":{"line":104,"column":128}}],"line":104},"16":{"loc":{"start":{"line":104,"column":64},"end":{"line":104,"column":120}},"type":"binary-expr","locations":[{"start":{"line":104,"column":64},"end":{"line":104,"column":79}},{"start":{"line":104,"column":79},"end":{"line":104,"column":120}}],"line":104},"17":{"loc":{"start":{"line":105,"column":19},"end":{"line":108,"column":null}},"type":"cond-expr","locations":[{"start":{"line":106,"column":20},"end":{"line":108,"column":25}},{"start":{"line":108,"column":20},"end":{"line":108,"column":null}}],"line":105},"18":{"loc":{"start":{"line":105,"column":19},"end":{"line":105,"column":null}},"type":"binary-expr","locations":[{"start":{"line":105,"column":19},"end":{"line":105,"column":34}},{"start":{"line":105,"column":34},"end":{"line":105,"column":null}}],"line":105},"19":{"loc":{"start":{"line":116,"column":13},"end":{"line":119,"column":null}},"type":"binary-expr","locations":[{"start":{"line":116,"column":13},"end":{"line":116,"column":null}},{"start":{"line":117,"column":14},"end":{"line":119,"column":null}}],"line":116},"20":{"loc":{"start":{"line":123,"column":9},"end":{"line":135,"column":null}},"type":"binary-expr","locations":[{"start":{"line":123,"column":9},"end":{"line":123,"column":null}},{"start":{"line":124,"column":10},"end":{"line":135,"column":null}}],"line":123},"21":{"loc":{"start":{"line":126,"column":60},"end":{"line":126,"column":138}},"type":"cond-expr","locations":[{"start":{"line":126,"column":130},"end":{"line":126,"column":134}},{"start":{"line":126,"column":134},"end":{"line":126,"column":138}}],"line":126},"22":{"loc":{"start":{"line":126,"column":60},"end":{"line":126,"column":130}},"type":"binary-expr","locations":[{"start":{"line":126,"column":60},"end":{"line":126,"column":82}},{"start":{"line":126,"column":82},"end":{"line":126,"column":130}}],"line":126},"23":{"loc":{"start":{"line":127,"column":15},"end":{"line":130,"column":null}},"type":"cond-expr","locations":[{"start":{"line":128,"column":16},"end":{"line":130,"column":28}},{"start":{"line":130,"column":16},"end":{"line":130,"column":null}}],"line":127},"24":{"loc":{"start":{"line":127,"column":15},"end":{"line":127,"column":null}},"type":"binary-expr","locations":[{"start":{"line":127,"column":15},"end":{"line":127,"column":37}},{"start":{"line":127,"column":37},"end":{"line":127,"column":null}}],"line":127}},"s":{"0":1,"1":0,"2":0,"3":0,"4":0,"5":0,"6":0,"7":0,"8":0,"9":0,"10":0,"11":0,"12":0,"13":0,"14":0,"15":0,"16":0,"17":0,"18":0,"19":0,"20":0,"21":0,"22":0,"23":0,"24":0,"25":0,"26":0,"27":0,"28":0,"29":0,"30":0,"31":0,"32":0,"33":0},"f":{"0":0,"1":0,"2":0,"3":0,"4":0},"b":{"0":[0,0],"1":[0,0],"2":[0,0],"3":[0,0],"4":[0,0],"5":[0,0],"6":[0,0],"7":[0,0],"8":[0,0],"9":[0,0],"10":[0,0],"11":[0,0],"12":[0,0],"13":[0,0],"14":[0,0],"15":[0,0],"16":[0,0],"17":[0,0],"18":[0,0],"19":[0,0],"20":[0,0],"21":[0,0],"22":[0,0],"23":[0,0],"24":[0,0]},"meta":{"lastBranch":25,"lastFunction":5,"lastStatement":34,"seen":{"s:6:6:140:Infinity":0,"f:6:6:6:26":0,"s:7:16:7:31":1,"s:8:40:8:Infinity":2,"s:9:40:9:Infinity":3,"s:10:32:10:Infinity":4,"s:12:2:14:Infinity":5,"f:12:2:12:18":1,"s:13:4:13:Infinity":6,"s:16:27:32:Infinity":7,"f:16:27:16:39":2,"s:17:4:31:Infinity":8,"s:18:20:18:Infinity":9,"s:19:18:21:Infinity":10,"b:22:6:26:Infinity:undefined:undefined:undefined:undefined":0,"s:22:6:26:Infinity":11,"s:23:21:23:Infinity":12,"s:24:8:24:Infinity":13,"b:24:23:24:43:24:43:24:45":1,"s:25:8:25:Infinity":14,"b:25:23:25:43:25:43:25:47":2,"s:28:6:28:Infinity":15,"s:30:6:30:Infinity":16,"s:35:22:35:Infinity":17,"s:36:20:36:Infinity":18,"s:39:24:39:Infinity":19,"b:40:2:40:Infinity:undefined:undefined:undefined:undefined":3,"s:40:2:40:Infinity":20,"s:40:30:40:Infinity":21,"b:41:2:41:Infinity:undefined:undefined:undefined:undefined":4,"s:41:2:41:Infinity":22,"s:41:30:41:Infinity":23,"b:42:2:42:Infinity:undefined:undefined:undefined:undefined":5,"s:42:2:42:Infinity":24,"s:42:30:42:Infinity":25,"b:44:2:52:Infinity:undefined:undefined:undefined:undefined":6,"s:44:2:52:Infinity":26,"s:45:4:50:Infinity":27,"s:54:2:138:Infinity":28,"b:69:11:69:Infinity:70:12:100:11":7,"f:71:29:71:34":3,"s:72:32:72:Infinity":29,"s:73:33:73:Infinity":30,"s:74:32:74:Infinity":31,"s:76:16:93:Infinity":32,"b:77:104:77:128:77:128:77:Infinity":8,"b:79:23:79:34:79:34:80:23":9,"b:80:128:80:132:80:132:80:136":10,"b:80:72:80:87:80:87:80:128":11,"b:82:26:84:31:84:26:84:Infinity":12,"b:81:25:81:40:81:40:81:Infinity":13,"f:101:23:101:28":4,"s:102:14:113:Infinity":33,"b:102:80:102:102:102:102:102:Infinity":14,"b:104:120:104:124:104:124:104:128":15,"b:104:64:104:79:104:79:104:120":16,"b:106:20:108:25:108:20:108:Infinity":17,"b:105:19:105:34:105:34:105:Infinity":18,"b:116:13:116:Infinity:117:14:119:Infinity":19,"b:123:9:123:Infinity:124:10:135:Infinity":20,"b:126:130:126:134:126:134:126:138":21,"b:126:60:126:82:126:82:126:130":22,"b:128:16:130:28:130:16:130:Infinity":23,"b:127:15:127:37:127:37:127:Infinity":24},"fnNames":{}}}
,"E:\\ANTIGRAVITY\\BhashaSetuAI\\client\\src\\components\\ProfileModal.css": {"path":"E:\\ANTIGRAVITY\\BhashaSetuAI\\client\\src\\components\\ProfileModal.css","statementMap":{},"fnMap":{},"branchMap":{},"s":{},"f":{},"b":{},"meta":{"lastBranch":0,"lastFunction":0,"lastStatement":0,"seen":{},"fnNames":{}}}
,"E:\\ANTIGRAVITY\\BhashaSetuAI\\client\\src\\components\\ProfileModal.jsx": {"path":"E:\\ANTIGRAVITY\\BhashaSetuAI\\client\\src\\components\\ProfileModal.jsx","statementMap":{"0":{"start":{"line":6,"column":23},"end":{"line":11,"column":null}},"1":{"start":{"line":13,"column":6},"end":{"line":336,"column":null}},"2":{"start":{"line":14,"column":19},"end":{"line":14,"column":31}},"3":{"start":{"line":15,"column":23},"end":{"line":15,"column":null}},"4":{"start":{"line":16,"column":32},"end":{"line":16,"column":null}},"5":{"start":{"line":17,"column":32},"end":{"line":17,"column":null}},"6":{"start":{"line":18,"column":30},"end":{"line":18,"column":null}},"7":{"start":{"line":19,"column":36},"end":{"line":19,"column":null}},"8":{"start":{"line":20,"column":28},"end":{"line":20,"column":null}},"9":{"start":{"line":21,"column":32},"end":{"line":21,"column":null}},"10":{"start":{"line":24,"column":34},"end":{"line":30,"column":null}},"11":{"start":{"line":32,"column":2},"end":{"line":34,"column":null}},"12":{"start":{"line":33,"column":4},"end":{"line":33,"column":null}},"13":{"start":{"line":36,"column":23},"end":{"line":65,"column":null}},"14":{"start":{"line":37,"column":4},"end":{"line":64,"column":null}},"15":{"start":{"line":38,"column":20},"end":{"line":38,"column":null}},"16":{"start":{"line":39,"column":6},"end":{"line":39,"column":null}},"17":{"start":{"line":39,"column":18},"end":{"line":39,"column":null}},"18":{"start":{"line":41,"column":18},"end":{"line":45,"column":null}},"19":{"start":{"line":46,"column":6},"end":{"line":58,"column":null}},"20":{"start":{"line":47,"column":21},"end":{"line":47,"column":null}},"21":{"start":{"line":48,"column":8},"end":{"line":48,"column":null}},"22":{"start":{"line":49,"column":8},"end":{"line":55,"column":null}},"23":{"start":{"line":57,"column":8},"end":{"line":57,"column":null}},"24":{"start":{"line":60,"column":6},"end":{"line":60,"column":null}},"25":{"start":{"line":61,"column":6},"end":{"line":61,"column":null}},"26":{"start":{"line":63,"column":6},"end":{"line":63,"column":null}},"27":{"start":{"line":67,"column":8},"end":{"line":70,"column":null}},"28":{"start":{"line":68,"column":28},"end":{"line":68,"column":null}},"29":{"start":{"line":69,"column":4},"end":{"line":69,"column":null}},"30":{"start":{"line":69,"column":25},"end":{"line":69,"column":52}},"31":{"start":{"line":72,"column":23},"end":{"line":108,"column":null}},"32":{"start":{"line":73,"column":4},"end":{"line":73,"column":null}},"33":{"start":{"line":74,"column":4},"end":{"line":74,"column":null}},"34":{"start":{"line":75,"column":4},"end":{"line":75,"column":null}},"35":{"start":{"line":76,"column":4},"end":{"line":76,"column":null}},"36":{"start":{"line":78,"column":4},"end":{"line":107,"column":null}},"37":{"start":{"line":79,"column":20},"end":{"line":79,"column":null}},"38":{"start":{"line":80,"column":18},"end":{"line":87,"column":null}},"39":{"start":{"line":89,"column":6},"end":{"line":101,"column":null}},"40":{"start":{"line":90,"column":8},"end":{"line":90,"column":null}},"41":{"start":{"line":91,"column":8},"end":{"line":97,"column":null}},"42":{"start":{"line":92,"column":29},"end":{"line":92,"column":null}},"43":{"start":{"line":93,"column":30},"end":{"line":93,"column":null}},"44":{"start":{"line":94,"column":10},"end":{"line":94,"column":null}},"45":{"start":{"line":96,"column":10},"end":{"line":96,"column":null}},"46":{"start":{"line":98,"column":8},"end":{"line":98,"column":null}},"47":{"start":{"line":100,"column":8},"end":{"line":100,"column":null}},"48":{"start":{"line":103,"column":6},"end":{"line":103,"column":null}},"49":{"start":{"line":104,"column":6},"end":{"line":104,"column":null}},"50":{"start":{"line":106,"column":6},"end":{"line":106,"column":null}},"51":{"start":{"line":110,"column":29},"end":{"line":135,"column":null}},"52":{"start":{"line":111,"column":4},"end":{"line":111,"column":null}},"53":{"start":{"line":112,"column":4},"end":{"line":112,"column":null}},"54":{"start":{"line":113,"column":4},"end":{"line":134,"column":null}},"55":{"start":{"line":114,"column":20},"end":{"line":114,"column":null}},"56":{"start":{"line":115,"column":18},"end":{"line":122,"column":null}},"57":{"start":{"line":123,"column":6},"end":{"line":128,"column":null}},"58":{"start":{"line":124,"column":8},"end":{"line":124,"column":null}},"59":{"start":{"line":125,"column":8},"end":{"line":125,"column":null}},"60":{"start":{"line":127,"column":8},"end":{"line":127,"column":null}},"61":{"start":{"line":130,"column":6},"end":{"line":130,"column":null}},"62":{"start":{"line":131,"column":6},"end":{"line":131,"column":null}},"63":{"start":{"line":133,"column":6},"end":{"line":133,"column":null}},"64":{"start":{"line":137,"column":27},"end":{"line":170,"column":null}},"65":{"start":{"line":138,"column":17},"end":{"line":138,"column":null}},"66":{"start":{"line":139,"column":4},"end":{"line":139,"column":null}},"67":{"start":{"line":139,"column":15},"end":{"line":139,"column":null}},"68":{"start":{"line":141,"column":4},"end":{"line":141,"column":null}},"69":{"start":{"line":142,"column":4},"end":{"line":142,"column":null}},"70":{"start":{"line":143,"column":4},"end":{"line":143,"column":null}},"71":{"start":{"line":145,"column":17},"end":{"line":145,"column":null}},"72":{"start":{"line":146,"column":4},"end":{"line":146,"column":null}},"73":{"start":{"line":148,"column":4},"end":{"line":169,"column":null}},"74":{"start":{"line":149,"column":20},"end":{"line":149,"column":null}},"75":{"start":{"line":150,"column":18},"end":{"line":154,"column":null}},"76":{"start":{"line":156,"column":6},"end":{"line":162,"column":null}},"77":{"start":{"line":157,"column":8},"end":{"line":157,"column":null}},"78":{"start":{"line":158,"column":8},"end":{"line":158,"column":null}},"79":{"start":{"line":160,"column":18},"end":{"line":160,"column":null}},"80":{"start":{"line":161,"column":8},"end":{"line":161,"column":null}},"81":{"start":{"line":164,"column":6},"end":{"line":164,"column":null}},"82":{"start":{"line":165,"column":6},"end":{"line":165,"column":null}},"83":{"start":{"line":167,"column":6},"end":{"line":167,"column":null}},"84":{"start":{"line":168,"column":6},"end":{"line":168,"column":null}},"85":{"start":{"line":168,"column":32},"end":{"line":168,"column":null}},"86":{"start":{"line":172,"column":2},"end":{"line":181,"column":null}},"87":{"start":{"line":173,"column":4},"end":{"line":179,"column":null}},"88":{"start":{"line":183,"column":2},"end":{"line":334,"column":null}},"89":{"start":{"line":205,"column":35},"end":{"line":205,"column":null}},"90":{"start":{"line":225,"column":20},"end":{"line":233,"column":null}},"91":{"start":{"line":229,"column":37},"end":{"line":229,"column":null}},"92":{"start":{"line":231,"column":42},"end":{"line":231,"column":null}},"93":{"start":{"line":232,"column":41},"end":{"line":232,"column":null}}},"fnMap":{"0":{"name":"(anonymous_0)","decl":{"start":{"line":13,"column":6},"end":{"line":13,"column":22}},"loc":{"start":{"line":13,"column":38},"end":{"line":336,"column":null}},"line":13},"1":{"name":"(anonymous_1)","decl":{"start":{"line":32,"column":2},"end":{"line":32,"column":18}},"loc":{"start":{"line":32,"column":18},"end":{"line":34,"column":5}},"line":32},"2":{"name":"(anonymous_2)","decl":{"start":{"line":36,"column":23},"end":{"line":36,"column":35}},"loc":{"start":{"line":36,"column":35},"end":{"line":65,"column":null}},"line":36},"3":{"name":"(anonymous_3)","decl":{"start":{"line":67,"column":8},"end":{"line":67,"column":29}},"loc":{"start":{"line":67,"column":35},"end":{"line":70,"column":null}},"line":67},"4":{"name":"(anonymous_4)","decl":{"start":{"line":69,"column":4},"end":{"line":69,"column":16}},"loc":{"start":{"line":69,"column":25},"end":{"line":69,"column":52}},"line":69},"5":{"name":"(anonymous_5)","decl":{"start":{"line":72,"column":23},"end":{"line":72,"column":30}},"loc":{"start":{"line":72,"column":36},"end":{"line":108,"column":null}},"line":72},"6":{"name":"(anonymous_6)","decl":{"start":{"line":110,"column":29},"end":{"line":110,"column":36}},"loc":{"start":{"line":110,"column":44},"end":{"line":135,"column":null}},"line":110},"7":{"name":"(anonymous_7)","decl":{"start":{"line":137,"column":27},"end":{"line":137,"column":34}},"loc":{"start":{"line":137,"column":40},"end":{"line":170,"column":null}},"line":137},"8":{"name":"(anonymous_8)","decl":{"start":{"line":205,"column":20},"end":{"line":205,"column":35}},"loc":{"start":{"line":205,"column":35},"end":{"line":205,"column":null}},"line":205},"9":{"name":"(anonymous_9)","decl":{"start":{"line":224,"column":34},"end":{"line":224,"column":39}},"loc":{"start":{"line":225,"column":20},"end":{"line":233,"column":null}},"line":225},"10":{"name":"(anonymous_10)","decl":{"start":{"line":229,"column":22},"end":{"line":229,"column":37}},"loc":{"start":{"line":229,"column":37},"end":{"line":229,"column":null}},"line":229},"11":{"name":"(anonymous_11)","decl":{"start":{"line":231,"column":22},"end":{"line":231,"column":36}},"loc":{"start":{"line":231,"column":42},"end":{"line":231,"column":null}},"line":231},"12":{"name":"(anonymous_12)","decl":{"start":{"line":232,"column":22},"end":{"line":232,"column":35}},"loc":{"start":{"line":232,"column":41},"end":{"line":232,"column":null}},"line":232}},"branchMap":{"0":{"loc":{"start":{"line":39,"column":6},"end":{"line":39,"column":null}},"type":"if","locations":[{"start":{"line":39,"column":6},"end":{"line":39,"column":null}},{"start":{},"end":{}}],"line":39},"1":{"loc":{"start":{"line":46,"column":6},"end":{"line":58,"column":null}},"type":"if","locations":[{"start":{"line":46,"column":6},"end":{"line":58,"column":null}},{"start":{"line":56,"column":13},"end":{"line":58,"column":null}}],"line":46},"2":{"loc":{"start":{"line":50,"column":16},"end":{"line":50,"column":null}},"type":"binary-expr","locations":[{"start":{"line":50,"column":16},"end":{"line":50,"column":29}},{"start":{"line":50,"column":29},"end":{"line":50,"column":null}}],"line":50},"3":{"loc":{"start":{"line":51,"column":15},"end":{"line":51,"column":null}},"type":"binary-expr","locations":[{"start":{"line":51,"column":15},"end":{"line":51,"column":27}},{"start":{"line":51,"column":27},"end":{"line":51,"column":null}}],"line":51},"4":{"loc":{"start":{"line":52,"column":30},"end":{"line":52,"column":null}},"type":"binary-expr","locations":[{"start":{"line":52,"column":30},"end":{"line":52,"column":57}},{"start":{"line":52,"column":57},"end":{"line":52,"column":null}}],"line":52},"5":{"loc":{"start":{"line":53,"column":27},"end":{"line":53,"column":null}},"type":"binary-expr","locations":[{"start":{"line":53,"column":27},"end":{"line":53,"column":51}},{"start":{"line":53,"column":51},"end":{"line":53,"column":null}}],"line":53},"6":{"loc":{"start":{"line":54,"column":29},"end":{"line":54,"column":null}},"type":"binary-expr","locations":[{"start":{"line":54,"column":29},"end":{"line":54,"column":55}},{"start":{"line":54,"column":55},"end":{"line":54,"column":null}}],"line":54},"7":{"loc":{"start":{"line":89,"column":6},"end":{"line":101,"column":null}},"type":"if","locations":[{"start":{"line":89,"column":6},"end":{"line":101,"column":null}},{"start":{"line":99,"column":13},"end":{"line":101,"column":null}}],"line":89},"8":{"loc":{"start":{"line":92,"column":40},"end":{"line":92,"column":76}},"type":"binary-expr","locations":[{"start":{"line":92,"column":40},"end":{"line":92,"column":72}},{"start":{"line":92,"column":72},"end":{"line":92,"column":76}}],"line":92},"9":{"loc":{"start":{"line":123,"column":6},"end":{"line":128,"column":null}},"type":"if","locations":[{"start":{"line":123,"column":6},"end":{"line":128,"column":null}},{"start":{"line":126,"column":13},"end":{"line":128,"column":null}}],"line":123},"10":{"loc":{"start":{"line":139,"column":4},"end":{"line":139,"column":null}},"type":"if","locations":[{"start":{"line":139,"column":4},"end":{"line":139,"column":null}},{"start":{},"end":{}}],"line":139},"11":{"loc":{"start":{"line":156,"column":6},"end":{"line":162,"column":null}},"type":"if","locations":[{"start":{"line":156,"column":6},"end":{"line":162,"column":null}},{"start":{"line":159,"column":13},"end":{"line":162,"column":null}}],"line":156},"12":{"loc":{"start":{"line":161,"column":17},"end":{"line":161,"column":56}},"type":"binary-expr","locations":[{"start":{"line":161,"column":17},"end":{"line":161,"column":30}},{"start":{"line":161,"column":30},"end":{"line":161,"column":56}}],"line":161},"13":{"loc":{"start":{"line":168,"column":6},"end":{"line":168,"column":null}},"type":"if","locations":[{"start":{"line":168,"column":6},"end":{"line":168,"column":null}},{"start":{},"end":{}}],"line":168},"14":{"loc":{"start":{"line":172,"column":2},"end":{"line":181,"column":null}},"type":"if","locations":[{"start":{"line":172,"column":2},"end":{"line":181,"column":null}},{"start":{},"end":{}}],"line":172},"15":{"loc":{"start":{"line":199,"column":19},"end":{"line":202,"column":null}},"type":"cond-expr","locations":[{"start":{"line":200,"column":20},"end":{"line":202,"column":21}},{"start":{"line":202,"column":20},"end":{"line":202,"column":null}}],"line":199},"16":{"loc":{"start":{"line":199,"column":19},"end":{"line":199,"column":null}},"type":"binary-expr","locations":[{"start":{"line":199,"column":19},"end":{"line":199,"column":38}},{"start":{"line":199,"column":38},"end":{"line":199,"column":null}}],"line":199},"17":{"loc":{"start":{"line":210,"column":21},"end":{"line":210,"column":null}},"type":"cond-expr","locations":[{"start":{"line":210,"column":33},"end":{"line":210,"column":77}},{"start":{"line":210,"column":76},"end":{"line":210,"column":null}}],"line":210},"18":{"loc":{"start":{"line":216,"column":50},"end":{"line":216,"column":83}},"type":"binary-expr","locations":[{"start":{"line":216,"column":50},"end":{"line":216,"column":67}},{"start":{"line":216,"column":67},"end":{"line":216,"column":83}}],"line":216},"19":{"loc":{"start":{"line":230,"column":102},"end":{"line":230,"column":171}},"type":"cond-expr","locations":[{"start":{"line":230,"column":128},"end":{"line":230,"column":150}},{"start":{"line":230,"column":150},"end":{"line":230,"column":171}}],"line":230},"20":{"loc":{"start":{"line":243,"column":29},"end":{"line":243,"column":54}},"type":"binary-expr","locations":[{"start":{"line":243,"column":29},"end":{"line":243,"column":44}},{"start":{"line":243,"column":44},"end":{"line":243,"column":54}}],"line":243},"21":{"loc":{"start":{"line":250,"column":29},"end":{"line":250,"column":50}},"type":"binary-expr","locations":[{"start":{"line":250,"column":29},"end":{"line":250,"column":48}},{"start":{"line":250,"column":48},"end":{"line":250,"column":50}}],"line":250},"22":{"loc":{"start":{"line":267,"column":15},"end":{"line":267,"column":null}},"type":"binary-expr","locations":[{"start":{"line":267,"column":15},"end":{"line":267,"column":24}},{"start":{"line":267,"column":24},"end":{"line":267,"column":null}}],"line":267},"23":{"loc":{"start":{"line":268,"column":15},"end":{"line":268,"column":null}},"type":"binary-expr","locations":[{"start":{"line":268,"column":15},"end":{"line":268,"column":26}},{"start":{"line":268,"column":26},"end":{"line":268,"column":null}}],"line":268},"24":{"loc":{"start":{"line":273,"column":45},"end":{"line":273,"column":67}},"type":"binary-expr","locations":[{"start":{"line":273,"column":45},"end":{"line":273,"column":63}},{"start":{"line":273,"column":63},"end":{"line":273,"column":67}}],"line":273},"25":{"loc":{"start":{"line":327,"column":19},"end":{"line":327,"column":null}},"type":"cond-expr","locations":[{"start":{"line":327,"column":28},"end":{"line":327,"column":42}},{"start":{"line":327,"column":42},"end":{"line":327,"column":null}}],"line":327}},"s":{"0":1,"1":1,"2":0,"3":0,"4":0,"5":0,"6":0,"7":0,"8":0,"9":0,"10":0,"11":0,"12":0,"13":0,"14":0,"15":0,"16":0,"17":0,"18":0,"19":0,"20":0,"21":0,"22":0,"23":0,"24":0,"25":0,"26":0,"27":0,"28":0,"29":0,"30":0,"31":0,"32":0,"33":0,"34":0,"35":0,"36":0,"37":0,"38":0,"39":0,"40":0,"41":0,"42":0,"43":0,"44":0,"45":0,"46":0,"47":0,"48":0,"49":0,"50":0,"51":0,"52":0,"53":0,"54":0,"55":0,"56":0,"57":0,"58":0,"59":0,"60":0,"61":0,"62":0,"63":0,"64":0,"65":0,"66":0,"67":0,"68":0,"69":0,"70":0,"71":0,"72":0,"73":0,"74":0,"75":0,"76":0,"77":0,"78":0,"79":0,"80":0,"81":0,"82":0,"83":0,"84":0,"85":0,"86":0,"87":0,"88":0,"89":0,"90":0,"91":0,"92":0,"93":0},"f":{"0":0,"1":0,"2":0,"3":0,"4":0,"5":0,"6":0,"7":0,"8":0,"9":0,"10":0,"11":0,"12":0},"b":{"0":[0,0],"1":[0,0],"2":[0,0],"3":[0,0],"4":[0,0],"5":[0,0],"6":[0,0],"7":[0,0],"8":[0,0],"9":[0,0],"10":[0,0],"11":[0,0],"12":[0,0],"13":[0,0],"14":[0,0],"15":[0,0],"16":[0,0],"17":[0,0],"18":[0,0],"19":[0,0],"20":[0,0],"21":[0,0],"22":[0,0],"23":[0,0],"24":[0,0],"25":[0,0]},"meta":{"lastBranch":26,"lastFunction":13,"lastStatement":94,"seen":{"s:6:23:11:Infinity":0,"s:13:6:336:Infinity":1,"f:13:6:13:22":0,"s:14:19:14:31":2,"s:15:23:15:Infinity":3,"s:16:32:16:Infinity":4,"s:17:32:17:Infinity":5,"s:18:30:18:Infinity":6,"s:19:36:19:Infinity":7,"s:20:28:20:Infinity":8,"s:21:32:21:Infinity":9,"s:24:34:30:Infinity":10,"s:32:2:34:Infinity":11,"f:32:2:32:18":1,"s:33:4:33:Infinity":12,"s:36:23:65:Infinity":13,"f:36:23:36:35":2,"s:37:4:64:Infinity":14,"s:38:20:38:Infinity":15,"b:39:6:39:Infinity:undefined:undefined:undefined:undefined":0,"s:39:6:39:Infinity":16,"s:39:18:39:Infinity":17,"s:41:18:45:Infinity":18,"b:46:6:58:Infinity:56:13:58:Infinity":1,"s:46:6:58:Infinity":19,"s:47:21:47:Infinity":20,"s:48:8:48:Infinity":21,"s:49:8:55:Infinity":22,"b:50:16:50:29:50:29:50:Infinity":2,"b:51:15:51:27:51:27:51:Infinity":3,"b:52:30:52:57:52:57:52:Infinity":4,"b:53:27:53:51:53:51:53:Infinity":5,"b:54:29:54:55:54:55:54:Infinity":6,"s:57:8:57:Infinity":23,"s:60:6:60:Infinity":24,"s:61:6:61:Infinity":25,"s:63:6:63:Infinity":26,"s:67:8:70:Infinity":27,"f:67:8:67:29":3,"s:68:28:68:Infinity":28,"s:69:4:69:Infinity":29,"f:69:4:69:16":4,"s:69:25:69:52":30,"s:72:23:108:Infinity":31,"f:72:23:72:30":5,"s:73:4:73:Infinity":32,"s:74:4:74:Infinity":33,"s:75:4:75:Infinity":34,"s:76:4:76:Infinity":35,"s:78:4:107:Infinity":36,"s:79:20:79:Infinity":37,"s:80:18:87:Infinity":38,"b:89:6:101:Infinity:99:13:101:Infinity":7,"s:89:6:101:Infinity":39,"s:90:8:90:Infinity":40,"s:91:8:97:Infinity":41,"s:92:29:92:Infinity":42,"b:92:40:92:72:92:72:92:76":8,"s:93:30:93:Infinity":43,"s:94:10:94:Infinity":44,"s:96:10:96:Infinity":45,"s:98:8:98:Infinity":46,"s:100:8:100:Infinity":47,"s:103:6:103:Infinity":48,"s:104:6:104:Infinity":49,"s:106:6:106:Infinity":50,"s:110:29:135:Infinity":51,"f:110:29:110:36":6,"s:111:4:111:Infinity":52,"s:112:4:112:Infinity":53,"s:113:4:134:Infinity":54,"s:114:20:114:Infinity":55,"s:115:18:122:Infinity":56,"b:123:6:128:Infinity:126:13:128:Infinity":9,"s:123:6:128:Infinity":57,"s:124:8:124:Infinity":58,"s:125:8:125:Infinity":59,"s:127:8:127:Infinity":60,"s:130:6:130:Infinity":61,"s:131:6:131:Infinity":62,"s:133:6:133:Infinity":63,"s:137:27:170:Infinity":64,"f:137:27:137:34":7,"s:138:17:138:Infinity":65,"b:139:4:139:Infinity:undefined:undefined:undefined:undefined":10,"s:139:4:139:Infinity":66,"s:139:15:139:Infinity":67,"s:141:4:141:Infinity":68,"s:142:4:142:Infinity":69,"s:143:4:143:Infinity":70,"s:145:17:145:Infinity":71,"s:146:4:146:Infinity":72,"s:148:4:169:Infinity":73,"s:149:20:149:Infinity":74,"s:150:18:154:Infinity":75,"b:156:6:162:Infinity:159:13:162:Infinity":11,"s:156:6:162:Infinity":76,"s:157:8:157:Infinity":77,"s:158:8:158:Infinity":78,"s:160:18:160:Infinity":79,"s:161:8:161:Infinity":80,"b:161:17:161:30:161:30:161:56":12,"s:164:6:164:Infinity":81,"s:165:6:165:Infinity":82,"s:167:6:167:Infinity":83,"b:168:6:168:Infinity:undefined:undefined:undefined:undefined":13,"s:168:6:168:Infinity":84,"s:168:32:168:Infinity":85,"b:172:2:181:Infinity:undefined:undefined:undefined:undefined":14,"s:172:2:181:Infinity":86,"s:173:4:179:Infinity":87,"s:183:2:334:Infinity":88,"b:200:20:202:21:202:20:202:Infinity":15,"b:199:19:199:38:199:38:199:Infinity":16,"f:205:20:205:35":8,"s:205:35:205:Infinity":89,"b:210:33:210:77:210:76:210:Infinity":17,"b:216:50:216:67:216:67:216:83":18,"f:224:34:224:39":9,"s:225:20:233:Infinity":90,"f:229:22:229:37":10,"s:229:37:229:Infinity":91,"b:230:128:230:150:230:150:230:171":19,"f:231:22:231:36":11,"s:231:42:231:Infinity":92,"f:232:22:232:35":12,"s:232:41:232:Infinity":93,"b:243:29:243:44:243:44:243:54":20,"b:250:29:250:48:250:48:250:50":21,"b:267:15:267:24:267:24:267:Infinity":22,"b:268:15:268:26:268:26:268:Infinity":23,"b:273:45:273:63:273:63:273:67":24,"b:327:28:327:42:327:42:327:Infinity":25},"fnNames":{}}}
,"E:\\ANTIGRAVITY\\BhashaSetuAI\\client\\src\\components\\ProgressModal.css": {"path":"E:\\ANTIGRAVITY\\BhashaSetuAI\\client\\src\\components\\ProgressModal.css","statementMap":{},"fnMap":{},"branchMap":{},"s":{},"f":{},"b":{},"meta":{"lastBranch":0,"lastFunction":0,"lastStatement":0,"seen":{},"fnNames":{}}}
,"E:\\ANTIGRAVITY\\BhashaSetuAI\\client\\src\\components\\ProgressModal.jsx": {"path":"E:\\ANTIGRAVITY\\BhashaSetuAI\\client\\src\\components\\ProgressModal.jsx","statementMap":{"0":{"start":{"line":6,"column":6},"end":{"line":106,"column":null}},"1":{"start":{"line":7,"column":16},"end":{"line":7,"column":31}},"2":{"start":{"line":9,"column":2},"end":{"line":9,"column":null}},"3":{"start":{"line":9,"column":13},"end":{"line":9,"column":null}},"4":{"start":{"line":11,"column":55},"end":{"line":11,"column":null}},"5":{"start":{"line":13,"column":17},"end":{"line":19,"column":null}},"6":{"start":{"line":21,"column":2},"end":{"line":104,"column":null}},"7":{"start":{"line":60,"column":18},"end":{"line":75,"column":null}},"8":{"start":{"line":87,"column":22},"end":{"line":90,"column":null}}},"fnMap":{"0":{"name":"(anonymous_0)","decl":{"start":{"line":6,"column":6},"end":{"line":6,"column":23}},"loc":{"start":{"line":6,"column":45},"end":{"line":106,"column":null}},"line":6},"1":{"name":"(anonymous_1)","decl":{"start":{"line":59,"column":24},"end":{"line":59,"column":29}},"loc":{"start":{"line":60,"column":18},"end":{"line":75,"column":null}},"line":60},"2":{"name":"(anonymous_2)","decl":{"start":{"line":86,"column":34},"end":{"line":86,"column":39}},"loc":{"start":{"line":87,"column":22},"end":{"line":90,"column":null}},"line":87}},"branchMap":{"0":{"loc":{"start":{"line":9,"column":2},"end":{"line":9,"column":null}},"type":"if","locations":[{"start":{"line":9,"column":2},"end":{"line":9,"column":null}},{"start":{},"end":{}}],"line":9},"1":{"loc":{"start":{"line":84,"column":17},"end":{"line":96,"column":null}},"type":"cond-expr","locations":[{"start":{"line":85,"column":18},"end":{"line":94,"column":19}},{"start":{"line":94,"column":18},"end":{"line":96,"column":null}}],"line":84},"2":{"loc":{"start":{"line":84,"column":17},"end":{"line":84,"column":null}},"type":"binary-expr","locations":[{"start":{"line":84,"column":17},"end":{"line":84,"column":33}},{"start":{"line":84,"column":33},"end":{"line":84,"column":null}}],"line":84}},"s":{"0":1,"1":0,"2":0,"3":0,"4":0,"5":0,"6":0,"7":0,"8":0},"f":{"0":0,"1":0,"2":0},"b":{"0":[0,0],"1":[0,0],"2":[0,0]},"meta":{"lastBranch":3,"lastFunction":3,"lastStatement":9,"seen":{"s:6:6:106:Infinity":0,"f:6:6:6:23":0,"s:7:16:7:31":1,"b:9:2:9:Infinity:undefined:undefined:undefined:undefined":0,"s:9:2:9:Infinity":2,"s:9:13:9:Infinity":3,"s:11:55:11:Infinity":4,"s:13:17:19:Infinity":5,"s:21:2:104:Infinity":6,"f:59:24:59:29":1,"s:60:18:75:Infinity":7,"b:85:18:94:19:94:18:96:Infinity":1,"b:84:17:84:33:84:33:84:Infinity":2,"f:86:34:86:39":2,"s:87:22:90:Infinity":8},"fnNames":{}}}
,"E:\\ANTIGRAVITY\\BhashaSetuAI\\client\\src\\components\\SettingsModal.css": {"path":"E:\\ANTIGRAVITY\\BhashaSetuAI\\client\\src\\components\\SettingsModal.css","statementMap":{},"fnMap":{},"branchMap":{},"s":{},"f":{},"b":{},"meta":{"lastBranch":0,"lastFunction":0,"lastStatement":0,"seen":{},"fnNames":{}}}
,"E:\\ANTIGRAVITY\\BhashaSetuAI\\client\\src\\components\\SettingsModal.jsx": {"path":"E:\\ANTIGRAVITY\\BhashaSetuAI\\client\\src\\components\\SettingsModal.jsx","statementMap":{"0":{"start":{"line":7,"column":6},"end":{"line":257,"column":null}},"1":{"start":{"line":8,"column":22},"end":{"line":8,"column":37}},"2":{"start":{"line":9,"column":47},"end":{"line":9,"column":59}},"3":{"start":{"line":11,"column":42},"end":{"line":11,"column":null}},"4":{"start":{"line":12,"column":32},"end":{"line":12,"column":null}},"5":{"start":{"line":14,"column":2},"end":{"line":14,"column":null}},"6":{"start":{"line":14,"column":15},"end":{"line":14,"column":null}},"7":{"start":{"line":16,"column":8},"end":{"line":21,"column":null}},"8":{"start":{"line":17,"column":16},"end":{"line":17,"column":null}},"9":{"start":{"line":18,"column":4},"end":{"line":18,"column":null}},"10":{"start":{"line":19,"column":4},"end":{"line":19,"column":null}},"11":{"start":{"line":20,"column":4},"end":{"line":20,"column":null}},"12":{"start":{"line":23,"column":8},"end":{"line":25,"column":null}},"13":{"start":{"line":24,"column":4},"end":{"line":24,"column":null}},"14":{"start":{"line":27,"column":31},"end":{"line":44,"column":null}},"15":{"start":{"line":28,"column":4},"end":{"line":43,"column":null}},"16":{"start":{"line":29,"column":20},"end":{"line":29,"column":null}},"17":{"start":{"line":30,"column":18},"end":{"line":37,"column":null}},"18":{"start":{"line":38,"column":19},"end":{"line":38,"column":null}},"19":{"start":{"line":39,"column":6},"end":{"line":39,"column":null}},"20":{"start":{"line":40,"column":6},"end":{"line":40,"column":null}},"21":{"start":{"line":40,"column":18},"end":{"line":40,"column":null}},"22":{"start":{"line":42,"column":6},"end":{"line":42,"column":null}},"23":{"start":{"line":46,"column":30},"end":{"line":62,"column":null}},"24":{"start":{"line":47,"column":4},"end":{"line":61,"column":null}},"25":{"start":{"line":48,"column":6},"end":{"line":60,"column":null}},"26":{"start":{"line":49,"column":22},"end":{"line":49,"column":null}},"27":{"start":{"line":50,"column":20},"end":{"line":53,"column":null}},"28":{"start":{"line":54,"column":8},"end":{"line":57,"column":null}},"29":{"start":{"line":55,"column":10},"end":{"line":55,"column":null}},"30":{"start":{"line":56,"column":10},"end":{"line":56,"column":null}},"31":{"start":{"line":59,"column":8},"end":{"line":59,"column":null}},"32":{"start":{"line":64,"column":33},"end":{"line":106,"column":null}},"33":{"start":{"line":65,"column":4},"end":{"line":65,"column":null}},"34":{"start":{"line":66,"column":4},"end":{"line":66,"column":null}},"35":{"start":{"line":66,"column":17},"end":{"line":66,"column":null}},"36":{"start":{"line":68,"column":4},"end":{"line":71,"column":null}},"37":{"start":{"line":69,"column":6},"end":{"line":69,"column":null}},"38":{"start":{"line":70,"column":6},"end":{"line":70,"column":null}},"39":{"start":{"line":73,"column":4},"end":{"line":105,"column":null}},"40":{"start":{"line":74,"column":25},"end":{"line":74,"column":null}},"41":{"start":{"line":75,"column":6},"end":{"line":79,"column":null}},"42":{"start":{"line":76,"column":8},"end":{"line":76,"column":null}},"43":{"start":{"line":77,"column":8},"end":{"line":77,"column":null}},"44":{"start":{"line":78,"column":8},"end":{"line":78,"column":null}},"45":{"start":{"line":81,"column":18},"end":{"line":81,"column":null}},"46":{"start":{"line":83,"column":20},"end":{"line":83,"column":null}},"47":{"start":{"line":84,"column":23},"end":{"line":84,"column":null}},"48":{"start":{"line":85,"column":28},"end":{"line":85,"column":null}},"49":{"start":{"line":87,"column":27},"end":{"line":90,"column":null}},"50":{"start":{"line":92,"column":6},"end":{"line":99,"column":null}},"51":{"start":{"line":101,"column":6},"end":{"line":101,"column":null}},"52":{"start":{"line":103,"column":6},"end":{"line":103,"column":null}},"53":{"start":{"line":104,"column":6},"end":{"line":104,"column":null}},"54":{"start":{"line":108,"column":2},"end":{"line":255,"column":null}},"55":{"start":{"line":172,"column":39},"end":{"line":172,"column":null}},"56":{"start":{"line":186,"column":101},"end":{"line":186,"column":152}},"57":{"start":{"line":204,"column":102},"end":{"line":204,"column":145}},"58":{"start":{"line":216,"column":102},"end":{"line":216,"column":153}},"59":{"start":{"line":234,"column":118},"end":{"line":234,"column":183}},"60":{"start":{"line":235,"column":118},"end":{"line":235,"column":183}}},"fnMap":{"0":{"name":"(anonymous_0)","decl":{"start":{"line":7,"column":6},"end":{"line":7,"column":23}},"loc":{"start":{"line":7,"column":39},"end":{"line":257,"column":null}},"line":7},"1":{"name":"(anonymous_1)","decl":{"start":{"line":16,"column":8},"end":{"line":16,"column":32}},"loc":{"start":{"line":16,"column":38},"end":{"line":21,"column":null}},"line":16},"2":{"name":"(anonymous_2)","decl":{"start":{"line":23,"column":8},"end":{"line":23,"column":34}},"loc":{"start":{"line":23,"column":34},"end":{"line":25,"column":null}},"line":23},"3":{"name":"(anonymous_3)","decl":{"start":{"line":27,"column":31},"end":{"line":27,"column":43}},"loc":{"start":{"line":27,"column":43},"end":{"line":44,"column":null}},"line":27},"4":{"name":"(anonymous_4)","decl":{"start":{"line":46,"column":30},"end":{"line":46,"column":42}},"loc":{"start":{"line":46,"column":42},"end":{"line":62,"column":null}},"line":46},"5":{"name":"(anonymous_5)","decl":{"start":{"line":64,"column":33},"end":{"line":64,"column":40}},"loc":{"start":{"line":64,"column":51},"end":{"line":106,"column":null}},"line":64},"6":{"name":"(anonymous_6)","decl":{"start":{"line":172,"column":22},"end":{"line":172,"column":33}},"loc":{"start":{"line":172,"column":39},"end":{"line":172,"column":null}},"line":172},"7":{"name":"(anonymous_7)","decl":{"start":{"line":186,"column":84},"end":{"line":186,"column":95}},"loc":{"start":{"line":186,"column":101},"end":{"line":186,"column":152}},"line":186},"8":{"name":"(anonymous_8)","decl":{"start":{"line":204,"column":85},"end":{"line":204,"column":96}},"loc":{"start":{"line":204,"column":102},"end":{"line":204,"column":145}},"line":204},"9":{"name":"(anonymous_9)","decl":{"start":{"line":216,"column":85},"end":{"line":216,"column":96}},"loc":{"start":{"line":216,"column":102},"end":{"line":216,"column":153}},"line":216},"10":{"name":"(anonymous_10)","decl":{"start":{"line":234,"column":103},"end":{"line":234,"column":113}},"loc":{"start":{"line":234,"column":118},"end":{"line":234,"column":183}},"line":234},"11":{"name":"(anonymous_11)","decl":{"start":{"line":235,"column":103},"end":{"line":235,"column":113}},"loc":{"start":{"line":235,"column":118},"end":{"line":235,"column":183}},"line":235}},"branchMap":{"0":{"loc":{"start":{"line":14,"column":2},"end":{"line":14,"column":null}},"type":"if","locations":[{"start":{"line":14,"column":2},"end":{"line":14,"column":null}},{"start":{},"end":{}}],"line":14},"1":{"loc":{"start":{"line":24,"column":27},"end":{"line":24,"column":72}},"type":"cond-expr","locations":[{"start":{"line":24,"column":56},"end":{"line":24,"column":65}},{"start":{"line":24,"column":65},"end":{"line":24,"column":72}}],"line":24},"2":{"loc":{"start":{"line":40,"column":6},"end":{"line":40,"column":null}},"type":"if","locations":[{"start":{"line":40,"column":6},"end":{"line":40,"column":null}},{"start":{},"end":{}}],"line":40},"3":{"loc":{"start":{"line":47,"column":4},"end":{"line":61,"column":null}},"type":"if","locations":[{"start":{"line":47,"column":4},"end":{"line":61,"column":null}},{"start":{},"end":{}}],"line":47},"4":{"loc":{"start":{"line":54,"column":8},"end":{"line":57,"column":null}},"type":"if","locations":[{"start":{"line":54,"column":8},"end":{"line":57,"column":null}},{"start":{},"end":{}}],"line":54},"5":{"loc":{"start":{"line":66,"column":4},"end":{"line":66,"column":null}},"type":"if","locations":[{"start":{"line":66,"column":4},"end":{"line":66,"column":null}},{"start":{},"end":{}}],"line":66},"6":{"loc":{"start":{"line":68,"column":4},"end":{"line":71,"column":null}},"type":"if","locations":[{"start":{"line":68,"column":4},"end":{"line":71,"column":null}},{"start":{},"end":{}}],"line":68},"7":{"loc":{"start":{"line":68,"column":8},"end":{"line":68,"column":71}},"type":"binary-expr","locations":[{"start":{"line":68,"column":8},"end":{"line":68,"column":43}},{"start":{"line":68,"column":43},"end":{"line":68,"column":71}}],"line":68},"8":{"loc":{"start":{"line":75,"column":6},"end":{"line":79,"column":null}},"type":"if","locations":[{"start":{"line":75,"column":6},"end":{"line":79,"column":null}},{"start":{},"end":{}}],"line":75},"9":{"loc":{"start":{"line":131,"column":62},"end":{"line":131,"column":101}},"type":"binary-expr","locations":[{"start":{"line":131,"column":62},"end":{"line":131,"column":86}},{"start":{"line":131,"column":86},"end":{"line":131,"column":101}}],"line":131},"10":{"loc":{"start":{"line":150,"column":21},"end":{"line":150,"column":null}},"type":"cond-expr","locations":[{"start":{"line":150,"column":50},"end":{"line":150,"column":87}},{"start":{"line":150,"column":85},"end":{"line":150,"column":null}}],"line":150},"11":{"loc":{"start":{"line":171,"column":29},"end":{"line":171,"column":null}},"type":"binary-expr","locations":[{"start":{"line":171,"column":29},"end":{"line":171,"column":52}},{"start":{"line":171,"column":52},"end":{"line":171,"column":null}}],"line":171},"12":{"loc":{"start":{"line":186,"column":52},"end":{"line":186,"column":84}},"type":"binary-expr","locations":[{"start":{"line":186,"column":52},"end":{"line":186,"column":78}},{"start":{"line":186,"column":78},"end":{"line":186,"column":84}}],"line":186},"13":{"loc":{"start":{"line":204,"column":52},"end":{"line":204,"column":85}},"type":"binary-expr","locations":[{"start":{"line":204,"column":52},"end":{"line":204,"column":79}},{"start":{"line":204,"column":79},"end":{"line":204,"column":85}}],"line":204},"14":{"loc":{"start":{"line":216,"column":52},"end":{"line":216,"column":85}},"type":"binary-expr","locations":[{"start":{"line":216,"column":52},"end":{"line":216,"column":78}},{"start":{"line":216,"column":78},"end":{"line":216,"column":85}}],"line":216},"15":{"loc":{"start":{"line":238,"column":19},"end":{"line":238,"column":null}},"type":"binary-expr","locations":[{"start":{"line":238,"column":19},"end":{"line":238,"column":30}},{"start":{"line":238,"column":30},"end":{"line":238,"column":null}}],"line":238}},"s":{"0":1,"1":0,"2":0,"3":0,"4":0,"5":0,"6":0,"7":0,"8":0,"9":0,"10":0,"11":0,"12":0,"13":0,"14":0,"15":0,"16":0,"17":0,"18":0,"19":0,"20":0,"21":0,"22":0,"23":0,"24":0,"25":0,"26":0,"27":0,"28":0,"29":0,"30":0,"31":0,"32":0,"33":0,"34":0,"35":0,"36":0,"37":0,"38":0,"39":0,"40":0,"41":0,"42":0,"43":0,"44":0,"45":0,"46":0,"47":0,"48":0,"49":0,"50":0,"51":0,"52":0,"53":0,"54":0,"55":0,"56":0,"57":0,"58":0,"59":0,"60":0},"f":{"0":0,"1":0,"2":0,"3":0,"4":0,"5":0,"6":0,"7":0,"8":0,"9":0,"10":0,"11":0},"b":{"0":[0,0],"1":[0,0],"2":[0,0],"3":[0,0],"4":[0,0],"5":[0,0],"6":[0,0],"7":[0,0],"8":[0,0],"9":[0,0],"10":[0,0],"11":[0,0],"12":[0,0],"13":[0,0],"14":[0,0],"15":[0,0]},"meta":{"lastBranch":16,"lastFunction":12,"lastStatement":61,"seen":{"s:7:6:257:Infinity":0,"f:7:6:7:23":0,"s:8:22:8:37":1,"s:9:47:9:59":2,"s:11:42:11:Infinity":3,"s:12:32:12:Infinity":4,"b:14:2:14:Infinity:undefined:undefined:undefined:undefined":0,"s:14:2:14:Infinity":5,"s:14:15:14:Infinity":6,"s:16:8:21:Infinity":7,"f:16:8:16:32":1,"s:17:16:17:Infinity":8,"s:18:4:18:Infinity":9,"s:19:4:19:Infinity":10,"s:20:4:20:Infinity":11,"s:23:8:25:Infinity":12,"f:23:8:23:34":2,"s:24:4:24:Infinity":13,"b:24:56:24:65:24:65:24:72":1,"s:27:31:44:Infinity":14,"f:27:31:27:43":3,"s:28:4:43:Infinity":15,"s:29:20:29:Infinity":16,"s:30:18:37:Infinity":17,"s:38:19:38:Infinity":18,"s:39:6:39:Infinity":19,"b:40:6:40:Infinity:undefined:undefined:undefined:undefined":2,"s:40:6:40:Infinity":20,"s:40:18:40:Infinity":21,"s:42:6:42:Infinity":22,"s:46:30:62:Infinity":23,"f:46:30:46:42":4,"b:47:4:61:Infinity:undefined:undefined:undefined:undefined":3,"s:47:4:61:Infinity":24,"s:48:6:60:Infinity":25,"s:49:22:49:Infinity":26,"s:50:20:53:Infinity":27,"b:54:8:57:Infinity:undefined:undefined:undefined:undefined":4,"s:54:8:57:Infinity":28,"s:55:10:55:Infinity":29,"s:56:10:56:Infinity":30,"s:59:8:59:Infinity":31,"s:64:33:106:Infinity":32,"f:64:33:64:40":5,"s:65:4:65:Infinity":33,"b:66:4:66:Infinity:undefined:undefined:undefined:undefined":5,"s:66:4:66:Infinity":34,"s:66:17:66:Infinity":35,"b:68:4:71:Infinity:undefined:undefined:undefined:undefined":6,"s:68:4:71:Infinity":36,"b:68:8:68:43:68:43:68:71":7,"s:69:6:69:Infinity":37,"s:70:6:70:Infinity":38,"s:73:4:105:Infinity":39,"s:74:25:74:Infinity":40,"b:75:6:79:Infinity:undefined:undefined:undefined:undefined":8,"s:75:6:79:Infinity":41,"s:76:8:76:Infinity":42,"s:77:8:77:Infinity":43,"s:78:8:78:Infinity":44,"s:81:18:81:Infinity":45,"s:83:20:83:Infinity":46,"s:84:23:84:Infinity":47,"s:85:28:85:Infinity":48,"s:87:27:90:Infinity":49,"s:92:6:99:Infinity":50,"s:101:6:101:Infinity":51,"s:103:6:103:Infinity":52,"s:104:6:104:Infinity":53,"s:108:2:255:Infinity":54,"b:131:62:131:86:131:86:131:101":9,"b:150:50:150:87:150:85:150:Infinity":10,"b:171:29:171:52:171:52:171:Infinity":11,"f:172:22:172:33":6,"s:172:39:172:Infinity":55,"b:186:52:186:78:186:78:186:84":12,"f:186:84:186:95":7,"s:186:101:186:152":56,"b:204:52:204:79:204:79:204:85":13,"f:204:85:204:96":8,"s:204:102:204:145":57,"b:216:52:216:78:216:78:216:85":14,"f:216:85:216:96":9,"s:216:102:216:153":58,"f:234:103:234:113":10,"s:234:118:234:183":59,"f:235:103:235:113":11,"s:235:118:235:183":60,"b:238:19:238:30:238:30:238:Infinity":15},"fnNames":{}}}
,"E:\\ANTIGRAVITY\\BhashaSetuAI\\client\\src\\components\\ShopModal.jsx": {"path":"E:\\ANTIGRAVITY\\BhashaSetuAI\\client\\src\\components\\ShopModal.jsx","statementMap":{"0":{"start":{"line":5,"column":6},"end":{"line":90,"column":null}},"1":{"start":{"line":6,"column":16},"end":{"line":6,"column":31}},"2":{"start":{"line":7,"column":40},"end":{"line":7,"column":null}},"3":{"start":{"line":9,"column":8},"end":{"line":17,"column":null}},"4":{"start":{"line":10,"column":4},"end":{"line":15,"column":null}},"5":{"start":{"line":11,"column":6},"end":{"line":11,"column":null}},"6":{"start":{"line":14,"column":6},"end":{"line":14,"column":null}},"7":{"start":{"line":16,"column":4},"end":{"line":16,"column":null}},"8":{"start":{"line":16,"column":21},"end":{"line":16,"column":41}},"9":{"start":{"line":19,"column":2},"end":{"line":88,"column":null}},"10":{"start":{"line":56,"column":31},"end":{"line":56,"column":null}},"11":{"start":{"line":58,"column":36},"end":{"line":58,"column":null}},"12":{"start":{"line":59,"column":35},"end":{"line":59,"column":null}},"13":{"start":{"line":77,"column":31},"end":{"line":77,"column":null}},"14":{"start":{"line":79,"column":36},"end":{"line":79,"column":null}},"15":{"start":{"line":80,"column":35},"end":{"line":80,"column":null}}},"fnMap":{"0":{"name":"(anonymous_0)","decl":{"start":{"line":5,"column":6},"end":{"line":5,"column":19}},"loc":{"start":{"line":5,"column":42},"end":{"line":90,"column":null}},"line":5},"1":{"name":"(anonymous_1)","decl":{"start":{"line":9,"column":8},"end":{"line":9,"column":21}},"loc":{"start":{"line":9,"column":36},"end":{"line":17,"column":null}},"line":9},"2":{"name":"(anonymous_2)","decl":{"start":{"line":16,"column":4},"end":{"line":16,"column":21}},"loc":{"start":{"line":16,"column":21},"end":{"line":16,"column":41}},"line":16},"3":{"name":"(anonymous_3)","decl":{"start":{"line":56,"column":16},"end":{"line":56,"column":31}},"loc":{"start":{"line":56,"column":31},"end":{"line":56,"column":null}},"line":56},"4":{"name":"(anonymous_4)","decl":{"start":{"line":58,"column":16},"end":{"line":58,"column":30}},"loc":{"start":{"line":58,"column":36},"end":{"line":58,"column":null}},"line":58},"5":{"name":"(anonymous_5)","decl":{"start":{"line":59,"column":16},"end":{"line":59,"column":29}},"loc":{"start":{"line":59,"column":35},"end":{"line":59,"column":null}},"line":59},"6":{"name":"(anonymous_6)","decl":{"start":{"line":77,"column":16},"end":{"line":77,"column":31}},"loc":{"start":{"line":77,"column":31},"end":{"line":77,"column":null}},"line":77},"7":{"name":"(anonymous_7)","decl":{"start":{"line":79,"column":16},"end":{"line":79,"column":30}},"loc":{"start":{"line":79,"column":36},"end":{"line":79,"column":null}},"line":79},"8":{"name":"(anonymous_8)","decl":{"start":{"line":80,"column":16},"end":{"line":80,"column":29}},"loc":{"start":{"line":80,"column":35},"end":{"line":80,"column":null}},"line":80}},"branchMap":{"0":{"loc":{"start":{"line":10,"column":4},"end":{"line":15,"column":null}},"type":"if","locations":[{"start":{"line":10,"column":4},"end":{"line":15,"column":null}},{"start":{"line":13,"column":11},"end":{"line":15,"column":null}}],"line":10},"1":{"loc":{"start":{"line":37,"column":11},"end":{"line":40,"column":null}},"type":"binary-expr","locations":[{"start":{"line":37,"column":11},"end":{"line":37,"column":null}},{"start":{"line":38,"column":12},"end":{"line":40,"column":null}}],"line":37},"2":{"loc":{"start":{"line":38,"column":55},"end":{"line":38,"column":115}},"type":"cond-expr","locations":[{"start":{"line":38,"column":92},"end":{"line":38,"column":104}},{"start":{"line":38,"column":104},"end":{"line":38,"column":115}}],"line":38},"3":{"loc":{"start":{"line":38,"column":122},"end":{"line":38,"column":182}},"type":"cond-expr","locations":[{"start":{"line":38,"column":159},"end":{"line":38,"column":171}},{"start":{"line":38,"column":171},"end":{"line":38,"column":182}}],"line":38}},"s":{"0":1,"1":0,"2":0,"3":0,"4":0,"5":0,"6":0,"7":0,"8":0,"9":0,"10":0,"11":0,"12":0,"13":0,"14":0,"15":0},"f":{"0":0,"1":0,"2":0,"3":0,"4":0,"5":0,"6":0,"7":0,"8":0},"b":{"0":[0,0],"1":[0,0],"2":[0,0],"3":[0,0]},"meta":{"lastBranch":4,"lastFunction":9,"lastStatement":16,"seen":{"s:5:6:90:Infinity":0,"f:5:6:5:19":0,"s:6:16:6:31":1,"s:7:40:7:Infinity":2,"s:9:8:17:Infinity":3,"f:9:8:9:21":1,"b:10:4:15:Infinity:13:11:15:Infinity":0,"s:10:4:15:Infinity":4,"s:11:6:11:Infinity":5,"s:14:6:14:Infinity":6,"s:16:4:16:Infinity":7,"f:16:4:16:21":2,"s:16:21:16:41":8,"s:19:2:88:Infinity":9,"b:37:11:37:Infinity:38:12:40:Infinity":1,"b:38:92:38:104:38:104:38:115":2,"b:38:159:38:171:38:171:38:182":3,"f:56:16:56:31":3,"s:56:31:56:Infinity":10,"f:58:16:58:30":4,"s:58:36:58:Infinity":11,"f:59:16:59:29":5,"s:59:35:59:Infinity":12,"f:77:16:77:31":6,"s:77:31:77:Infinity":13,"f:79:16:79:30":7,"s:79:36:79:Infinity":14,"f:80:16:80:29":8,"s:80:35:80:Infinity":15},"fnNames":{}}}
,"E:\\ANTIGRAVITY\\BhashaSetuAI\\client\\src\\components\\StreakModal.jsx": {"path":"E:\\ANTIGRAVITY\\BhashaSetuAI\\client\\src\\components\\StreakModal.jsx","statementMap":{"0":{"start":{"line":5,"column":6},"end":{"line":39,"column":null}},"1":{"start":{"line":6,"column":16},"end":{"line":6,"column":31}},"2":{"start":{"line":8,"column":2},"end":{"line":37,"column":null}}},"fnMap":{"0":{"name":"(anonymous_0)","decl":{"start":{"line":5,"column":6},"end":{"line":5,"column":21}},"loc":{"start":{"line":5,"column":44},"end":{"line":39,"column":null}},"line":5}},"branchMap":{},"s":{"0":1,"1":0,"2":0},"f":{"0":0},"b":{},"meta":{"lastBranch":0,"lastFunction":1,"lastStatement":3,"seen":{"s:5:6:39:Infinity":0,"f:5:6:5:21":0,"s:6:16:6:31":1,"s:8:2:37:Infinity":2},"fnNames":{}}}
,"E:\\ANTIGRAVITY\\BhashaSetuAI\\client\\src\\components\\TutorModal.css": {"path":"E:\\ANTIGRAVITY\\BhashaSetuAI\\client\\src\\components\\TutorModal.css","statementMap":{},"fnMap":{},"branchMap":{},"s":{},"f":{},"b":{},"meta":{"lastBranch":0,"lastFunction":0,"lastStatement":0,"seen":{},"fnNames":{}}}
,"E:\\ANTIGRAVITY\\BhashaSetuAI\\client\\src\\components\\TutorModal.jsx": {"path":"E:\\ANTIGRAVITY\\BhashaSetuAI\\client\\src\\components\\TutorModal.jsx","statementMap":{"0":{"start":{"line":8,"column":24},"end":{"line":21,"column":null}},"1":{"start":{"line":23,"column":6},"end":{"line":305,"column":null}},"2":{"start":{"line":24,"column":22},"end":{"line":24,"column":37}},"3":{"start":{"line":25,"column":23},"end":{"line":25,"column":35}},"4":{"start":{"line":26,"column":34},"end":{"line":28,"column":null}},"5":{"start":{"line":29,"column":28},"end":{"line":29,"column":null}},"6":{"start":{"line":30,"column":36},"end":{"line":30,"column":null}},"7":{"start":{"line":31,"column":36},"end":{"line":31,"column":null}},"8":{"start":{"line":32,"column":40},"end":{"line":32,"column":null}},"9":{"start":{"line":33,"column":48},"end":{"line":33,"column":null}},"10":{"start":{"line":34,"column":36},"end":{"line":34,"column":null}},"11":{"start":{"line":35,"column":25},"end":{"line":35,"column":null}},"12":{"start":{"line":36,"column":25},"end":{"line":36,"column":null}},"13":{"start":{"line":38,"column":2},"end":{"line":47,"column":null}},"14":{"start":{"line":39,"column":10},"end":{"line":39,"column":null}},"15":{"start":{"line":39,"column":31},"end":{"line":39,"column":null}},"16":{"start":{"line":40,"column":10},"end":{"line":40,"column":null}},"17":{"start":{"line":40,"column":32},"end":{"line":40,"column":null}},"18":{"start":{"line":41,"column":4},"end":{"line":41,"column":null}},"19":{"start":{"line":42,"column":4},"end":{"line":42,"column":null}},"20":{"start":{"line":43,"column":4},"end":{"line":46,"column":null}},"21":{"start":{"line":44,"column":6},"end":{"line":44,"column":null}},"22":{"start":{"line":45,"column":6},"end":{"line":45,"column":null}},"23":{"start":{"line":49,"column":2},"end":{"line":93,"column":null}},"24":{"start":{"line":51,"column":30},"end":{"line":51,"column":null}},"25":{"start":{"line":52,"column":4},"end":{"line":92,"column":null}},"26":{"start":{"line":53,"column":6},"end":{"line":53,"column":null}},"27":{"start":{"line":54,"column":26},"end":{"line":54,"column":null}},"28":{"start":{"line":55,"column":6},"end":{"line":55,"column":null}},"29":{"start":{"line":56,"column":6},"end":{"line":56,"column":null}},"30":{"start":{"line":57,"column":6},"end":{"line":57,"column":null}},"31":{"start":{"line":59,"column":6},"end":{"line":77,"column":null}},"32":{"start":{"line":60,"column":30},"end":{"line":60,"column":null}},"33":{"start":{"line":61,"column":32},"end":{"line":61,"column":null}},"34":{"start":{"line":63,"column":8},"end":{"line":70,"column":null}},"35":{"start":{"line":63,"column":21},"end":{"line":63,"column":40}},"36":{"start":{"line":64,"column":29},"end":{"line":64,"column":null}},"37":{"start":{"line":65,"column":10},"end":{"line":69,"column":null}},"38":{"start":{"line":66,"column":12},"end":{"line":66,"column":null}},"39":{"start":{"line":68,"column":12},"end":{"line":68,"column":null}},"40":{"start":{"line":72,"column":8},"end":{"line":76,"column":null}},"41":{"start":{"line":73,"column":10},"end":{"line":73,"column":null}},"42":{"start":{"line":74,"column":15},"end":{"line":76,"column":null}},"43":{"start":{"line":75,"column":10},"end":{"line":75,"column":null}},"44":{"start":{"line":79,"column":6},"end":{"line":81,"column":null}},"45":{"start":{"line":80,"column":8},"end":{"line":80,"column":null}},"46":{"start":{"line":83,"column":6},"end":{"line":89,"column":null}},"47":{"start":{"line":84,"column":8},"end":{"line":84,"column":null}},"48":{"start":{"line":85,"column":8},"end":{"line":85,"column":null}},"49":{"start":{"line":86,"column":8},"end":{"line":88,"column":null}},"50":{"start":{"line":87,"column":10},"end":{"line":87,"column":null}},"51":{"start":{"line":91,"column":6},"end":{"line":91,"column":null}},"52":{"start":{"line":95,"column":8},"end":{"line":97,"column":null}},"53":{"start":{"line":96,"column":4},"end":{"line":96,"column":null}},"54":{"start":{"line":99,"column":2},"end":{"line":101,"column":null}},"55":{"start":{"line":100,"column":4},"end":{"line":100,"column":null}},"56":{"start":{"line":103,"column":21},"end":{"line":163,"column":null}},"57":{"start":{"line":104,"column":24},"end":{"line":104,"column":null}},"58":{"start":{"line":105,"column":4},"end":{"line":105,"column":null}},"59":{"start":{"line":105,"column":29},"end":{"line":105,"column":null}},"60":{"start":{"line":107,"column":24},"end":{"line":107,"column":null}},"61":{"start":{"line":108,"column":4},"end":{"line":108,"column":null}},"62":{"start":{"line":108,"column":24},"end":{"line":108,"column":46}},"63":{"start":{"line":109,"column":4},"end":{"line":109,"column":null}},"64":{"start":{"line":110,"column":4},"end":{"line":110,"column":null}},"65":{"start":{"line":112,"column":4},"end":{"line":162,"column":null}},"66":{"start":{"line":113,"column":20},"end":{"line":113,"column":null}},"67":{"start":{"line":114,"column":23},"end":{"line":124,"column":null}},"68":{"start":{"line":126,"column":6},"end":{"line":156,"column":null}},"69":{"start":{"line":127,"column":21},"end":{"line":127,"column":null}},"70":{"start":{"line":128,"column":8},"end":{"line":128,"column":null}},"71":{"start":{"line":128,"column":28},"end":{"line":128,"column":93}},"72":{"start":{"line":131,"column":8},"end":{"line":153,"column":null}},"73":{"start":{"line":132,"column":10},"end":{"line":132,"column":null}},"74":{"start":{"line":133,"column":28},"end":{"line":133,"column":null}},"75":{"start":{"line":134,"column":10},"end":{"line":134,"column":null}},"76":{"start":{"line":135,"column":10},"end":{"line":135,"column":null}},"77":{"start":{"line":137,"column":16},"end":{"line":146,"column":null}},"78":{"start":{"line":138,"column":27},"end":{"line":138,"column":null}},"79":{"start":{"line":139,"column":31},"end":{"line":139,"column":null}},"80":{"start":{"line":140,"column":33},"end":{"line":140,"column":null}},"81":{"start":{"line":140,"column":50},"end":{"line":140,"column":170}},"82":{"start":{"line":141,"column":31},"end":{"line":141,"column":null}},"83":{"start":{"line":141,"column":48},"end":{"line":141,"column":77}},"84":{"start":{"line":142,"column":12},"end":{"line":143,"column":null}},"85":{"start":{"line":142,"column":30},"end":{"line":142,"column":null}},"86":{"start":{"line":143,"column":17},"end":{"line":143,"column":null}},"87":{"start":{"line":143,"column":33},"end":{"line":143,"column":null}},"88":{"start":{"line":144,"column":12},"end":{"line":144,"column":null}},"89":{"start":{"line":145,"column":12},"end":{"line":145,"column":null}},"90":{"start":{"line":148,"column":10},"end":{"line":152,"column":null}},"91":{"start":{"line":149,"column":12},"end":{"line":149,"column":null}},"92":{"start":{"line":149,"column":61},"end":{"line":149,"column":72}},"93":{"start":{"line":151,"column":12},"end":{"line":151,"column":null}},"94":{"start":{"line":155,"column":8},"end":{"line":155,"column":null}},"95":{"start":{"line":155,"column":28},"end":{"line":155,"column":167}},"96":{"start":{"line":158,"column":6},"end":{"line":158,"column":null}},"97":{"start":{"line":159,"column":6},"end":{"line":159,"column":null}},"98":{"start":{"line":159,"column":26},"end":{"line":159,"column":141}},"99":{"start":{"line":161,"column":6},"end":{"line":161,"column":null}},"100":{"start":{"line":165,"column":8},"end":{"line":170,"column":null}},"101":{"start":{"line":166,"column":4},"end":{"line":169,"column":null}},"102":{"start":{"line":167,"column":6},"end":{"line":167,"column":null}},"103":{"start":{"line":168,"column":6},"end":{"line":168,"column":null}},"104":{"start":{"line":172,"column":8},"end":{"line":194,"column":null}},"105":{"start":{"line":173,"column":4},"end":{"line":176,"column":null}},"106":{"start":{"line":174,"column":6},"end":{"line":174,"column":null}},"107":{"start":{"line":175,"column":6},"end":{"line":175,"column":null}},"108":{"start":{"line":178,"column":4},"end":{"line":193,"column":null}},"109":{"start":{"line":179,"column":6},"end":{"line":179,"column":null}},"110":{"start":{"line":180,"column":6},"end":{"line":180,"column":null}},"111":{"start":{"line":182,"column":6},"end":{"line":184,"column":null}},"112":{"start":{"line":183,"column":8},"end":{"line":183,"column":null}},"113":{"start":{"line":183,"column":25},"end":{"line":183,"column":44}},"114":{"start":{"line":186,"column":6},"end":{"line":186,"column":null}},"115":{"start":{"line":188,"column":6},"end":{"line":190,"column":null}},"116":{"start":{"line":189,"column":8},"end":{"line":189,"column":null}},"117":{"start":{"line":191,"column":6},"end":{"line":191,"column":null}},"118":{"start":{"line":192,"column":6},"end":{"line":192,"column":null}},"119":{"start":{"line":196,"column":2},"end":{"line":303,"column":null}},"120":{"start":{"line":216,"column":12},"end":{"line":220,"column":null}},"121":{"start":{"line":236,"column":29},"end":{"line":236,"column":null}},"122":{"start":{"line":242,"column":29},"end":{"line":242,"column":null}},"123":{"start":{"line":256,"column":33},"end":{"line":256,"column":null}},"124":{"start":{"line":263,"column":31},"end":{"line":263,"column":null}}},"fnMap":{"0":{"name":"(anonymous_0)","decl":{"start":{"line":23,"column":6},"end":{"line":23,"column":20}},"loc":{"start":{"line":23,"column":36},"end":{"line":305,"column":null}},"line":23},"1":{"name":"(anonymous_1)","decl":{"start":{"line":38,"column":2},"end":{"line":38,"column":18}},"loc":{"start":{"line":38,"column":18},"end":{"line":47,"column":5}},"line":38},"2":{"name":"(anonymous_2)","decl":{"start":{"line":39,"column":10},"end":{"line":39,"column":31}},"loc":{"start":{"line":39,"column":31},"end":{"line":39,"column":null}},"line":39},"3":{"name":"(anonymous_3)","decl":{"start":{"line":40,"column":10},"end":{"line":40,"column":32}},"loc":{"start":{"line":40,"column":32},"end":{"line":40,"column":null}},"line":40},"4":{"name":"(anonymous_4)","decl":{"start":{"line":43,"column":4},"end":{"line":43,"column":17}},"loc":{"start":{"line":43,"column":17},"end":{"line":46,"column":null}},"line":43},"5":{"name":"(anonymous_5)","decl":{"start":{"line":49,"column":2},"end":{"line":49,"column":18}},"loc":{"start":{"line":49,"column":18},"end":{"line":93,"column":5}},"line":49},"6":{"name":"(anonymous_6)","decl":{"start":{"line":59,"column":18},"end":{"line":59,"column":30}},"loc":{"start":{"line":59,"column":40},"end":{"line":77,"column":null}},"line":59},"7":{"name":"(anonymous_7)","decl":{"start":{"line":79,"column":18},"end":{"line":79,"column":32}},"loc":{"start":{"line":79,"column":32},"end":{"line":81,"column":null}},"line":79},"8":{"name":"(anonymous_8)","decl":{"start":{"line":83,"column":18},"end":{"line":83,"column":29}},"loc":{"start":{"line":83,"column":39},"end":{"line":89,"column":null}},"line":83},"9":{"name":"(anonymous_9)","decl":{"start":{"line":95,"column":8},"end":{"line":95,"column":31}},"loc":{"start":{"line":95,"column":31},"end":{"line":97,"column":null}},"line":95},"10":{"name":"(anonymous_10)","decl":{"start":{"line":99,"column":2},"end":{"line":99,"column":18}},"loc":{"start":{"line":99,"column":18},"end":{"line":101,"column":5}},"line":99},"11":{"name":"(anonymous_11)","decl":{"start":{"line":103,"column":21},"end":{"line":103,"column":28}},"loc":{"start":{"line":103,"column":43},"end":{"line":163,"column":null}},"line":103},"12":{"name":"(anonymous_12)","decl":{"start":{"line":108,"column":4},"end":{"line":108,"column":16}},"loc":{"start":{"line":108,"column":24},"end":{"line":108,"column":46}},"line":108},"13":{"name":"(anonymous_13)","decl":{"start":{"line":128,"column":8},"end":{"line":128,"column":20}},"loc":{"start":{"line":128,"column":28},"end":{"line":128,"column":93}},"line":128},"14":{"name":"(anonymous_14)","decl":{"start":{"line":137,"column":16},"end":{"line":137,"column":32}},"loc":{"start":{"line":137,"column":32},"end":{"line":146,"column":null}},"line":137},"15":{"name":"(anonymous_15)","decl":{"start":{"line":140,"column":40},"end":{"line":140,"column":45}},"loc":{"start":{"line":140,"column":50},"end":{"line":140,"column":170}},"line":140},"16":{"name":"(anonymous_16)","decl":{"start":{"line":141,"column":38},"end":{"line":141,"column":43}},"loc":{"start":{"line":141,"column":48},"end":{"line":141,"column":77}},"line":141},"17":{"name":"(anonymous_17)","decl":{"start":{"line":149,"column":35},"end":{"line":149,"column":59}},"loc":{"start":{"line":149,"column":59},"end":{"line":149,"column":null}},"line":149},"18":{"name":"(anonymous_18)","decl":{"start":{"line":155,"column":8},"end":{"line":155,"column":20}},"loc":{"start":{"line":155,"column":28},"end":{"line":155,"column":167}},"line":155},"19":{"name":"(anonymous_19)","decl":{"start":{"line":159,"column":6},"end":{"line":159,"column":18}},"loc":{"start":{"line":159,"column":26},"end":{"line":159,"column":141}},"line":159},"20":{"name":"(anonymous_20)","decl":{"start":{"line":165,"column":8},"end":{"line":165,"column":26}},"loc":{"start":{"line":165,"column":32},"end":{"line":170,"column":null}},"line":165},"21":{"name":"(anonymous_21)","decl":{"start":{"line":172,"column":8},"end":{"line":172,"column":32}},"loc":{"start":{"line":172,"column":32},"end":{"line":194,"column":null}},"line":172},"22":{"name":"(anonymous_22)","decl":{"start":{"line":183,"column":8},"end":{"line":183,"column":25}},"loc":{"start":{"line":183,"column":25},"end":{"line":183,"column":44}},"line":183},"23":{"name":"(anonymous_23)","decl":{"start":{"line":215,"column":20},"end":{"line":215,"column":24}},"loc":{"start":{"line":216,"column":12},"end":{"line":220,"column":null}},"line":216},"24":{"name":"(anonymous_24)","decl":{"start":{"line":236,"column":14},"end":{"line":236,"column":29}},"loc":{"start":{"line":236,"column":29},"end":{"line":236,"column":null}},"line":236},"25":{"name":"(anonymous_25)","decl":{"start":{"line":242,"column":14},"end":{"line":242,"column":29}},"loc":{"start":{"line":242,"column":29},"end":{"line":242,"column":null}},"line":242},"26":{"name":"(anonymous_26)","decl":{"start":{"line":256,"column":16},"end":{"line":256,"column":27}},"loc":{"start":{"line":256,"column":33},"end":{"line":256,"column":null}},"line":256},"27":{"name":"(anonymous_27)","decl":{"start":{"line":263,"column":16},"end":{"line":263,"column":31}},"loc":{"start":{"line":263,"column":31},"end":{"line":263,"column":null}},"line":263}},"branchMap":{"0":{"loc":{"start":{"line":51,"column":30},"end":{"line":51,"column":null}},"type":"binary-expr","locations":[{"start":{"line":51,"column":30},"end":{"line":51,"column":58}},{"start":{"line":51,"column":58},"end":{"line":51,"column":null}}],"line":51},"1":{"loc":{"start":{"line":52,"column":4},"end":{"line":92,"column":null}},"type":"if","locations":[{"start":{"line":52,"column":4},"end":{"line":92,"column":null}},{"start":{},"end":{}}],"line":52},"2":{"loc":{"start":{"line":57,"column":25},"end":{"line":57,"column":null}},"type":"binary-expr","locations":[{"start":{"line":57,"column":25},"end":{"line":57,"column":59}},{"start":{"line":57,"column":59},"end":{"line":57,"column":null}}],"line":57},"3":{"loc":{"start":{"line":65,"column":10},"end":{"line":69,"column":null}},"type":"if","locations":[{"start":{"line":65,"column":10},"end":{"line":69,"column":null}},{"start":{"line":67,"column":17},"end":{"line":69,"column":null}}],"line":65},"4":{"loc":{"start":{"line":72,"column":8},"end":{"line":76,"column":null}},"type":"if","locations":[{"start":{"line":72,"column":8},"end":{"line":76,"column":null}},{"start":{"line":74,"column":15},"end":{"line":76,"column":null}}],"line":72},"5":{"loc":{"start":{"line":74,"column":15},"end":{"line":76,"column":null}},"type":"if","locations":[{"start":{"line":74,"column":15},"end":{"line":76,"column":null}},{"start":{},"end":{}}],"line":74},"6":{"loc":{"start":{"line":86,"column":8},"end":{"line":88,"column":null}},"type":"if","locations":[{"start":{"line":86,"column":8},"end":{"line":88,"column":null}},{"start":{},"end":{}}],"line":86},"7":{"loc":{"start":{"line":104,"column":24},"end":{"line":104,"column":null}},"type":"binary-expr","locations":[{"start":{"line":104,"column":24},"end":{"line":104,"column":38}},{"start":{"line":104,"column":38},"end":{"line":104,"column":null}}],"line":104},"8":{"loc":{"start":{"line":105,"column":4},"end":{"line":105,"column":null}},"type":"if","locations":[{"start":{"line":105,"column":4},"end":{"line":105,"column":null}},{"start":{},"end":{}}],"line":105},"9":{"loc":{"start":{"line":126,"column":6},"end":{"line":156,"column":null}},"type":"if","locations":[{"start":{"line":126,"column":6},"end":{"line":156,"column":null}},{"start":{"line":154,"column":13},"end":{"line":156,"column":null}}],"line":126},"10":{"loc":{"start":{"line":131,"column":8},"end":{"line":153,"column":null}},"type":"if","locations":[{"start":{"line":131,"column":8},"end":{"line":153,"column":null}},{"start":{},"end":{}}],"line":131},"11":{"loc":{"start":{"line":131,"column":12},"end":{"line":131,"column":77}},"type":"binary-expr","locations":[{"start":{"line":131,"column":12},"end":{"line":131,"column":44}},{"start":{"line":131,"column":44},"end":{"line":131,"column":70}},{"start":{"line":131,"column":70},"end":{"line":131,"column":77}}],"line":131},"12":{"loc":{"start":{"line":134,"column":27},"end":{"line":134,"column":null}},"type":"binary-expr","locations":[{"start":{"line":134,"column":27},"end":{"line":134,"column":61}},{"start":{"line":134,"column":61},"end":{"line":134,"column":null}}],"line":134},"13":{"loc":{"start":{"line":135,"column":27},"end":{"line":135,"column":null}},"type":"binary-expr","locations":[{"start":{"line":135,"column":27},"end":{"line":135,"column":50}},{"start":{"line":135,"column":50},"end":{"line":135,"column":null}}],"line":135},"14":{"loc":{"start":{"line":140,"column":50},"end":{"line":140,"column":170}},"type":"binary-expr","locations":[{"start":{"line":140,"column":50},"end":{"line":140,"column":84}},{"start":{"line":140,"column":84},"end":{"line":140,"column":113}},{"start":{"line":140,"column":113},"end":{"line":140,"column":143}},{"start":{"line":140,"column":143},"end":{"line":140,"column":170}}],"line":140},"15":{"loc":{"start":{"line":142,"column":12},"end":{"line":143,"column":null}},"type":"if","locations":[{"start":{"line":142,"column":12},"end":{"line":143,"column":null}},{"start":{"line":143,"column":17},"end":{"line":143,"column":null}}],"line":142},"16":{"loc":{"start":{"line":143,"column":17},"end":{"line":143,"column":null}},"type":"if","locations":[{"start":{"line":143,"column":17},"end":{"line":143,"column":null}},{"start":{},"end":{}}],"line":143},"17":{"loc":{"start":{"line":148,"column":10},"end":{"line":152,"column":null}},"type":"if","locations":[{"start":{"line":148,"column":10},"end":{"line":152,"column":null}},{"start":{"line":150,"column":17},"end":{"line":152,"column":null}}],"line":148},"18":{"loc":{"start":{"line":166,"column":4},"end":{"line":169,"column":null}},"type":"if","locations":[{"start":{"line":166,"column":4},"end":{"line":169,"column":null}},{"start":{},"end":{}}],"line":166},"19":{"loc":{"start":{"line":166,"column":8},"end":{"line":166,"column":42}},"type":"binary-expr","locations":[{"start":{"line":166,"column":8},"end":{"line":166,"column":29}},{"start":{"line":166,"column":29},"end":{"line":166,"column":42}}],"line":166},"20":{"loc":{"start":{"line":173,"column":4},"end":{"line":176,"column":null}},"type":"if","locations":[{"start":{"line":173,"column":4},"end":{"line":176,"column":null}},{"start":{},"end":{}}],"line":173},"21":{"loc":{"start":{"line":178,"column":4},"end":{"line":193,"column":null}},"type":"if","locations":[{"start":{"line":178,"column":4},"end":{"line":193,"column":null}},{"start":{"line":185,"column":11},"end":{"line":193,"column":null}}],"line":178},"22":{"loc":{"start":{"line":182,"column":6},"end":{"line":184,"column":null}},"type":"if","locations":[{"start":{"line":182,"column":6},"end":{"line":184,"column":null}},{"start":{},"end":{}}],"line":182},"23":{"loc":{"start":{"line":188,"column":6},"end":{"line":190,"column":null}},"type":"if","locations":[{"start":{"line":188,"column":6},"end":{"line":190,"column":null}},{"start":{},"end":{}}],"line":188},"24":{"loc":{"start":{"line":189,"column":38},"end":{"line":189,"column":null}},"type":"binary-expr","locations":[{"start":{"line":189,"column":38},"end":{"line":189,"column":72}},{"start":{"line":189,"column":72},"end":{"line":189,"column":null}}],"line":189},"25":{"loc":{"start":{"line":222,"column":11},"end":{"line":227,"column":null}},"type":"binary-expr","locations":[{"start":{"line":222,"column":11},"end":{"line":222,"column":null}},{"start":{"line":223,"column":12},"end":{"line":227,"column":null}}],"line":222},"26":{"loc":{"start":{"line":235,"column":37},"end":{"line":235,"column":null}},"type":"cond-expr","locations":[{"start":{"line":235,"column":61},"end":{"line":235,"column":72}},{"start":{"line":235,"column":72},"end":{"line":235,"column":null}}],"line":235},"27":{"loc":{"start":{"line":241,"column":37},"end":{"line":241,"column":null}},"type":"cond-expr","locations":[{"start":{"line":241,"column":60},"end":{"line":241,"column":71}},{"start":{"line":241,"column":71},"end":{"line":241,"column":null}}],"line":241},"28":{"loc":{"start":{"line":248,"column":11},"end":{"line":301,"column":null}},"type":"cond-expr","locations":[{"start":{"line":249,"column":12},"end":{"line":252,"column":28}},{"start":{"line":252,"column":14},"end":{"line":301,"column":null}}],"line":248},"29":{"loc":{"start":{"
[...]
[0,0],"102":[0,0],"103":[0,0],"104":[0,0,0,0,0,0],"105":[0,0],"106":[0,0],"107":[0,0],"108":[0,0],"109":[0,0],"110":[0,0],"111":[0,0],"112":[0,0],"113":[0,0],"114":[0,0],"115":[0,0],"116":[0,0],"117":[0,0],"118":[0,0],"119":[0,0],"120":[0,0],"121":[0,0],"122":[0,0,0],"123":[0,0],"124":[0,0],"125":[0,0],"126":[0,0],"127":[0,0],"128":[0,0,0],"129":[0,0],"130":[0,0],"131":[0,0],"132":[0,0],"133":[0,0],"134":[0,0],"135":[0,0],"136":[0,0,0,0,0],"137":[0,0],"138":[0,0]},"meta":{"lastBranch":139,"lastFunction":66,"lastStatement":419,"seen":{"s:8:25:65:Infinity":0,"s:67:26:67:Infinity":1,"s:68:0:70:Infinity":2,"f:68:18:68:26":0,"s:69:2:69:Infinity":3,"s:72:6:959:Infinity":4,"f:72:6:72:20":1,"s:73:17:73:27":5,"s:74:13:74:Infinity":6,"b:74:13:74:29:74:29:74:Infinity":0,"s:76:19:76:31":7,"s:77:22:77:37":8,"s:79:38:79:Infinity":9,"s:80:38:80:Infinity":10,"s:81:46:81:Infinity":11,"s:82:36:82:Infinity":12,"s:83:36:83:Infinity":13,"s:84:42:84:Infinity":14,"s:86:46:86:Infinity":15,"s:87:32:87:Infinity":16,"s:88:34:88:Infinity":17,"s:89:40:89:Infinity":18,"s:92:58:92:Infinity":19,"s:93:40:93:Infinity":20,"s:96:30:96:Infinity":21,"s:97:30:97:Infinity":22,"s:98:28:98:Infinity":23,"s:99:34:99:Infinity":24,"s:100:38:100:Infinity":25,"s:101:38:101:Infinity":26,"s:104:40:104:Infinity":27,"s:105:36:105:Infinity":28,"s:106:52:106:Infinity":29,"s:107:27:107:Infinity":30,"s:108:25:108:Infinity":31,"s:109:26:109:Infinity":32,"s:110:25:110:Infinity":33,"s:112:2:119:Infinity":34,"f:112:2:112:18":2,"s:113:4:113:Infinity":35,"s:114:4:118:Infinity":36,"f:114:4:114:17":3,"b:115:6:117:Infinity:undefined:undefined:undefined:undefined":1,"s:115:6:117:Infinity":37,"s:116:8:116:Infinity":38,"s:121:8:172:Infinity":39,"f:121:8:121:29":4,"s:122:4:122:Infinity":40,"b:123:4:123:Infinity:undefined:undefined:undefined:undefined":2,"s:123:4:123:Infinity":41,"b:123:8:123:23:123:23:123:47":3,"s:123:47:123:Infinity":42,"s:125:19:125:Infinity":43,"b:126:4:155:Infinity:128:11:155:Infinity":4,"s:126:4:155:Infinity":44,"s:127:6:127:Infinity":45,"f:127:39:127:46":5,"s:127:51:127:91":46,"b:127:51:127:71:127:71:127:91":5,"b:128:11:155:Infinity:130:11:155:Infinity":6,"s:128:11:155:Infinity":47,"s:129:6:129:Infinity":48,"f:129:39:129:46":6,"s:129:51:129:94":49,"b:129:51:129:75:129:75:129:94":7,"b:130:11:155:Infinity:132:11:155:Infinity":8,"s:130:11:155:Infinity":50,"s:131:6:131:Infinity":51,"f:131:39:131:46":7,"s:131:51:131:71":52,"b:132:11:155:Infinity:134:11:155:Infinity":9,"s:132:11:155:Infinity":53,"s:133:6:133:Infinity":54,"f:133:39:133:46":8,"s:133:51:133:73":55,"b:134:11:155:Infinity:undefined:undefined:undefined:undefined":10,"s:134:11:155:Infinity":56,"s:136:19:136:Infinity":57,"s:137:22:137:Infinity":58,"b:138:6:145:Infinity:undefined:undefined:undefined:undefined":11,"s:138:6:145:Infinity":59,"s:139:8:144:Infinity":60,"f:139:36:139:45":9,"b:140:10:143:Infinity:undefined:undefined:undefined:undefined":12,"s:140:10:143:Infinity":61,"s:141:12:141:Infinity":62,"s:142:12:142:Infinity":63,"s:147:22:147:Infinity":64,"b:148:6:148:Infinity:undefined:undefined:undefined:undefined":13,"s:148:6:148:Infinity":65,"s:148:32:148:Infinity":66,"b:149:6:149:Infinity:undefined:undefined:undefined:undefined":14,"s:149:6:149:Infinity":67,"s:149:33:149:Infinity":68,"b:150:6:150:Infinity:undefined:undefined:undefined:undefined":15,"s:150:6:150:Infinity":69,"s:150:34:150:Infinity":70,"s:152:22:152:Infinity":71,"f:152:44:152:51":10,"s:152:56:152:128":72,"b:152:56:152:81:152:81:152:108:152:108:152:128":16,"s:153:21:153:Infinity":73,"f:153:43:153:50":11,"s:153:55:153:130":74,"b:153:57:153:82:153:82:153:109:153:109:153:130":17,"s:154:6:154:Infinity":75,"b:158:4:161:Infinity:undefined:undefined:undefined:undefined":18,"s:158:4:161:Infinity":76,"s:159:19:159:Infinity":77,"f:159:41:159:48":12,"s:159:53:159:74":78,"s:160:6:160:Infinity":79,"s:164:28:164:Infinity":80,"s:165:29:165:Infinity":81,"s:166:4:166:Infinity":82,"f:166:20:166:26":13,"s:166:29:166:100":83,"b:166:36:166:64:166:64:166:70":19,"b:166:70:166:98:166:98:166:100":20,"s:168:4:171:Infinity":84,"f:168:4:168:18":14,"s:168:27:171:6":85,"s:174:26:223:Infinity":86,"f:174:26:174:38":15,"s:175:4:175:Infinity":87,"s:176:4:176:Infinity":88,"s:177:4:177:Infinity":89,"s:178:4:178:Infinity":90,"s:179:4:179:Infinity":91,"s:180:4:180:Infinity":92,"s:181:4:181:Infinity":93,"s:182:23:182:Infinity":94,"s:183:4:186:Infinity":95,"s:184:25:184:Infinity":96,"b:184:36:184:68:184:68:184:72":21,"s:185:6:185:Infinity":97,"b:185:21:185:54:185:54:185:Infinity":22,"s:188:4:222:Infinity":98,"s:189:20:189:Infinity":99,"b:190:6:190:Infinity:undefined:undefined:undefined:undefined":23,"s:190:6:190:Infinity":100,"s:190:18:190:Infinity":101,"s:192:18:194:Infinity":102,"b:196:6:218:Infinity:216:13:218:Infinity":24,"s:196:6:218:Infinity":103,"s:197:21:197:Infinity":104,"s:198:8:198:Infinity":105,"b:201:8:213:Infinity:undefined:undefined:undefined:undefined":25,"s:201:8:213:Infinity":106,"s:202:10:212:Infinity":107,"s:203:28:205:Infinity":108,"b:206:12:209:Infinity:undefined:undefined:undefined:undefined":26,"s:206:12:209:Infinity":109,"s:207:31:207:Infinity":110,"s:208:14:208:Infinity":111,"b:208:29:208:55:208:55:208:128":27,"s:211:12:211:Infinity":112,"s:215:8:215:Infinity":113,"b:217:8:217:Infinity:217:37:217:Infinity":28,"s:217:8:217:Infinity":114,"s:217:21:217:37":115,"s:217:37:217:Infinity":116,"s:220:6:220:Infinity":117,"b:221:6:221:Infinity:221:35:221:Infinity":29,"s:221:6:221:Infinity":118,"s:221:19:221:35":119,"s:221:35:221:Infinity":120,"s:225:8:270:Infinity":121,"f:225:8:225:19":16,"b:225:39:225:49":30,"s:226:4:269:Infinity":122,"b:227:6:227:Infinity:undefined:undefined:undefined:undefined":31,"s:227:6:227:Infinity":123,"s:227:35:227:Infinity":124,"s:229:24:229:Infinity":125,"s:230:25:230:Infinity":126,"s:231:6:234:Infinity":127,"s:232:27:232:Infinity":128,"b:232:38:232:70:232:70:232:74":32,"s:233:8:233:Infinity":129,"b:233:23:233:56:233:56:233:Infinity":33,"s:236:27:236:Infinity":130,"s:237:23:237:Infinity":131,"b:237:35:237:46:237:46:237:Infinity":34,"b:237:46:237:76:237:76:237:Infinity":35,"s:239:24:239:Infinity":132,"s:240:6:240:Infinity":133,"s:241:6:241:Infinity":134,"b:241:30:241:36:241:36:241:Infinity":36,"s:242:6:242:Infinity":135,"s:243:6:243:Infinity":136,"s:245:12:258:Infinity":137,"f:245:12:245:35":17,"s:246:23:246:Infinity":138,"s:247:27:247:Infinity":139,"f:247:34:247:39":18,"s:247:44:247:85":140,"s:248:29:248:Infinity":141,"f:248:36:248:41":19,"s:248:46:248:178":142,"b:248:46:248:92:248:92:248:121:248:121:248:151:248:151:248:178":37,"b:250:8:254:Infinity:252:15:254:Infinity":38,"s:250:8:254:Infinity":143,"s:251:10:251:Infinity":144,"b:252:15:254:Infinity:undefined:undefined:undefined:undefined":39,"s:252:15:254:Infinity":145,"s:253:10:253:Infinity":146,"s:256:8:256:Infinity":147,"s:257:8:257:Infinity":148,"b:260:6:266:Infinity:264:13:266:Infinity":40,"s:260:6:266:Infinity":149,"s:261:8:263:Infinity":150,"f:261:31:261:55":20,"s:262:10:262:Infinity":151,"s:265:8:265:Infinity":152,"s:268:6:268:Infinity":153,"s:272:8:302:Infinity":154,"f:272:8:272:21":21,"s:273:4:301:Infinity":155,"s:274:27:274:Infinity":156,"b:274:27:274:50:274:50:274:Infinity":41,"s:275:18:275:Infinity":157,"s:276:18:276:Infinity":158,"s:277:19:277:Infinity":159,"s:279:6:279:Infinity":160,"s:280:6:280:Infinity":161,"b:282:6:298:Infinity:290:13:298:Infinity":42,"s:282:6:298:Infinity":162,"s:283:8:283:Infinity":163,"s:284:8:284:Infinity":164,"s:285:8:285:Infinity":165,"s:286:8:286:Infinity":166,"s:287:8:287:Infinity":167,"s:288:8:288:Infinity":168,"s:289:8:289:Infinity":169,"s:291:8:291:Infinity":170,"s:292:8:292:Infinity":171,"s:293:8:293:Infinity":172,"s:294:8:294:Infinity":173,"s:295:8:295:Infinity":174,"s:296:8:296:Infinity":175,"s:297:8:297:Infinity":176,"s:300:6:300:Infinity":177,"s:304:2:313:Infinity":178,"f:304:2:304:18":22,"b:305:4:312:Infinity:undefined:undefined:undefined:undefined":43,"s:305:4:312:Infinity":179,"b:305:8:305:22:305:22:305:47:305:47:305:83:305:83:305:126":44,"s:306:23:306:Infinity":180,"b:307:6:311:Infinity:309:13:311:Infinity":45,"s:307:6:311:Infinity":181,"b:307:10:307:43:307:43:307:63":46,"s:308:8:308:Infinity":182,"b:309:13:311:Infinity:undefined:undefined:undefined:undefined":47,"s:309:13:311:Infinity":183,"b:309:17:309:48:309:48:309:63":48,"s:310:8:310:Infinity":184,"s:315:25:405:Infinity":185,"f:315:25:315:37":23,"s:316:4:404:Infinity":186,"s:317:6:317:Infinity":187,"s:318:21:318:Infinity":188,"s:319:28:319:Infinity":189,"s:320:6:320:Infinity":190,"s:321:6:321:Infinity":191,"s:323:6:325:Infinity":192,"f:323:20:323:39":24,"b:324:8:324:Infinity:undefined:undefined:undefined:undefined":49,"s:324:8:324:Infinity":193,"s:324:29:324:Infinity":194,"s:327:6:331:Infinity":195,"f:327:20:327:35":25,"s:328:26:328:Infinity":196,"s:329:8:329:Infinity":197,"s:330:8:330:Infinity":198,"f:330:27:330:35":26,"s:330:44:330:56":199,"s:333:6:333:Infinity":200,"s:334:6:334:Infinity":201,"s:337:32:337:Infinity":202,"b:337:32:337:60:337:60:337:Infinity":50,"b:338:6:361:Infinity:undefined:undefined:undefined:undefined":51,"s:338:6:361:Infinity":203,"s:339:28:339:Infinity":204,"s:340:8:340:Infinity":205,"s:341:8:341:Infinity":206,"s:342:27:342:Infinity":207,"s:343:8:346:Infinity":208,"s:344:29:344:Infinity":209,"b:344:40:344:72:344:72:344:76":52,"s:345:10:345:Infinity":210,"b:345:25:345:58:345:58:345:Infinity":53,"s:348:29:348:Infinity":211,"s:349:8:349:Infinity":212,"b:349:27:349:57:349:57:349:Infinity":54,"s:351:8:355:Infinity":213,"f:351:20:351:32":27,"s:352:29:352:Infinity":214,"s:353:10:353:Infinity":215,"s:354:10:354:Infinity":216,"s:356:8:358:Infinity":217,"f:356:20:356:31":28,"s:357:10:357:Infinity":218,"s:359:8:359:Infinity":219,"s:360:8:360:Infinity":220,"s:363:27:363:Infinity":221,"b:363:32:363:55:363:55:363:82":55,"s:364:6:364:Infinity":222,"s:365:23:365:Infinity":223,"s:366:25:366:Infinity":224,"s:367:30:367:Infinity":225,"s:369:6:369:Infinity":226,"s:370:6:370:Infinity":227,"s:371:6:371:Infinity":228,"s:372:6:372:Infinity":229,"s:373:6:373:Infinity":230,"s:375:25:375:Infinity":231,"s:376:22:376:Infinity":232,"s:378:6:401:Infinity":233,"f:378:22:378:45":29,"b:379:8:379:Infinity:undefined:undefined:undefined:undefined":56,"s:379:8:379:Infinity":234,"s:379:49:379:Infinity":235,"s:381:22:381:Infinity":236,"s:382:8:382:Infinity":237,"s:384:18:384:Infinity":238,"s:385:8:387:Infinity":239,"s:385:21:385:24":240,"s:386:10:386:Infinity":241,"s:388:24:388:Infinity":242,"b:390:8:400:Infinity:393:15:400:Infinity":57,"s:390:8:400:Infinity":243,"s:391:10:391:Infinity":244,"s:392:10:392:Infinity":245,"b:393:15:400:Infinity:undefined:undefined:undefined:undefined":58,"s:393:15:400:Infinity":246,"b:395:10:399:Infinity:undefined:undefined:undefined:undefined":59,"s:395:10:399:Infinity":247,"s:396:12:396:Infinity":248,"s:397:12:397:Infinity":249,"s:398:12:398:Infinity":250,"s:403:6:403:Infinity":251,"s:407:8:421:Infinity":252,"f:407:8:407:30":30,"b:408:4:420:Infinity:undefined:undefined:undefined:undefined":60,"s:408:4:420:Infinity":253,"b:408:8:408:36:408:36:408:84":61,"s:409:6:409:Infinity":254,"s:410:6:410:Infinity":255,"b:411:6:414:Infinity:undefined:undefined:undefined:undefined":62,"s:411:6:414:Infinity":256,"s:412:8:412:Infinity":257,"s:413:8:413:Infinity":258,"b:415:6:419:Infinity:undefined:undefined:undefined:undefined":63,"s:415:6:419:Infinity":259,"s:416:8:418:Infinity":260,"s:417:10:417:Infinity":261,"s:423:22:509:Infinity":262,"f:423:22:423:34":31,"s:424:21:424:Infinity":263,"s:425:18:425:Infinity":264,"s:426:17:426:Infinity":265,"b:428:4:477:Infinity:469:11:477:Infinity":64,"s:428:4:477:Infinity":266,"b:429:6:434:Infinity:undefined:undefined:undefined:undefined":65,"s:429:6:434:Infinity":267,"s:430:8:430:Infinity":268,"s:431:8:431:Infinity":269,"s:432:8:432:Infinity":270,"s:433:8:433:Infinity":271,"s:435:6:435:Infinity":272,"s:436:6:436:Infinity":273,"s:438:6:468:Infinity":274,"s:439:22:439:Infinity":275,"s:440:25:440:Infinity":276,"s:441:8:441:Infinity":277,"s:442:8:442:Infinity":278,"b:443:8:445:Infinity:undefined:undefined:undefined:undefined":66,"s:443:8:445:Infinity":279,"s:444:10:444:Infinity":280,"s:446:8:446:Infinity":281,"s:448:20:452:Infinity":282,"s:454:21:454:Infinity":283,"b:456:8:464:Infinity:461:15:464:Infinity":67,"s:456:8:464:Infinity":284,"s:457:10:457:Infinity":285,"s:458:10:458:Infinity":286,"s:459:10:459:Infinity":287,"b:459:63:459:87:459:87:459:Infinity":68,"s:460:10:460:Infinity":288,"s:462:10:462:Infinity":289,"s:463:10:463:Infinity":290,"s:466:8:466:Infinity":291,"s:467:8:467:Infinity":292,"b:470:6:470:Infinity:undefined:undefined:undefined:undefined":69,"s:470:6:470:Infinity":293,"s:470:27:470:Infinity":294,"s:472:6:472:Infinity":295,"s:473:6:473:Infinity":296,"b:473:25:473:44:473:44:473:Infinity":70,"b:473:58:473:79:473:79:473:Infinity":71,"s:474:6:474:Infinity":297,"s:475:6:475:Infinity":298,"s:476:6:476:Infinity":299,"s:480:4:492:Infinity":300,"s:481:20:481:Infinity":301,"s:482:6:489:Infinity":302,"s:491:6:491:Infinity":303,"b:494:4:508:Infinity:497:11:508:Infinity":72,"s:494:4:508:Infinity":304,"s:495:6:495:Infinity":305,"s:496:6:496:Infinity":306,"f:496:6:496:16":32,"s:496:21:496:26":307,"s:498:6:498:Infinity":308,"s:499:6:499:Infinity":309,"s:500:6:500:Infinity":310,"s:501:6:501:Infinity":311,"f:501:6:501:23":33,"s:501:23:501:45":312,"b:502:6:507:Infinity:504:13:507:Infinity":73,"s:502:6:507:Infinity":313,"s:503:8:503:Infinity":314,"f:503:8:503:18":34,"s:503:23:503:28":315,"s:505:8:505:Infinity":316,"s:506:8:506:Infinity":317,"s:511:21:534:Infinity":318,"f:511:21:511:33":35,"s:512:4:512:Infinity":319,"s:513:4:513:Infinity":320,"s:514:4:514:Infinity":321,"s:515:4:515:Infinity":322,"s:516:4:516:Infinity":323,"s:517:4:517:Infinity":324,"s:518:4:518:Infinity":325,"b:520:4:533:Infinity:522:11:533:Infinity":74,"s:520:4:533:Infinity":326,"s:521:6:521:Infinity":327,"s:523:22:523:Infinity":328,"s:524:21:524:Infinity":329,"b:525:6:531:Infinity:528:13:531:Infinity":75,"s:525:6:531:Infinity":330,"s:526:8:526:Infinity":331,"b:526:21:526:40:526:40:526:46":76,"s:527:8:527:Infinity":332,"b:527:23:527:45:527:45:527:47":77,"s:529:8:529:Infinity":333,"s:530:8:530:Infinity":334,"s:532:6:532:Infinity":335,"s:536:25:550:Infinity":336,"f:536:25:536:37":36,"s:537:4:548:Infinity":337,"s:538:20:538:Infinity":338,"s:539:18:542:Infinity":339,"b:543:6:545:Infinity:undefined:undefined:undefined:undefined":78,"s:543:6:545:Infinity":340,"s:544:8:544:Infinity":341,"s:547:6:547:Infinity":342,"s:549:4:549:Infinity":343,"b:552:2:552:Infinity:undefined:undefined:undefined:undefined":79,"s:552:2:552:Infinity":344,"s:552:15:552:Infinity":345,"b:554:2:568:Infinity:undefined:undefined:undefined:undefined":80,"s:554:2:568:Infinity":346,"s:555:4:566:Infinity":347,"b:570:2:604:Infinity:undefined:undefined:undefined:undefined":81,"s:570:2:604:Infinity":348,"s:571:24:573:Infinity":349,"b:572:9:572:Infinity:573:8:573:Infinity":82,"b:572:32:572:60:572:60:572:Infinity":83,"b:572:83:572:119:572:119:572:Infinity":84,"b:572:142:572:181:572:181:572:Infinity":85,"s:575:10:581:Infinity":350,"f:575:10:575:35":37,"b:576:6:580:Infinity:578:13:580:Infinity":86,"s:576:6:580:Infinity":351,"s:577:8:577:Infinity":352,"b:579:8:579:Infinity:579:37:579:Infinity":87,"s:579:8:579:Infinity":353,"s:579:21:579:37":354,"s:579:37:579:Infinity":355,"s:583:4:602:Infinity":356,"b:593:15:593:29:593:29:593:Infinity":88,"s:606:22:606:Infinity":357,"b:606:22:606:39:606:39:606:Infinity":89,"s:607:14:607:Infinity":358,"b:607:14:607:47:607:47:607:Infinity":90,"b:609:2:735:Infinity:undefined:undefined:undefined:undefined":91,"s:609:2:735:Infinity":359,"b:609:6:609:27:609:27:609:50":92,"s:610:22:610:Infinity":360,"s:611:20:611:Infinity":361,"b:612:4:619:Infinity:undefined:undefined:undefined:undefined":93,"s:612:4:619:Infinity":362,"s:613:6:618:Infinity":363,"f:613:34:613:43":38,"b:614:8:617:Infinity:undefined:undefined:undefined:undefined":94,"s:614:8:617:Infinity":364,"s:615:10:615:Infinity":365,"s:616:10:616:Infinity":366,"s:621:4:733:Infinity":367,"f:627:14:627:29":39,"s:627:29:627:Infinity":368,"b:627:39:627:51:627:51:627:Infinity":95,"b:642:15:642:Infinity:643:16:681:Infinity":96,"f:648:49:648:54":40,"s:649:39:649:Infinity":369,"s:650:22:675:Infinity":370,"b:655:47:655:69:655:69:655:Infinity":97,"b:661:27:661:Infinity:662:28:664:Infinity":98,"b:671:101:671:113:671:113:671:124":99,"f:685:72:685:76":41,"s:686:38:686:Infinity":371,"b:686:38:686:59:686:59:686:81:686:81:686:112:686:112:686:134:686:134:686:165:686:165:686:188:686:188:686:220:686:220:686:244:686:244:686:Infinity":100,"s:687:16:725:Infinity":372,"f:690:20:690:35":42,"s:690:35:690:Infinity":373,"b:697:46:697:68:697:68:697:Infinity":101,"b:698:50:698:62:698:62:698:Infinity":102,"f:706:20:706:35":43,"s:706:43:706:97":374,"s:706:97:706:162":375,"f:707:20:707:35":44,"s:707:43:707:85":376,"s:707:85:707:149":377,"b:714:25:714:Infinity:715:26:719:Infinity":103,"s:737:19:737:Infinity":378,"s:739:8:748:Infinity":379,"f:739:8:739:27":45,"b:741:6:741:Infinity:742:6:742:Infinity:743:6:743:Infinity:744:6:744:Infinity:745:6:745:Infinity:746:6:746:Infinity":104,"s:740:4:747:Infinity":380,"s:741:18:741:Infinity":381,"s:742:22:742:Infinity":382,"s:743:22:743:Infinity":383,"s:744:24:744:Infinity":384,"s:745:21:745:Infinity":385,"s:746:15:746:Infinity":386,"s:750:8:764:Infinity":387,"f:750:8:750:Infinity":46,"s:751:4:764:Infinity":388,"f:753:26:753:30":47,"s:754:10:761:Infinity":389,"b:756:62:756:75:756:75:756:Infinity":105,"f:757:12:757:27":48,"s:757:27:757:Infinity":390,"s:767:8:786:Infinity":391,"f:767:8:767:Infinity":49,"s:768:4:786:Infinity":392,"b:774:10:778:11:778:10:782:9":106,"b:783:25:783:66:783:66:783:Infinity":107,"b:783:78:783:98:783:98:783:Infinity":108,"s:789:8:808:Infinity":393,"f:789:8:789:Infinity":50,"s:790:4:808:Infinity":394,"f:792:43:792:58":51,"s:792:58:792:82":395,"f:795:48:795:63":52,"s:795:63:795:93":396,"f:804:8:804:19":53,"s:804:25:804:Infinity":397,"s:811:8:830:Infinity":398,"f:811:8:811:Infinity":54,"s:812:4:830:Infinity":399,"f:814:43:814:58":55,"s:814:58:814:87":400,"f:817:48:817:63":56,"s:817:63:817:98":401,"f:826:8:826:19":57,"s:826:25:826:Infinity":402,"s:833:8:854:Infinity":403,"f:833:8:833:Infinity":58,"s:834:4:854:Infinity":404,"b:836:9:836:27:836:27:836:Infinity":109,"b:839:9:839:27:839:27:849:Infinity":110,"f:839:42:839:46":59,"s:840:10:848:Infinity":405,"f:844:12:844:27":60,"s:844:27:844:Infinity":406,"f:844:27:844:45":61,"s:844:53:844:78":407,"b:844:60:844:77:844:77:844:78":111,"b:845:22:845:35:845:35:845:Infinity":112,"f:851:14:851:29":62,"s:851:29:851:52":408,"s:857:2:957:Infinity":409,"f:865:14:865:29":63,"b:866:16:870:Infinity:868:23:870:Infinity":113,"s:866:16:870:Infinity":410,"s:867:18:867:Infinity":411,"b:869:18:869:Infinity:869:47:869:Infinity":114,"s:869:18:869:Infinity":412,"s:869:31:869:47":413,"s:869:47:869:Infinity":414,"b:886:62:886:72:886:72:886:78":115,"b:889:15:889:Infinity:890:16:894:Infinity":116,"f:903:14:903:29":64,"b:903:31:903:99:undefined:undefined:undefined:undefined":117,"s:903:31:903:99":415,"b:903:34:903:47:903:47:903:58":118,"s:903:60:903:78":416,"f:903:60:903:69":65,"s:903:72:903:75":417,"s:903:78:903:97":418,"b:904:217:904:229:904:229:904:244":119,"b:907:52:907:64:907:64:907:73":120,"b:910:11:910:Infinity:911:12:913:Infinity":121,"b:912:24:912:43:912:43:912:60:912:60:912:Infinity":122,"b:918:11:918:38:918:38:918:Infinity":123,"b:919:11:919:42:919:42:919:Infinity":124,"b:920:11:920:42:920:42:920:Infinity":125,"b:921:11:921:44:921:44:921:Infinity":126,"b:922:11:922:41:922:41:922:Infinity":127,"b:926:11:926:24:926:24:926:Infinity:927:12:936:12":128,"b:927:56:927:68:927:68:927:83":129,"b:927:233:927:245:927:245:927:256":130,"b:927:289:927:301:927:301:927:314":131,"b:927:333:927:345:927:345:927:355":132,"b:928:27:928:56:928:55:929:15":133,"b:930:75:930:88:930:88:930:104":134,"b:937:12:946:13:946:12:954:Infinity":135,"b:940:25:940:44:940:44:940:77:940:77:940:108:940:108:940:123:940:123:940:Infinity":136,"b:943:68:943:85:943:85:943:Infinity":137,"b:951:65:951:83:951:83:951:Infinity":138},"fnNames":{}}}
}
